TN:
SF:app\layout.tsx
FN:12,RootLayout
FNF:1
FNH:0
FNDA:0,RootLayout
DA:1,0
DA:3,0
DA:5,0
DA:7,0
DA:12,0
DA:17,0
LF:6
LH:0
BRF:0
BRH:0
end_of_record
TN:
SF:app\page.tsx
FN:15,Home
FN:28,(anonymous_2)
FN:48,(anonymous_3)
FN:49,(anonymous_4)
FN:52,(anonymous_5)
FN:53,(anonymous_6)
FN:61,(anonymous_7)
FN:63,(anonymous_8)
FN:67,(anonymous_9)
FN:68,(anonymous_10)
FN:71,(anonymous_11)
FN:81,(anonymous_12)
FN:114,(anonymous_13)
FN:119,(anonymous_14)
FN:126,(anonymous_15)
FN:130,(anonymous_16)
FN:151,(anonymous_17)
FN:180,(anonymous_18)
FN:188,(anonymous_19)
FN:211,(anonymous_20)
FN:274,(anonymous_21)
FN:291,(anonymous_22)
FN:323,(anonymous_23)
FN:324,(anonymous_24)
FN:330,(anonymous_25)
FN:332,(anonymous_26)
FN:338,(anonymous_27)
FN:344,(anonymous_28)
FNF:28
FNH:0
FNDA:0,Home
FNDA:0,(anonymous_2)
FNDA:0,(anonymous_3)
FNDA:0,(anonymous_4)
FNDA:0,(anonymous_5)
FNDA:0,(anonymous_6)
FNDA:0,(anonymous_7)
FNDA:0,(anonymous_8)
FNDA:0,(anonymous_9)
FNDA:0,(anonymous_10)
FNDA:0,(anonymous_11)
FNDA:0,(anonymous_12)
FNDA:0,(anonymous_13)
FNDA:0,(anonymous_14)
FNDA:0,(anonymous_15)
FNDA:0,(anonymous_16)
FNDA:0,(anonymous_17)
FNDA:0,(anonymous_18)
FNDA:0,(anonymous_19)
FNDA:0,(anonymous_20)
FNDA:0,(anonymous_21)
FNDA:0,(anonymous_22)
FNDA:0,(anonymous_23)
FNDA:0,(anonymous_24)
FNDA:0,(anonymous_25)
FNDA:0,(anonymous_26)
FNDA:0,(anonymous_27)
FNDA:0,(anonymous_28)
DA:3,0
DA:5,0
DA:6,0
DA:7,0
DA:8,0
DA:9,0
DA:10,0
DA:11,0
DA:12,0
DA:13,0
DA:15,0
DA:17,0
DA:18,0
DA:19,0
DA:28,0
DA:29,0
DA:36,0
DA:39,0
DA:48,0
DA:49,0
DA:52,0
DA:53,0
DA:58,0
DA:61,0
DA:63,0
DA:65,0
DA:67,0
DA:68,0
DA:69,0
DA:71,0
DA:77,0
DA:81,0
DA:83,0
DA:89,0
DA:92,0
DA:94,0
DA:101,0
DA:102,0
DA:103,0
DA:105,0
DA:106,0
DA:107,0
DA:108,0
DA:109,0
DA:110,0
DA:111,0
DA:114,0
DA:115,0
DA:116,0
DA:118,0
DA:119,0
DA:120,0
DA:121,0
DA:124,0
DA:125,0
DA:126,0
DA:127,0
DA:128,0
DA:130,0
DA:146,0
DA:151,0
DA:159,0
DA:160,0
DA:161,0
DA:163,0
DA:166,0
DA:170,0
DA:172,0
DA:173,0
DA:176,0
DA:180,0
DA:181,0
DA:182,0
DA:183,0
DA:184,0
DA:188,0
DA:189,0
DA:208,0
DA:211,0
DA:212,0
DA:214,0
DA:221,0
DA:224,0
DA:228,0
DA:275,0
DA:277,0
DA:278,0
DA:280,0
DA:281,0
DA:282,0
DA:283,0
DA:284,0
DA:285,0
DA:288,0
DA:291,0
DA:323,0
DA:324,0
DA:330,0
DA:332,0
DA:338,0
DA:344,0
LF:101
LH:0
BRDA:67,0,0,0
BRDA:67,0,1,0
BRDA:89,1,0,0
BRDA:89,1,1,0
BRDA:115,2,0,0
BRDA:115,2,1,0
BRDA:115,3,0,0
BRDA:115,3,1,0
BRDA:116,4,0,0
BRDA:116,4,1,0
BRDA:121,5,0,0
BRDA:121,5,1,0
BRDA:121,6,0,0
BRDA:121,6,1,0
BRDA:125,7,0,0
BRDA:125,7,1,0
BRDA:125,8,0,0
BRDA:125,8,1,0
BRDA:128,9,0,0
BRDA:128,9,1,0
BRDA:159,10,0,0
BRDA:159,10,1,0
BRDA:160,11,0,0
BRDA:160,11,1,0
BRDA:182,12,0,0
BRDA:182,12,1,0
BRDA:183,13,0,0
BRDA:183,13,1,0
BRDA:208,14,0,0
BRDA:208,14,1,0
BRDA:212,15,0,0
BRDA:212,15,1,0
BRDA:280,16,0,0
BRDA:280,16,1,0
BRDA:280,17,0,0
BRDA:280,17,1,0
BRDA:283,18,0,0
BRDA:283,18,1,0
BRDA:283,19,0,0
BRDA:283,19,1,0
BRDA:283,19,2,0
BRDA:291,20,0,0
BRDA:291,20,1,0
BRDA:294,21,0,0
BRDA:294,21,1,0
BRDA:296,22,0,0
BRDA:296,22,1,0
BRDA:300,23,0,0
BRDA:300,23,1,0
BRDA:305,24,0,0
BRDA:305,24,1,0
BRDA:314,25,0,0
BRDA:314,25,1,0
BRDA:314,25,2,0
BRDA:320,26,0,0
BRDA:320,26,1,0
BRDA:327,27,0,0
BRDA:327,27,1,0
BRDA:335,28,0,0
BRDA:335,28,1,0
BRDA:341,29,0,0
BRDA:341,29,1,0
BRDA:347,30,0,0
BRDA:347,30,1,0
BRDA:354,31,0,0
BRDA:354,31,1,0
BRF:66
BRH:0
end_of_record
TN:
SF:app\api\fetch-disa-rss\route.ts
FN:7,GET
FN:75,parseDisaRss
FN:126,extractStigId
FNF:3
FNH:0
FNDA:0,GET
FNDA:0,parseDisaRss
FNDA:0,extractStigId
DA:1,0
DA:7,0
DA:9,0
DA:23,0
DA:24,0
DA:26,0
DA:28,0
DA:37,0
DA:38,0
DA:39,0
DA:46,0
DA:49,0
DA:51,0
DA:53,0
DA:61,0
DA:64,0
DA:76,0
DA:78,0
DA:82,0
DA:83,0
DA:84,0
DA:85,0
DA:86,0
DA:89,0
DA:90,0
DA:92,0
DA:93,0
DA:94,0
DA:95,0
DA:97,0
DA:98,0
DA:99,0
DA:102,0
DA:103,0
DA:105,0
DA:117,0
DA:120,0
DA:128,0
DA:129,0
DA:132,0
LF:40
LH:0
BRDA:37,0,0,0
BRDA:37,0,1,0
BRDA:66,1,0,0
BRDA:66,1,1,0
BRDA:97,2,0,0
BRDA:97,2,1,0
BRDA:99,3,0,0
BRDA:99,3,1,0
BRDA:103,4,0,0
BRDA:103,4,1,0
BRDA:103,5,0,0
BRDA:103,5,1,0
BRDA:103,6,0,0
BRDA:103,6,1,0
BRDA:109,7,0,0
BRDA:109,7,1,0
BRDA:110,8,0,0
BRDA:110,8,1,0
BRDA:129,9,0,0
BRDA:129,9,1,0
BRF:20
BRH:0
end_of_record
TN:
SF:app\api\fetch-stig-csv\route.ts
FN:8,GET
FNF:1
FNH:0
FNDA:0,GET
DA:1,0
DA:8,0
DA:10,0
LF:3
LH:0
BRF:0
BRH:0
end_of_record
TN:
SF:app\api\import-stig\route.ts
FN:44,GET
FN:147,parseStigCsv
FN:200,(anonymous_3)
FN:244,(anonymous_4)
FN:266,(anonymous_5)
FN:268,(anonymous_6)
FN:316,(anonymous_7)
FN:320,(anonymous_8)
FN:392,POST
FN:461,fetchRequirementDetails
FN:526,parseStigViewerJson
FN:542,(anonymous_12)
FN:576,(anonymous_13)
FN:600,parseStigViewerHtml
FN:680,(anonymous_15)
FN:749,(anonymous_16)
FN:762,(anonymous_17)
FN:797,parseXccdfXml
FN:907,stripHtml
FNF:19
FNH:0
FNDA:0,GET
FNDA:0,parseStigCsv
FNDA:0,(anonymous_3)
FNDA:0,(anonymous_4)
FNDA:0,(anonymous_5)
FNDA:0,(anonymous_6)
FNDA:0,(anonymous_7)
FNDA:0,(anonymous_8)
FNDA:0,POST
FNDA:0,fetchRequirementDetails
FNDA:0,parseStigViewerJson
FNDA:0,(anonymous_12)
FNDA:0,(anonymous_13)
FNDA:0,parseStigViewerHtml
FNDA:0,(anonymous_15)
FNDA:0,(anonymous_16)
FNDA:0,(anonymous_17)
FNDA:0,parseXccdfXml
FNDA:0,stripHtml
DA:1,0
DA:2,0
DA:3,0
DA:44,0
DA:45,0
DA:46,0
DA:47,0
DA:49,0
DA:50,0
DA:57,0
DA:59,0
DA:60,0
DA:62,0
DA:63,0
DA:64,0
DA:66,0
DA:67,0
DA:70,0
DA:72,0
DA:73,0
DA:74,0
DA:76,0
DA:77,0
DA:87,0
DA:88,0
DA:90,0
DA:91,0
DA:104,0
DA:108,0
DA:113,0
DA:116,0
DA:131,0
DA:132,0
DA:148,0
DA:151,0
DA:152,0
DA:153,0
DA:155,0
DA:156,0
DA:157,0
DA:159,0
DA:161,0
DA:162,0
DA:163,0
DA:165,0
DA:166,0
DA:168,0
DA:169,0
DA:170,0
DA:172,0
DA:173,0
DA:175,0
DA:177,0
DA:182,0
DA:183,0
DA:186,0
DA:188,0
DA:189,0
DA:200,0
DA:201,0
DA:202,0
DA:203,0
DA:205,0
DA:206,0
DA:207,0
DA:209,0
DA:210,0
DA:212,0
DA:213,0
DA:215,0
DA:217,0
DA:218,0
DA:219,0
DA:221,0
DA:224,0
DA:225,0
DA:229,0
DA:230,0
DA:232,0
DA:233,0
DA:234,0
DA:237,0
DA:238,0
DA:242,0
DA:243,0
DA:244,0
DA:245,0
DA:246,0
DA:250,0
DA:251,0
DA:252,0
DA:262,0
DA:263,0
DA:266,0
DA:267,0
DA:268,0
DA:269,0
DA:270,0
DA:271,0
DA:274,0
DA:275,0
DA:278,0
DA:279,0
DA:280,0
DA:281,0
DA:282,0
DA:283,0
DA:284,0
DA:285,0
DA:287,0
DA:298,0
DA:299,0
DA:301,0
DA:304,0
DA:305,0
DA:306,0
DA:308,0
DA:310,0
DA:311,0
DA:315,0
DA:316,0
DA:317,0
DA:318,0
DA:320,0
DA:321,0
DA:322,0
DA:326,0
DA:327,0
DA:329,0
DA:330,0
DA:331,0
DA:333,0
DA:336,0
DA:337,0
DA:341,0
DA:342,0
DA:345,0
DA:346,0
DA:347,0
DA:348,0
DA:349,0
DA:350,0
DA:354,0
DA:355,0
DA:359,0
DA:360,0
DA:361,0
DA:363,0
DA:376,0
DA:378,0
DA:392,0
DA:393,0
DA:394,0
DA:395,0
DA:397,0
DA:398,0
DA:405,0
DA:406,0
DA:407,0
DA:409,0
DA:410,0
DA:416,0
DA:419,0
DA:423,0
DA:425,0
DA:428,0
DA:431,0
DA:432,0
DA:435,0
DA:437,0
DA:445,0
DA:446,0
DA:462,0
DA:463,0
DA:464,0
DA:466,0
DA:475,0
DA:476,0
DA:479,0
DA:482,0
DA:486,0
DA:498,0
DA:501,0
DA:512,0
DA:515,0
DA:527,0
DA:529,0
DA:530,0
DA:531,0
DA:532,0
DA:533,0
DA:535,0
DA:537,0
DA:538,0
DA:540,0
DA:542,0
DA:543,0
DA:544,0
DA:548,0
DA:549,0
DA:551,0
DA:552,0
DA:553,0
DA:554,0
DA:556,0
DA:559,0
DA:572,0
DA:575,0
DA:576,0
DA:577,0
DA:579,0
DA:581,0
DA:591,0
DA:592,0
DA:601,0
DA:603,0
DA:605,0
DA:606,0
DA:609,0
DA:610,0
DA:613,0
DA:616,0
DA:618,0
DA:623,0
DA:625,0
DA:627,0
DA:628,0
DA:629,0
DA:630,0
DA:631,0
DA:634,0
DA:637,0
DA:638,0
DA:641,0
DA:642,0
DA:645,0
DA:646,0
DA:648,0
DA:651,0
DA:652,0
DA:653,0
DA:656,0
DA:657,0
DA:659,0
DA:662,0
DA:665,0
DA:666,0
DA:667,0
DA:670,0
DA:672,0
DA:673,0
DA:674,0
DA:675,0
DA:676,0
DA:677,0
DA:680,0
DA:685,0
DA:688,0
DA:690,0
DA:692,0
DA:693,0
DA:696,0
DA:697,0
DA:698,0
DA:701,0
DA:702,0
DA:703,0
DA:704,0
DA:705,0
DA:706,0
DA:708,0
DA:712,0
DA:715,0
DA:719,0
DA:720,0
DA:723,0
DA:724,0
DA:727,0
DA:728,0
DA:730,0
DA:742,0
DA:745,0
DA:748,0
DA:749,0
DA:750,0
DA:752,0
DA:755,0
DA:756,0
DA:759,0
DA:760,0
DA:762,0
DA:763,0
DA:776,0
DA:779,0
DA:789,0
DA:790,0
DA:798,0
DA:800,0
DA:802,0
DA:807,0
DA:808,0
DA:811,0
DA:813,0
DA:816,0
DA:818,0
DA:821,0
DA:824,0
DA:825,0
DA:826,0
DA:829,0
DA:831,0
DA:832,0
DA:833,0
DA:834,0
DA:837,0
DA:838,0
DA:841,0
DA:842,0
DA:845,0
DA:846,0
DA:849,0
DA:850,0
DA:853,0
DA:854,0
DA:856,0
DA:857,0
DA:861,0
DA:862,0
DA:864,0
DA:865,0
DA:866,0
DA:867,0
DA:871,0
DA:885,0
DA:886,0
DA:889,0
DA:899,0
DA:900,0
DA:908,0
LF:339
LH:0
BRDA:49,0,0,0
BRDA:49,0,1,0
BRDA:59,1,0,0
BRDA:59,1,1,0
BRDA:66,2,0,0
BRDA:66,2,1,0
BRDA:66,3,0,0
BRDA:66,3,1,0
BRDA:70,4,0,0
BRDA:70,4,1,0
BRDA:72,5,0,0
BRDA:72,5,1,0
BRDA:76,6,0,0
BRDA:76,6,1,0
BRDA:90,7,0,0
BRDA:90,7,1,0
BRDA:159,8,0,0
BRDA:159,8,1,0
BRDA:161,9,0,0
BRDA:161,9,1,0
BRDA:168,10,0,0
BRDA:168,10,1,0
BRDA:168,11,0,0
BRDA:168,11,1,0
BRDA:169,12,0,0
BRDA:169,12,1,0
BRDA:173,13,0,0
BRDA:173,13,1,0
BRDA:182,14,0,0
BRDA:182,14,1,0
BRDA:188,15,0,0
BRDA:188,15,1,0
BRDA:209,16,0,0
BRDA:209,16,1,0
BRDA:210,17,0,0
BRDA:210,17,1,0
BRDA:210,18,0,0
BRDA:210,18,1,0
BRDA:217,19,0,0
BRDA:217,19,1,0
BRDA:217,20,0,0
BRDA:217,20,1,0
BRDA:237,21,0,0
BRDA:237,21,1,0
BRDA:237,22,0,0
BRDA:237,22,1,0
BRDA:237,22,2,0
BRDA:242,23,0,0
BRDA:242,23,1,0
BRDA:242,24,0,0
BRDA:242,24,1,0
BRDA:242,24,2,0
BRDA:250,25,0,0
BRDA:250,25,1,0
BRDA:269,26,0,0
BRDA:269,26,1,0
BRDA:306,27,0,0
BRDA:306,27,1,0
BRDA:310,28,0,0
BRDA:310,28,1,0
BRDA:315,29,0,0
BRDA:315,29,1,0
BRDA:315,30,0,0
BRDA:315,30,1,0
BRDA:317,31,0,0
BRDA:317,31,1,0
BRDA:317,32,0,0
BRDA:317,32,1,0
BRDA:320,33,0,0
BRDA:320,33,1,0
BRDA:321,34,0,0
BRDA:321,34,1,0
BRDA:321,35,0,0
BRDA:321,35,1,0
BRDA:326,36,0,0
BRDA:326,36,1,0
BRDA:327,37,0,0
BRDA:327,37,1,0
BRDA:329,38,0,0
BRDA:329,38,1,0
BRDA:330,39,0,0
BRDA:330,39,1,0
BRDA:336,40,0,0
BRDA:336,40,1,0
BRDA:341,41,0,0
BRDA:341,41,1,0
BRDA:345,42,0,0
BRDA:345,42,1,0
BRDA:345,43,0,0
BRDA:345,43,1,0
BRDA:345,43,2,0
BRDA:345,43,3,0
BRDA:347,44,0,0
BRDA:347,44,1,0
BRDA:347,45,0,0
BRDA:347,45,1,0
BRDA:347,45,2,0
BRDA:347,45,3,0
BRDA:349,46,0,0
BRDA:349,46,1,0
BRDA:349,47,0,0
BRDA:349,47,1,0
BRDA:349,47,2,0
BRDA:349,47,3,0
BRDA:354,48,0,0
BRDA:354,48,1,0
BRDA:359,49,0,0
BRDA:359,49,1,0
BRDA:361,50,0,0
BRDA:361,50,1,0
BRDA:367,51,0,0
BRDA:367,51,1,0
BRDA:368,52,0,0
BRDA:368,52,1,0
BRDA:369,53,0,0
BRDA:369,53,1,0
BRDA:370,54,0,0
BRDA:370,54,1,0
BRDA:397,55,0,0
BRDA:397,55,1,0
BRDA:406,56,0,0
BRDA:406,56,1,0
BRDA:409,57,0,0
BRDA:409,57,1,0
BRDA:409,58,0,0
BRDA:409,58,1,0
BRDA:423,59,0,0
BRDA:423,59,1,0
BRDA:431,60,0,0
BRDA:431,60,1,0
BRDA:432,61,0,0
BRDA:432,61,1,0
BRDA:475,62,0,0
BRDA:475,62,1,0
BRDA:482,63,0,0
BRDA:482,63,1,0
BRDA:482,63,2,0
BRDA:486,64,0,0
BRDA:486,64,1,0
BRDA:498,65,0,0
BRDA:498,65,1,0
BRDA:501,66,0,0
BRDA:501,66,1,0
BRDA:530,67,0,0
BRDA:530,67,1,0
BRDA:531,68,0,0
BRDA:531,68,1,0
BRDA:532,69,0,0
BRDA:532,69,1,0
BRDA:533,70,0,0
BRDA:533,70,1,0
BRDA:537,71,0,0
BRDA:537,71,1,0
BRDA:544,72,0,0
BRDA:544,72,1,0
BRDA:549,73,0,0
BRDA:549,73,1,0
BRDA:549,73,2,0
BRDA:551,74,0,0
BRDA:551,74,1,0
BRDA:551,75,0,0
BRDA:551,75,1,0
BRDA:551,75,2,0
BRDA:551,75,3,0
BRDA:553,76,0,0
BRDA:553,76,1,0
BRDA:553,77,0,0
BRDA:553,77,1,0
BRDA:553,77,2,0
BRDA:553,77,3,0
BRDA:561,78,0,0
BRDA:561,78,1,0
BRDA:561,78,2,0
BRDA:561,78,3,0
BRDA:563,79,0,0
BRDA:563,79,1,0
BRDA:563,79,2,0
BRDA:563,79,3,0
BRDA:564,80,0,0
BRDA:564,80,1,0
BRDA:564,80,2,0
BRDA:564,80,3,0
BRDA:565,81,0,0
BRDA:565,81,1,0
BRDA:565,81,2,0
BRDA:565,81,3,0
BRDA:565,81,4,0
BRDA:566,82,0,0
BRDA:566,82,1,0
BRDA:566,82,2,0
BRDA:566,82,3,0
BRDA:566,82,4,0
BRDA:567,83,0,0
BRDA:567,83,1,0
BRDA:567,83,2,0
BRDA:568,84,0,0
BRDA:568,84,1,0
BRDA:568,84,2,0
BRDA:577,85,0,0
BRDA:577,85,1,0
BRDA:606,86,0,0
BRDA:606,86,1,0
BRDA:609,87,0,0
BRDA:609,87,1,0
BRDA:610,88,0,0
BRDA:610,88,1,0
BRDA:613,89,0,0
BRDA:613,89,1,0
BRDA:613,89,2,0
BRDA:616,90,0,0
BRDA:616,90,1,0
BRDA:628,91,0,0
BRDA:628,91,1,0
BRDA:646,92,0,0
BRDA:646,92,1,0
BRDA:653,93,0,0
BRDA:653,93,1,0
BRDA:653,94,0,0
BRDA:653,94,1,0
BRDA:657,95,0,0
BRDA:657,95,1,0
BRDA:666,96,0,0
BRDA:666,96,1,0
BRDA:672,97,0,0
BRDA:672,97,1,0
BRDA:672,98,0,0
BRDA:672,98,1,0
BRDA:675,99,0,0
BRDA:675,99,1,0
BRDA:698,100,0,0
BRDA:698,100,1,0
BRDA:703,101,0,0
BRDA:703,101,1,0
BRDA:703,102,0,0
BRDA:703,102,1,0
BRDA:703,102,2,0
BRDA:703,102,3,0
BRDA:705,103,0,0
BRDA:705,103,1,0
BRDA:705,104,0,0
BRDA:705,104,1,0
BRDA:705,104,2,0
BRDA:720,105,0,0
BRDA:720,105,1,0
BRDA:720,106,0,0
BRDA:720,106,1,0
BRDA:728,107,0,0
BRDA:728,107,1,0
BRDA:750,108,0,0
BRDA:750,108,1,0
BRDA:755,109,0,0
BRDA:755,109,1,0
BRDA:760,110,0,0
BRDA:760,110,1,0
BRDA:808,111,0,0
BRDA:808,111,1,0
BRDA:811,112,0,0
BRDA:811,112,1,0
BRDA:813,113,0,0
BRDA:813,113,1,0
BRDA:816,114,0,0
BRDA:816,114,1,0
BRDA:818,115,0,0
BRDA:818,115,1,0
BRDA:831,116,0,0
BRDA:831,116,1,0
BRDA:838,117,0,0
BRDA:838,117,1,0
BRDA:842,118,0,0
BRDA:842,118,1,0
BRDA:846,119,0,0
BRDA:846,119,1,0
BRDA:850,120,0,0
BRDA:850,120,1,0
BRDA:866,121,0,0
BRDA:866,121,1,0
BRDA:866,122,0,0
BRDA:866,122,1,0
BRDA:879,123,0,0
BRDA:879,123,1,0
BRDA:880,124,0,0
BRDA:880,124,1,0
BRDA:885,125,0,0
BRDA:885,125,1,0
BRF:284
BRH:0
end_of_record
TN:
SF:app\api\local-stigs\route.ts
FN:9,GET
FNF:1
FNH:0
FNDA:0,GET
DA:6,0
DA:7,0
DA:9,0
DA:10,0
DA:11,0
DA:12,0
DA:14,0
DA:15,0
DA:16,0
DA:23,0
DA:25,0
DA:32,0
DA:33,0
LF:13
LH:0
BRDA:14,0,0,0
BRDA:14,0,1,0
BRDA:36,1,0,0
BRDA:36,1,1,0
BRF:4
BRH:0
end_of_record
TN:
SF:components\ControlForm.tsx
FN:12,RequirementForm
FN:29,(anonymous_1)
FN:34,(anonymous_2)
FN:59,(anonymous_3)
FN:65,(anonymous_4)
FN:67,(anonymous_5)
FN:71,(anonymous_6)
FN:97,(anonymous_7)
FN:126,(anonymous_8)
FN:126,(anonymous_9)
FN:138,(anonymous_10)
FN:138,(anonymous_11)
FN:153,(anonymous_12)
FN:153,(anonymous_13)
FN:165,(anonymous_14)
FN:165,(anonymous_15)
FN:194,(anonymous_16)
FN:194,(anonymous_17)
FN:212,(anonymous_18)
FN:212,(anonymous_19)
FN:233,(anonymous_20)
FN:233,(anonymous_21)
FN:265,(anonymous_22)
FN:265,(anonymous_23)
FN:278,(anonymous_24)
FN:278,(anonymous_25)
FN:293,(anonymous_26)
FN:293,(anonymous_27)
FN:308,(anonymous_28)
FN:308,(anonymous_29)
FN:371,(anonymous_30)
FN:439,(anonymous_31)
FN:446,(anonymous_32)
FNF:33
FNH:0
FNDA:0,RequirementForm
FNDA:0,(anonymous_1)
FNDA:0,(anonymous_2)
FNDA:0,(anonymous_3)
FNDA:0,(anonymous_4)
FNDA:0,(anonymous_5)
FNDA:0,(anonymous_6)
FNDA:0,(anonymous_7)
FNDA:0,(anonymous_8)
FNDA:0,(anonymous_9)
FNDA:0,(anonymous_10)
FNDA:0,(anonymous_11)
FNDA:0,(anonymous_12)
FNDA:0,(anonymous_13)
FNDA:0,(anonymous_14)
FNDA:0,(anonymous_15)
FNDA:0,(anonymous_16)
FNDA:0,(anonymous_17)
FNDA:0,(anonymous_18)
FNDA:0,(anonymous_19)
FNDA:0,(anonymous_20)
FNDA:0,(anonymous_21)
FNDA:0,(anonymous_22)
FNDA:0,(anonymous_23)
FNDA:0,(anonymous_24)
FNDA:0,(anonymous_25)
FNDA:0,(anonymous_26)
FNDA:0,(anonymous_27)
FNDA:0,(anonymous_28)
FNDA:0,(anonymous_29)
FNDA:0,(anonymous_30)
FNDA:0,(anonymous_31)
FNDA:0,(anonymous_32)
DA:3,0
DA:5,0
DA:12,0
DA:13,0
DA:14,0
DA:15,0
DA:29,0
DA:30,0
DA:32,0
DA:34,0
DA:35,0
DA:39,0
DA:42,0
DA:53,0
DA:56,0
DA:59,0
DA:60,0
DA:61,0
DA:62,0
DA:65,0
DA:66,0
DA:67,0
DA:71,0
DA:72,0
DA:85,0
DA:86,0
DA:89,0
DA:97,0
DA:126,0
DA:138,0
DA:153,0
DA:165,0
DA:194,0
DA:212,0
DA:233,0
DA:265,0
DA:278,0
DA:293,0
DA:308,0
DA:372,0
DA:439,0
DA:446,0
LF:42
LH:0
BRDA:32,0,0,0
BRDA:32,0,1,0
BRDA:35,1,0,0
BRDA:35,1,1,0
BRDA:66,2,0,0
BRDA:66,2,1,0
BRDA:106,3,0,0
BRDA:106,3,1,0
BRDA:111,4,0,0
BRDA:111,4,1,0
BRDA:125,5,0,0
BRDA:125,5,1,0
BRDA:137,6,0,0
BRDA:137,6,1,0
BRDA:152,7,0,0
BRDA:152,7,1,0
BRDA:164,8,0,0
BRDA:164,8,1,0
BRDA:193,9,0,0
BRDA:193,9,1,0
BRDA:194,10,0,0
BRDA:194,10,1,0
BRDA:211,11,0,0
BRDA:211,11,1,0
BRDA:212,12,0,0
BRDA:212,12,1,0
BRDA:232,13,0,0
BRDA:232,13,1,0
BRDA:264,14,0,0
BRDA:264,14,1,0
BRDA:277,15,0,0
BRDA:277,15,1,0
BRDA:292,16,0,0
BRDA:292,16,1,0
BRDA:307,17,0,0
BRDA:307,17,1,0
BRDA:333,18,0,0
BRDA:333,18,1,0
BRDA:380,19,0,0
BRDA:380,19,1,0
BRDA:391,20,0,0
BRDA:391,20,1,0
BRDA:396,21,0,0
BRDA:396,21,1,0
BRDA:401,22,0,0
BRDA:401,22,1,0
BRDA:408,23,0,0
BRDA:408,23,1,0
BRDA:411,24,0,0
BRDA:411,24,1,0
BRDA:418,25,0,0
BRDA:418,25,1,0
BRDA:419,26,0,0
BRDA:419,26,1,0
BRDA:427,27,0,0
BRDA:427,27,1,0
BRDA:428,28,0,0
BRDA:428,28,1,0
BRDA:429,29,0,0
BRDA:429,29,1,0
BRDA:430,30,0,0
BRDA:430,30,1,0
BRDA:456,31,0,0
BRDA:456,31,1,0
BRF:64
BRH:0
end_of_record
TN:
SF:components\DesignElementForm.tsx
FN:13,DesignElementForm
FN:24,(anonymous_1)
FN:28,(anonymous_2)
FN:51,(anonymous_3)
FN:57,(anonymous_4)
FN:59,(anonymous_5)
FN:63,(anonymous_6)
FN:86,(anonymous_7)
FN:142,(anonymous_8)
FN:142,(anonymous_9)
FN:154,(anonymous_10)
FN:154,(anonymous_11)
FN:172,(anonymous_12)
FN:172,(anonymous_13)
FN:187,(anonymous_14)
FN:187,(anonymous_15)
FN:200,(anonymous_16)
FN:200,(anonymous_17)
FN:252,(anonymous_18)
FN:279,(anonymous_19)
FN:286,(anonymous_20)
FNF:21
FNH:9
FNDA:24,DesignElementForm
FNDA:0,(anonymous_1)
FNDA:0,(anonymous_2)
FNDA:2,(anonymous_3)
FNDA:1,(anonymous_4)
FNDA:2,(anonymous_5)
FNDA:1,(anonymous_6)
FNDA:6,(anonymous_7)
FNDA:0,(anonymous_8)
FNDA:0,(anonymous_9)
FNDA:0,(anonymous_10)
FNDA:0,(anonymous_11)
FNDA:0,(anonymous_12)
FNDA:0,(anonymous_13)
FNDA:0,(anonymous_14)
FNDA:0,(anonymous_15)
FNDA:0,(anonymous_16)
FNDA:0,(anonymous_17)
FNDA:16,(anonymous_18)
FNDA:2,(anonymous_19)
FNDA:1,(anonymous_20)
DA:3,1
DA:5,1
DA:13,1
DA:14,24
DA:15,24
DA:16,24
DA:24,24
DA:25,0
DA:27,0
DA:28,0
DA:29,0
DA:33,0
DA:35,0
DA:45,0
DA:48,0
DA:51,24
DA:52,2
DA:53,2
DA:54,2
DA:57,24
DA:58,1
DA:59,2
DA:63,24
DA:64,1
DA:71,1
DA:72,1
DA:75,24
DA:86,6
DA:142,0
DA:154,0
DA:172,0
DA:187,0
DA:200,0
DA:253,16
DA:279,2
DA:286,1
LF:36
LH:23
BRDA:27,0,0,0
BRDA:27,0,1,0
BRDA:29,1,0,0
BRDA:29,1,1,0
BRDA:58,2,0,1
BRDA:58,2,1,0
BRDA:113,3,0,24
BRDA:113,3,1,8
BRDA:115,4,0,8
BRDA:115,4,1,0
BRDA:122,5,0,24
BRDA:122,5,1,8
BRDA:127,6,0,2
BRDA:127,6,1,6
BRDA:141,7,0,8
BRDA:141,7,1,6
BRDA:153,8,0,8
BRDA:153,8,1,0
BRDA:171,9,0,8
BRDA:171,9,1,6
BRDA:186,10,0,8
BRDA:186,10,1,6
BRDA:199,11,0,8
BRDA:199,11,1,6
BRDA:220,12,0,2
BRDA:220,12,1,6
BRDA:261,13,0,16
BRDA:261,13,1,0
BRDA:271,14,0,16
BRDA:271,14,1,0
BRDA:274,15,0,16
BRDA:274,15,1,8
BRDA:296,16,0,24
BRDA:296,16,1,16
BRDA:308,17,0,24
BRDA:308,17,1,8
BRDA:315,18,0,8
BRDA:315,18,1,1
BRF:38
BRH:29
end_of_record
TN:
SF:components\LocalStigBrowser.tsx
FN:19,LocalStigBrowser
FN:25,(anonymous_1)
FN:46,(anonymous_2)
FN:50,(anonymous_3)
FN:136,(anonymous_4)
FN:158,(anonymous_5)
FNF:6
FNH:0
FNDA:0,LocalStigBrowser
FNDA:0,(anonymous_1)
FNDA:0,(anonymous_2)
FNDA:0,(anonymous_3)
FNDA:0,(anonymous_4)
FNDA:0,(anonymous_5)
DA:3,0
DA:4,0
DA:19,0
DA:20,0
DA:21,0
DA:22,0
DA:23,0
DA:25,0
DA:26,0
DA:27,0
DA:29,0
DA:30,0
DA:31,0
DA:33,0
DA:34,0
DA:36,0
DA:39,0
DA:40,0
DA:42,0
DA:46,0
DA:47,0
DA:50,0
DA:51,0
DA:52,0
DA:53,0
DA:55,0
DA:59,0
DA:60,0
DA:68,0
DA:69,0
DA:82,0
DA:83,0
DA:117,0
DA:137,0
DA:158,0
LF:35
LH:0
BRDA:33,0,0,0
BRDA:33,0,1,0
BRDA:36,1,0,0
BRDA:36,1,1,0
BRDA:59,2,0,0
BRDA:59,2,1,0
BRDA:68,3,0,0
BRDA:68,3,1,0
BRDA:82,4,0,0
BRDA:82,4,1,0
BRDA:123,5,0,0
BRDA:123,5,1,0
BRDA:152,6,0,0
BRDA:152,6,1,0
BRDA:161,7,0,0
BRDA:161,7,1,0
BRDA:166,8,0,0
BRDA:166,8,1,0
BRF:18
BRH:0
end_of_record
TN:
SF:components\RequirementForm.tsx
FN:13,RequirementForm
FN:31,(anonymous_1)
FN:36,(anonymous_2)
FN:61,(anonymous_3)
FN:67,(anonymous_4)
FN:69,(anonymous_5)
FN:73,(anonymous_6)
FN:92,(anonymous_7)
FN:105,(anonymous_8)
FN:116,(anonymous_9)
FN:121,(anonymous_10)
FN:126,(anonymous_11)
FN:141,(anonymous_12)
FN:197,(anonymous_13)
FN:197,(anonymous_14)
FN:209,(anonymous_15)
FN:209,(anonymous_16)
FN:224,(anonymous_17)
FN:224,(anonymous_18)
FN:236,(anonymous_19)
FN:236,(anonymous_20)
FN:265,(anonymous_21)
FN:265,(anonymous_22)
FN:283,(anonymous_23)
FN:283,(anonymous_24)
FN:304,(anonymous_25)
FN:304,(anonymous_26)
FN:336,(anonymous_27)
FN:336,(anonymous_28)
FN:349,(anonymous_29)
FN:349,(anonymous_30)
FN:364,(anonymous_31)
FN:364,(anonymous_32)
FN:379,(anonymous_33)
FN:379,(anonymous_34)
FN:444,(anonymous_35)
FN:452,(anonymous_36)
FN:472,(anonymous_37)
FN:473,(anonymous_38)
FN:494,(anonymous_39)
FN:564,(anonymous_40)
FN:571,(anonymous_41)
FNF:42
FNH:0
FNDA:0,RequirementForm
FNDA:0,(anonymous_1)
FNDA:0,(anonymous_2)
FNDA:0,(anonymous_3)
FNDA:0,(anonymous_4)
FNDA:0,(anonymous_5)
FNDA:0,(anonymous_6)
FNDA:0,(anonymous_7)
FNDA:0,(anonymous_8)
FNDA:0,(anonymous_9)
FNDA:0,(anonymous_10)
FNDA:0,(anonymous_11)
FNDA:0,(anonymous_12)
FNDA:0,(anonymous_13)
FNDA:0,(anonymous_14)
FNDA:0,(anonymous_15)
FNDA:0,(anonymous_16)
FNDA:0,(anonymous_17)
FNDA:0,(anonymous_18)
FNDA:0,(anonymous_19)
FNDA:0,(anonymous_20)
FNDA:0,(anonymous_21)
FNDA:0,(anonymous_22)
FNDA:0,(anonymous_23)
FNDA:0,(anonymous_24)
FNDA:0,(anonymous_25)
FNDA:0,(anonymous_26)
FNDA:0,(anonymous_27)
FNDA:0,(anonymous_28)
FNDA:0,(anonymous_29)
FNDA:0,(anonymous_30)
FNDA:0,(anonymous_31)
FNDA:0,(anonymous_32)
FNDA:0,(anonymous_33)
FNDA:0,(anonymous_34)
FNDA:0,(anonymous_35)
FNDA:0,(anonymous_36)
FNDA:0,(anonymous_37)
FNDA:0,(anonymous_38)
FNDA:0,(anonymous_39)
FNDA:0,(anonymous_40)
FNDA:0,(anonymous_41)
DA:3,0
DA:5,0
DA:6,0
DA:13,0
DA:14,0
DA:15,0
DA:16,0
DA:17,0
DA:31,0
DA:32,0
DA:34,0
DA:36,0
DA:37,0
DA:41,0
DA:44,0
DA:55,0
DA:58,0
DA:61,0
DA:62,0
DA:63,0
DA:64,0
DA:67,0
DA:68,0
DA:69,0
DA:73,0
DA:74,0
DA:87,0
DA:88,0
DA:92,0
DA:93,0
DA:94,0
DA:95,0
DA:97,0
DA:98,0
DA:102,0
DA:105,0
DA:106,0
DA:107,0
DA:108,0
DA:110,0
DA:112,0
DA:116,0
DA:117,0
DA:121,0
DA:122,0
DA:126,0
DA:127,0
DA:130,0
DA:141,0
DA:197,0
DA:209,0
DA:224,0
DA:236,0
DA:265,0
DA:283,0
DA:304,0
DA:336,0
DA:349,0
DA:364,0
DA:379,0
DA:445,0
DA:446,0
DA:448,0
DA:452,0
DA:473,0
DA:474,0
DA:475,0
DA:495,0
DA:564,0
DA:571,0
LF:70
LH:0
BRDA:34,0,0,0
BRDA:34,0,1,0
BRDA:37,1,0,0
BRDA:37,1,1,0
BRDA:68,2,0,0
BRDA:68,2,1,0
BRDA:93,3,0,0
BRDA:93,3,1,0
BRDA:94,4,0,0
BRDA:94,4,1,0
BRDA:107,5,0,0
BRDA:107,5,1,0
BRDA:127,6,0,0
BRDA:127,6,1,0
BRDA:168,7,0,0
BRDA:168,7,1,0
BRDA:170,8,0,0
BRDA:170,8,1,0
BRDA:177,9,0,0
BRDA:177,9,1,0
BRDA:182,10,0,0
BRDA:182,10,1,0
BRDA:196,11,0,0
BRDA:196,11,1,0
BRDA:208,12,0,0
BRDA:208,12,1,0
BRDA:223,13,0,0
BRDA:223,13,1,0
BRDA:235,14,0,0
BRDA:235,14,1,0
BRDA:264,15,0,0
BRDA:264,15,1,0
BRDA:265,16,0,0
BRDA:265,16,1,0
BRDA:282,17,0,0
BRDA:282,17,1,0
BRDA:283,18,0,0
BRDA:283,18,1,0
BRDA:303,19,0,0
BRDA:303,19,1,0
BRDA:335,20,0,0
BRDA:335,20,1,0
BRDA:348,21,0,0
BRDA:348,21,1,0
BRDA:363,22,0,0
BRDA:363,22,1,0
BRDA:378,23,0,0
BRDA:378,23,1,0
BRDA:404,24,0,0
BRDA:404,24,1,0
BRDA:414,25,0,0
BRDA:414,25,1,0
BRDA:425,26,0,0
BRDA:425,26,1,0
BRDA:425,27,0,0
BRDA:425,27,1,0
BRDA:456,28,0,0
BRDA:456,28,1,0
BRDA:466,29,0,0
BRDA:466,29,1,0
BRDA:474,30,0,0
BRDA:474,30,1,0
BRDA:479,31,0,0
BRDA:479,31,1,0
BRDA:480,32,0,0
BRDA:480,32,1,0
BRDA:492,33,0,0
BRDA:492,33,1,0
BRDA:500,34,0,0
BRDA:500,34,1,0
BRDA:518,35,0,0
BRDA:518,35,1,0
BRDA:519,36,0,0
BRDA:519,36,1,0
BRDA:526,37,0,0
BRDA:526,37,1,0
BRDA:527,38,0,0
BRDA:527,38,1,0
BRDA:528,39,0,0
BRDA:528,39,1,0
BRDA:529,40,0,0
BRDA:529,40,1,0
BRDA:535,41,0,0
BRDA:535,41,1,0
BRDA:541,42,0,0
BRDA:541,42,1,0
BRDA:547,43,0,0
BRDA:547,43,1,0
BRDA:553,44,0,0
BRDA:553,44,1,0
BRF:90
BRH:0
end_of_record
TN:
SF:components\StigFamilyRecommendations.tsx
FN:19,StigFamilyRecommendations
FN:31,(anonymous_1)
FN:38,(anonymous_2)
FN:39,(anonymous_3)
FN:50,(anonymous_4)
FN:51,(anonymous_5)
FN:54,(anonymous_6)
FN:58,(anonymous_7)
FN:64,(anonymous_8)
FN:66,(anonymous_9)
FN:77,(anonymous_10)
FN:87,(anonymous_11)
FN:94,(anonymous_12)
FN:100,(anonymous_13)
FN:104,(anonymous_14)
FN:105,(anonymous_15)
FN:124,(anonymous_16)
FN:134,(anonymous_17)
FN:158,(anonymous_18)
FN:204,(anonymous_19)
FN:232,(anonymous_20)
FN:257,(anonymous_21)
FN:264,(anonymous_22)
FN:299,(anonymous_23)
FN:324,(anonymous_24)
FN:325,(anonymous_25)
FN:351,(anonymous_26)
FN:366,(anonymous_27)
FN:381,(anonymous_28)
FN:382,(anonymous_29)
FN:413,(anonymous_30)
FN:414,(anonymous_31)
FN:445,(anonymous_32)
FN:446,(anonymous_33)
FN:477,(anonymous_34)
FN:478,(anonymous_35)
FN:509,(anonymous_36)
FN:510,(anonymous_37)
FN:541,(anonymous_38)
FN:542,(anonymous_39)
FN:596,(anonymous_40)
FNF:41
FNH:0
FNDA:0,StigFamilyRecommendations
FNDA:0,(anonymous_1)
FNDA:0,(anonymous_2)
FNDA:0,(anonymous_3)
FNDA:0,(anonymous_4)
FNDA:0,(anonymous_5)
FNDA:0,(anonymous_6)
FNDA:0,(anonymous_7)
FNDA:0,(anonymous_8)
FNDA:0,(anonymous_9)
FNDA:0,(anonymous_10)
FNDA:0,(anonymous_11)
FNDA:0,(anonymous_12)
FNDA:0,(anonymous_13)
FNDA:0,(anonymous_14)
FNDA:0,(anonymous_15)
FNDA:0,(anonymous_16)
FNDA:0,(anonymous_17)
FNDA:0,(anonymous_18)
FNDA:0,(anonymous_19)
FNDA:0,(anonymous_20)
FNDA:0,(anonymous_21)
FNDA:0,(anonymous_22)
FNDA:0,(anonymous_23)
FNDA:0,(anonymous_24)
FNDA:0,(anonymous_25)
FNDA:0,(anonymous_26)
FNDA:0,(anonymous_27)
FNDA:0,(anonymous_28)
FNDA:0,(anonymous_29)
FNDA:0,(anonymous_30)
FNDA:0,(anonymous_31)
FNDA:0,(anonymous_32)
FNDA:0,(anonymous_33)
FNDA:0,(anonymous_34)
FNDA:0,(anonymous_35)
FNDA:0,(anonymous_36)
FNDA:0,(anonymous_37)
FNDA:0,(anonymous_38)
FNDA:0,(anonymous_39)
FNDA:0,(anonymous_40)
DA:3,0
DA:5,0
DA:10,0
DA:11,0
DA:19,0
DA:20,0
DA:21,0
DA:22,0
DA:23,0
DA:24,0
DA:25,0
DA:26,0
DA:27,0
DA:28,0
DA:29,0
DA:31,0
DA:32,0
DA:33,0
DA:34,0
DA:38,0
DA:39,0
DA:40,0
DA:41,0
DA:42,0
DA:44,0
DA:46,0
DA:50,0
DA:51,0
DA:54,0
DA:55,0
DA:58,0
DA:59,0
DA:60,0
DA:64,0
DA:65,0
DA:66,0
DA:67,0
DA:68,0
DA:69,0
DA:71,0
DA:73,0
DA:77,0
DA:79,0
DA:80,0
DA:84,0
DA:85,0
DA:87,0
DA:88,0
DA:92,0
DA:93,0
DA:94,0
DA:95,0
DA:97,0
DA:100,0
DA:101,0
DA:102,0
DA:104,0
DA:105,0
DA:106,0
DA:109,0
DA:112,0
DA:113,0
DA:114,0
DA:117,0
DA:121,0
DA:124,0
DA:125,0
DA:126,0
DA:127,0
DA:128,0
DA:129,0
DA:130,0
DA:134,0
DA:135,0
DA:136,0
DA:137,0
DA:138,0
DA:139,0
DA:140,0
DA:144,0
DA:145,0
DA:158,0
DA:159,0
DA:160,0
DA:161,0
DA:163,0
DA:165,0
DA:166,0
DA:167,0
DA:168,0
DA:169,0
DA:170,0
DA:171,0
DA:172,0
DA:173,0
DA:175,0
DA:178,0
DA:179,0
DA:183,0
DA:205,0
DA:206,0
DA:233,0
DA:234,0
DA:258,0
DA:259,0
DA:261,0
DA:264,0
DA:300,0
DA:301,0
DA:302,0
DA:303,0
DA:305,0
DA:324,0
DA:325,0
DA:351,0
DA:367,0
DA:381,0
DA:382,0
DA:413,0
DA:414,0
DA:445,0
DA:446,0
DA:477,0
DA:478,0
DA:509,0
DA:510,0
DA:541,0
DA:542,0
DA:597,0
DA:598,0
LF:130
LH:0
BRDA:32,0,0,0
BRDA:32,0,1,0
BRDA:32,1,0,0
BRDA:32,1,1,0
BRDA:41,2,0,0
BRDA:41,2,1,0
BRDA:59,3,0,0
BRDA:59,3,1,0
BRDA:68,4,0,0
BRDA:68,4,1,0
BRDA:79,5,0,0
BRDA:79,5,1,0
BRDA:85,6,0,0
BRDA:85,6,1,0
BRDA:87,7,0,0
BRDA:87,7,1,0
BRDA:87,8,0,0
BRDA:87,8,1,0
BRDA:93,9,0,0
BRDA:93,9,1,0
BRDA:94,10,0,0
BRDA:94,10,1,0
BRDA:94,11,0,0
BRDA:94,11,1,0
BRDA:106,12,0,0
BRDA:106,12,1,0
BRDA:113,13,0,0
BRDA:113,13,1,0
BRDA:117,14,0,0
BRDA:117,14,1,0
BRDA:125,15,0,0
BRDA:125,15,1,0
BRDA:125,15,2,0
BRDA:125,15,3,0
BRDA:125,15,4,0
BRDA:135,16,0,0
BRDA:135,16,1,0
BRDA:135,16,2,0
BRDA:135,16,3,0
BRDA:135,16,4,0
BRDA:144,17,0,0
BRDA:144,17,1,0
BRDA:144,18,0,0
BRDA:144,18,1,0
BRDA:163,19,0,0
BRDA:163,19,1,0
BRDA:193,20,0,0
BRDA:193,20,1,0
BRDA:226,21,0,0
BRDA:226,21,1,0
BRDA:266,22,0,0
BRDA:266,22,1,0
BRDA:275,23,0,0
BRDA:275,23,1,0
BRDA:279,24,0,0
BRDA:279,24,1,0
BRDA:301,25,0,0
BRDA:301,25,1,0
BRDA:301,25,2,0
BRDA:302,26,0,0
BRDA:302,26,1,0
BRDA:307,27,0,0
BRDA:307,27,1,0
BRDA:316,28,0,0
BRDA:316,28,1,0
BRDA:327,29,0,0
BRDA:327,29,1,0
BRDA:348,30,0,0
BRDA:348,30,1,0
BRDA:357,31,0,0
BRDA:357,31,1,0
BRDA:363,32,0,0
BRDA:363,32,1,0
BRDA:372,33,0,0
BRDA:372,33,1,0
BRDA:376,34,0,0
BRDA:376,34,1,0
BRDA:387,35,0,0
BRDA:387,35,1,0
BRDA:408,36,0,0
BRDA:408,36,1,0
BRDA:419,37,0,0
BRDA:419,37,1,0
BRDA:440,38,0,0
BRDA:440,38,1,0
BRDA:451,39,0,0
BRDA:451,39,1,0
BRDA:472,40,0,0
BRDA:472,40,1,0
BRDA:483,41,0,0
BRDA:483,41,1,0
BRDA:504,42,0,0
BRDA:504,42,1,0
BRDA:515,43,0,0
BRDA:515,43,1,0
BRDA:536,44,0,0
BRDA:536,44,1,0
BRDA:547,45,0,0
BRDA:547,45,1,0
BRDA:586,46,0,0
BRDA:586,46,1,0
BRF:101
BRH:0
end_of_record
TN:
SF:components\StigImport.tsx
FN:36,StigImport
FN:56,(anonymous_1)
FN:84,(anonymous_2)
FN:119,(anonymous_3)
FN:127,(anonymous_4)
FN:143,(anonymous_5)
FN:166,(anonymous_6)
FN:183,(anonymous_7)
FN:210,(anonymous_8)
FN:227,(anonymous_9)
FN:230,(anonymous_10)
FN:251,(anonymous_11)
FN:297,(anonymous_12)
FN:403,(anonymous_13)
FN:454,(anonymous_14)
FN:465,(anonymous_15)
FN:493,(anonymous_16)
FNF:17
FNH:0
FNDA:0,StigImport
FNDA:0,(anonymous_1)
FNDA:0,(anonymous_2)
FNDA:0,(anonymous_3)
FNDA:0,(anonymous_4)
FNDA:0,(anonymous_5)
FNDA:0,(anonymous_6)
FNDA:0,(anonymous_7)
FNDA:0,(anonymous_8)
FNDA:0,(anonymous_9)
FNDA:0,(anonymous_10)
FNDA:0,(anonymous_11)
FNDA:0,(anonymous_12)
FNDA:0,(anonymous_13)
FNDA:0,(anonymous_14)
FNDA:0,(anonymous_15)
FNDA:0,(anonymous_16)
DA:3,0
DA:4,0
DA:36,0
DA:37,0
DA:38,0
DA:39,0
DA:40,0
DA:41,0
DA:42,0
DA:45,0
DA:56,0
DA:57,0
DA:58,0
DA:59,0
DA:62,0
DA:63,0
DA:64,0
DA:66,0
DA:67,0
DA:68,0
DA:70,0
DA:71,0
DA:72,0
DA:74,0
DA:75,0
DA:78,0
DA:80,0
DA:84,0
DA:85,0
DA:86,0
DA:87,0
DA:90,0
DA:91,0
DA:92,0
DA:94,0
DA:95,0
DA:96,0
DA:98,0
DA:103,0
DA:105,0
DA:106,0
DA:107,0
DA:108,0
DA:110,0
DA:113,0
DA:115,0
DA:119,0
DA:120,0
DA:121,0
DA:122,0
DA:123,0
DA:127,0
DA:128,0
DA:131,0
DA:132,0
DA:133,0
DA:135,0
DA:138,0
DA:139,0
DA:140,0
DA:143,0
DA:144,0
DA:145,0
DA:146,0
DA:147,0
DA:148,0
DA:152,0
DA:166,0
DA:183,0
DA:211,0
DA:212,0
DA:213,0
DA:228,0
DA:230,0
DA:251,0
DA:298,0
DA:299,0
DA:300,0
DA:404,0
DA:405,0
DA:455,0
DA:466,0
DA:494,0
DA:495,0
DA:496,0
LF:85
LH:0
BRDA:57,0,0,0
BRDA:57,0,1,0
BRDA:70,1,0,0
BRDA:70,1,1,0
BRDA:74,2,0,0
BRDA:74,2,1,0
BRDA:85,3,0,0
BRDA:85,3,1,0
BRDA:105,4,0,0
BRDA:105,4,1,0
BRDA:110,5,0,0
BRDA:110,5,1,0
BRDA:120,6,0,0
BRDA:120,6,1,0
BRDA:120,7,0,0
BRDA:120,7,1,0
BRDA:121,8,0,0
BRDA:121,8,1,0
BRDA:128,9,0,0
BRDA:128,9,1,0
BRDA:131,10,0,0
BRDA:131,10,1,0
BRDA:144,11,0,0
BRDA:144,11,1,0
BRDA:144,11,2,0
BRDA:144,11,3,0
BRDA:163,12,0,0
BRDA:163,12,1,0
BRDA:202,13,0,0
BRDA:202,13,1,0
BRDA:232,14,0,0
BRDA:232,14,1,0
BRDA:270,15,0,0
BRDA:270,15,1,0
BRDA:273,16,0,0
BRDA:273,16,1,0
BRDA:289,17,0,0
BRDA:289,17,1,0
BRDA:323,18,0,0
BRDA:323,18,1,0
BRDA:367,19,0,0
BRDA:367,19,1,0
BRDA:370,20,0,0
BRDA:370,20,1,0
BRDA:386,21,0,0
BRDA:386,21,1,0
BRDA:394,22,0,0
BRDA:394,22,1,0
BRDA:394,23,0,0
BRDA:394,23,1,0
BRDA:394,24,0,0
BRDA:394,24,1,0
BRDA:419,25,0,0
BRDA:419,25,1,0
BRDA:419,26,0,0
BRDA:419,26,1,0
BRDA:419,27,0,0
BRDA:419,27,1,0
BRDA:470,28,0,0
BRDA:470,28,1,0
BRDA:477,29,0,0
BRDA:477,29,1,0
BRDA:507,30,0,0
BRDA:507,30,1,0
BRF:64
BRH:0
end_of_record
TN:
SF:components\StigManagement.tsx
FN:15,StigManagement
FN:22,(anonymous_2)
FN:28,(anonymous_3)
FN:35,(anonymous_4)
FN:70,(anonymous_5)
FN:89,(anonymous_6)
FN:128,(anonymous_7)
FN:137,(anonymous_8)
FN:141,(anonymous_9)
FN:142,(anonymous_10)
FN:153,(anonymous_11)
FN:154,(anonymous_12)
FN:165,(anonymous_13)
FN:174,(anonymous_14)
FN:184,(anonymous_15)
FN:199,(anonymous_16)
FN:248,(anonymous_17)
FN:249,(anonymous_18)
FN:257,(anonymous_19)
FN:278,(anonymous_20)
FN:321,(anonymous_21)
FN:329,(anonymous_22)
FN:356,(anonymous_23)
FNF:23
FNH:0
FNDA:0,StigManagement
FNDA:0,(anonymous_2)
FNDA:0,(anonymous_3)
FNDA:0,(anonymous_4)
FNDA:0,(anonymous_5)
FNDA:0,(anonymous_6)
FNDA:0,(anonymous_7)
FNDA:0,(anonymous_8)
FNDA:0,(anonymous_9)
FNDA:0,(anonymous_10)
FNDA:0,(anonymous_11)
FNDA:0,(anonymous_12)
FNDA:0,(anonymous_13)
FNDA:0,(anonymous_14)
FNDA:0,(anonymous_15)
FNDA:0,(anonymous_16)
FNDA:0,(anonymous_17)
FNDA:0,(anonymous_18)
FNDA:0,(anonymous_19)
FNDA:0,(anonymous_20)
FNDA:0,(anonymous_21)
FNDA:0,(anonymous_22)
FNDA:0,(anonymous_23)
DA:3,0
DA:5,0
DA:6,0
DA:7,0
DA:8,0
DA:15,0
DA:16,0
DA:17,0
DA:18,0
DA:19,0
DA:20,0
DA:22,0
DA:23,0
DA:24,0
DA:28,0
DA:29,0
DA:30,0
DA:31,0
DA:33,0
DA:35,0
DA:57,0
DA:59,0
DA:60,0
DA:62,0
DA:65,0
DA:66,0
DA:70,0
DA:71,0
DA:72,0
DA:74,0
DA:76,0
DA:77,0
DA:78,0
DA:80,0
DA:85,0
DA:87,0
DA:89,0
DA:111,0
DA:113,0
DA:115,0
DA:118,0
DA:119,0
DA:121,0
DA:123,0
DA:128,0
DA:129,0
DA:130,0
DA:131,0
DA:132,0
DA:136,0
DA:137,0
DA:138,0
DA:141,0
DA:142,0
DA:143,0
DA:144,0
DA:145,0
DA:147,0
DA:149,0
DA:153,0
DA:154,0
DA:155,0
DA:156,0
DA:157,0
DA:159,0
DA:161,0
DA:165,0
DA:166,0
DA:167,0
DA:168,0
DA:169,0
DA:170,0
DA:174,0
DA:175,0
DA:176,0
DA:177,0
DA:178,0
DA:179,0
DA:183,0
DA:184,0
DA:186,0
DA:188,0
DA:199,0
DA:249,0
DA:250,0
DA:251,0
DA:252,0
DA:254,0
DA:258,0
DA:259,0
DA:260,0
DA:279,0
DA:280,0
DA:281,0
DA:283,0
DA:321,0
DA:329,0
DA:357,0
LF:98
LH:0
BRDA:23,0,0,0
BRDA:23,0,1,0
BRDA:33,1,0,0
BRDA:33,1,1,0
BRDA:36,2,0,0
BRDA:36,2,1,0
BRDA:37,3,0,0
BRDA:37,3,1,0
BRDA:37,3,2,0
BRDA:38,4,0,0
BRDA:38,4,1,0
BRDA:38,4,2,0
BRDA:39,5,0,0
BRDA:39,5,1,0
BRDA:39,5,2,0
BRDA:42,6,0,0
BRDA:42,6,1,0
BRDA:42,7,0,0
BRDA:42,7,1,0
BRDA:47,8,0,0
BRDA:47,8,1,0
BRDA:48,9,0,0
BRDA:48,9,1,0
BRDA:59,10,0,0
BRDA:59,10,1,0
BRDA:62,11,0,0
BRDA:62,11,1,0
BRDA:71,12,0,0
BRDA:71,12,1,0
BRDA:71,13,0,0
BRDA:71,13,1,0
BRDA:72,14,0,0
BRDA:72,14,1,0
BRDA:87,15,0,0
BRDA:87,15,1,0
BRDA:90,16,0,0
BRDA:90,16,1,0
BRDA:91,17,0,0
BRDA:91,17,1,0
BRDA:91,17,2,0
BRDA:92,18,0,0
BRDA:92,18,1,0
BRDA:92,18,2,0
BRDA:93,19,0,0
BRDA:93,19,1,0
BRDA:93,19,2,0
BRDA:96,20,0,0
BRDA:96,20,1,0
BRDA:96,21,0,0
BRDA:96,21,1,0
BRDA:101,22,0,0
BRDA:101,22,1,0
BRDA:102,23,0,0
BRDA:102,23,1,0
BRDA:115,24,0,0
BRDA:115,24,1,0
BRDA:129,25,0,0
BRDA:129,25,1,0
BRDA:129,25,2,0
BRDA:130,26,0,0
BRDA:130,26,1,0
BRDA:144,27,0,0
BRDA:144,27,1,0
BRDA:156,28,0,0
BRDA:156,28,1,0
BRDA:166,29,0,0
BRDA:166,29,1,0
BRDA:166,29,2,0
BRDA:166,29,3,0
BRDA:175,30,0,0
BRDA:175,30,1,0
BRDA:175,30,2,0
BRDA:175,30,3,0
BRDA:207,31,0,0
BRDA:207,31,1,0
BRDA:228,32,0,0
BRDA:228,32,1,0
BRDA:234,33,0,0
BRDA:234,33,1,0
BRDA:249,34,0,0
BRDA:249,34,1,0
BRDA:250,35,0,0
BRDA:250,35,1,0
BRDA:252,36,0,0
BRDA:252,36,1,0
BRDA:252,37,0,0
BRDA:252,37,1,0
BRDA:252,38,0,0
BRDA:252,38,1,0
BRDA:259,39,0,0
BRDA:259,39,1,0
BRDA:273,40,0,0
BRDA:273,40,1,0
BRDA:276,41,0,0
BRDA:276,41,1,0
BRDA:295,42,0,0
BRDA:295,42,1,0
BRDA:305,43,0,0
BRDA:305,43,1,0
BRDA:308,44,0,0
BRDA:308,44,1,0
BRDA:311,45,0,0
BRDA:311,45,1,0
BRDA:319,46,0,0
BRDA:319,46,1,0
BRDA:323,47,0,0
BRDA:323,47,1,0
BRDA:325,48,0,0
BRDA:325,48,1,0
BRDA:332,49,0,0
BRDA:332,49,1,0
BRDA:337,50,0,0
BRDA:337,50,1,0
BRDA:352,51,0,0
BRDA:352,51,1,0
BRDA:352,51,2,0
BRF:116
BRH:0
end_of_record
TN:
SF:components\SystemCategorization.tsx
FN:377,SystemCategorization
FN:389,(anonymous_1)
FN:401,(anonymous_2)
FN:407,(anonymous_3)
FN:408,(anonymous_4)
FN:409,(anonymous_5)
FN:417,(anonymous_6)
FN:423,(anonymous_7)
FN:427,(anonymous_8)
FN:450,(anonymous_9)
FN:456,(anonymous_10)
FN:458,(anonymous_11)
FN:462,(anonymous_12)
FN:474,(anonymous_13)
FN:660,(anonymous_14)
FN:690,(anonymous_15)
FN:713,(anonymous_16)
FN:737,(anonymous_17)
FN:837,(anonymous_18)
FN:847,(anonymous_19)
FN:853,(anonymous_20)
FN:854,(anonymous_21)
FN:856,(anonymous_22)
FN:862,(anonymous_23)
FN:863,(anonymous_24)
FN:865,(anonymous_25)
FN:869,(anonymous_26)
FN:874,(anonymous_27)
FN:878,(anonymous_28)
FN:909,(anonymous_29)
FN:916,(anonymous_30)
FN:939,(anonymous_31)
FN:948,(anonymous_32)
FN:952,(anonymous_33)
FN:963,(anonymous_34)
FN:972,(anonymous_35)
FN:973,(anonymous_36)
FN:987,(anonymous_37)
FN:1044,(anonymous_38)
FN:1044,(anonymous_39)
FN:1055,(anonymous_40)
FN:1055,(anonymous_41)
FN:1079,(anonymous_42)
FN:1085,(anonymous_43)
FN:1099,(anonymous_44)
FN:1101,(anonymous_45)
FN:1107,(anonymous_46)
FN:1144,(anonymous_47)
FN:1148,(anonymous_48)
FN:1163,(anonymous_49)
FN:1175,(anonymous_50)
FN:1187,(anonymous_51)
FN:1206,(anonymous_52)
FN:1233,(anonymous_53)
FN:1260,(anonymous_54)
FN:1344,(anonymous_55)
FN:1344,(anonymous_56)
FN:1382,(anonymous_57)
FN:1393,(anonymous_58)
FN:1400,(anonymous_59)
FN:1407,(anonymous_60)
FN:1446,(anonymous_61)
FN:1490,(anonymous_62)
FN:1525,(anonymous_63)
FN:1561,(anonymous_64)
FN:1703,(anonymous_65)
FN:1705,(anonymous_66)
FNF:67
FNH:0
FNDA:0,SystemCategorization
FNDA:0,(anonymous_1)
FNDA:0,(anonymous_2)
FNDA:0,(anonymous_3)
FNDA:0,(anonymous_4)
FNDA:0,(anonymous_5)
FNDA:0,(anonymous_6)
FNDA:0,(anonymous_7)
FNDA:0,(anonymous_8)
FNDA:0,(anonymous_9)
FNDA:0,(anonymous_10)
FNDA:0,(anonymous_11)
FNDA:0,(anonymous_12)
FNDA:0,(anonymous_13)
FNDA:0,(anonymous_14)
FNDA:0,(anonymous_15)
FNDA:0,(anonymous_16)
FNDA:0,(anonymous_17)
FNDA:0,(anonymous_18)
FNDA:0,(anonymous_19)
FNDA:0,(anonymous_20)
FNDA:0,(anonymous_21)
FNDA:0,(anonymous_22)
FNDA:0,(anonymous_23)
FNDA:0,(anonymous_24)
FNDA:0,(anonymous_25)
FNDA:0,(anonymous_26)
FNDA:0,(anonymous_27)
FNDA:0,(anonymous_28)
FNDA:0,(anonymous_29)
FNDA:0,(anonymous_30)
FNDA:0,(anonymous_31)
FNDA:0,(anonymous_32)
FNDA:0,(anonymous_33)
FNDA:0,(anonymous_34)
FNDA:0,(anonymous_35)
FNDA:0,(anonymous_36)
FNDA:0,(anonymous_37)
FNDA:0,(anonymous_38)
FNDA:0,(anonymous_39)
FNDA:0,(anonymous_40)
FNDA:0,(anonymous_41)
FNDA:0,(anonymous_42)
FNDA:0,(anonymous_43)
FNDA:0,(anonymous_44)
FNDA:0,(anonymous_45)
FNDA:0,(anonymous_46)
FNDA:0,(anonymous_47)
FNDA:0,(anonymous_48)
FNDA:0,(anonymous_49)
FNDA:0,(anonymous_50)
FNDA:0,(anonymous_51)
FNDA:0,(anonymous_52)
FNDA:0,(anonymous_53)
FNDA:0,(anonymous_54)
FNDA:0,(anonymous_55)
FNDA:0,(anonymous_56)
FNDA:0,(anonymous_57)
FNDA:0,(anonymous_58)
FNDA:0,(anonymous_59)
FNDA:0,(anonymous_60)
FNDA:0,(anonymous_61)
FNDA:0,(anonymous_62)
FNDA:0,(anonymous_63)
FNDA:0,(anonymous_64)
FNDA:0,(anonymous_65)
FNDA:0,(anonymous_66)
DA:3,0
DA:5,0
DA:7,0
DA:17,0
DA:343,0
DA:346,0
DA:377,0
DA:378,0
DA:379,0
DA:380,0
DA:381,0
DA:389,0
DA:394,0
DA:395,0
DA:401,0
DA:402,0
DA:403,0
DA:404,0
DA:406,0
DA:407,0
DA:408,0
DA:409,0
DA:414,0
DA:417,0
DA:418,0
DA:419,0
DA:423,0
DA:424,0
DA:426,0
DA:427,0
DA:428,0
DA:432,0
DA:434,0
DA:444,0
DA:447,0
DA:450,0
DA:451,0
DA:452,0
DA:453,0
DA:456,0
DA:457,0
DA:458,0
DA:462,0
DA:463,0
DA:469,0
DA:470,0
DA:474,0
DA:475,0
DA:476,0
DA:477,0
DA:478,0
DA:481,0
DA:483,0
DA:484,0
DA:485,0
DA:486,0
DA:490,0
DA:660,0
DA:691,0
DA:692,0
DA:694,0
DA:714,0
DA:715,0
DA:716,0
DA:722,0
DA:723,0
DA:729,0
DA:730,0
DA:737,0
DA:826,0
DA:827,0
DA:830,0
DA:832,0
DA:833,0
DA:837,0
DA:838,0
DA:847,0
DA:853,0
DA:854,0
DA:857,0
DA:862,0
DA:863,0
DA:865,0
DA:869,0
DA:871,0
DA:874,0
DA:875,0
DA:876,0
DA:878,0
DA:879,0
DA:889,0
DA:906,0
DA:909,0
DA:910,0
DA:911,0
DA:912,0
DA:913,0
DA:916,0
DA:917,0
DA:936,0
DA:939,0
DA:940,0
DA:941,0
DA:942,0
DA:943,0
DA:944,0
DA:948,0
DA:950,0
DA:951,0
DA:952,0
DA:953,0
DA:954,0
DA:959,0
DA:963,0
DA:964,0
DA:972,0
DA:973,0
DA:976,0
DA:987,0
DA:1044,0
DA:1055,0
DA:1080,0
DA:1085,0
DA:1101,0
DA:1104,0
DA:1105,0
DA:1106,0
DA:1107,0
DA:1108,0
DA:1114,0
DA:1121,0
DA:1122,0
DA:1123,0
DA:1125,0
DA:1126,0
DA:1127,0
DA:1129,0
DA:1130,0
DA:1131,0
DA:1134,0
DA:1137,0
DA:1138,0
DA:1144,0
DA:1149,0
DA:1163,0
DA:1175,0
DA:1187,0
DA:1207,0
DA:1209,0
DA:1210,0
DA:1212,0
DA:1213,0
DA:1234,0
DA:1236,0
DA:1237,0
DA:1239,0
DA:1240,0
DA:1261,0
DA:1263,0
DA:1264,0
DA:1266,0
DA:1267,0
DA:1344,0
DA:1382,0
DA:1393,0
DA:1400,0
DA:1407,0
DA:1447,0
DA:1491,0
DA:1492,0
DA:1526,0
DA:1527,0
DA:1528,0
DA:1534,0
DA:1535,0
DA:1541,0
DA:1542,0
DA:1549,0
DA:1562,0
DA:1705,0
DA:1706,0
DA:1709,0
LF:182
LH:0
BRDA:389,0,0,0
BRDA:394,1,0,0
BRDA:394,1,1,0
BRDA:402,2,0,0
BRDA:402,2,1,0
BRDA:403,3,0,0
BRDA:403,3,1,0
BRDA:414,4,0,0
BRDA:414,4,1,0
BRDA:418,5,0,0
BRDA:418,5,1,0
BRDA:418,6,0,0
BRDA:418,6,1,0
BRDA:426,7,0,0
BRDA:426,7,1,0
BRDA:428,8,0,0
BRDA:428,8,1,0
BRDA:457,9,0,0
BRDA:457,9,1,0
BRDA:476,10,0,0
BRDA:476,10,1,0
BRDA:484,11,0,0
BRDA:484,11,1,0
BRDA:647,12,0,0
BRDA:647,12,1,0
BRDA:664,13,0,0
BRDA:664,13,1,0
BRDA:665,14,0,0
BRDA:665,14,1,0
BRDA:692,15,0,0
BRDA:692,15,1,0
BRDA:715,16,0,0
BRDA:715,16,1,0
BRDA:715,17,0,0
BRDA:715,17,1,0
BRDA:722,18,0,0
BRDA:722,18,1,0
BRDA:722,19,0,0
BRDA:722,19,1,0
BRDA:729,20,0,0
BRDA:729,20,1,0
BRDA:729,21,0,0
BRDA:729,21,1,0
BRDA:739,22,0,0
BRDA:739,22,1,0
BRDA:742,23,0,0
BRDA:742,23,1,0
BRDA:766,24,0,0
BRDA:766,24,1,0
BRDA:773,25,0,0
BRDA:773,25,1,0
BRDA:809,26,0,0
BRDA:809,26,1,0
BRDA:809,27,0,0
BRDA:809,27,1,0
BRDA:809,28,0,0
BRDA:809,28,1,0
BRDA:849,29,0,0
BRDA:849,29,1,0
BRDA:856,30,0,0
BRDA:856,30,1,0
BRDA:856,31,0,0
BRDA:856,31,1,0
BRDA:857,32,0,0
BRDA:857,32,1,0
BRDA:865,33,0,0
BRDA:865,33,1,0
BRDA:865,34,0,0
BRDA:865,34,1,0
BRDA:876,35,0,0
BRDA:876,35,1,0
BRDA:879,36,0,0
BRDA:879,36,1,0
BRDA:911,37,0,0
BRDA:911,37,1,0
BRDA:912,38,0,0
BRDA:912,38,1,0
BRDA:936,39,0,0
BRDA:936,39,1,0
BRDA:940,40,0,0
BRDA:940,40,1,0
BRDA:940,40,2,0
BRDA:940,40,3,0
BRDA:951,41,0,0
BRDA:951,41,1,0
BRDA:953,42,0,0
BRDA:953,42,1,0
BRDA:965,43,0,0
BRDA:965,43,1,0
BRDA:965,43,2,0
BRDA:965,43,3,0
BRDA:965,43,4,0
BRDA:965,43,5,0
BRDA:1014,44,0,0
BRDA:1014,44,1,0
BRDA:1016,45,0,0
BRDA:1016,45,1,0
BRDA:1023,46,0,0
BRDA:1023,46,1,0
BRDA:1028,47,0,0
BRDA:1028,47,1,0
BRDA:1043,48,0,0
BRDA:1043,48,1,0
BRDA:1054,49,0,0
BRDA:1054,49,1,0
BRDA:1079,50,0,0
BRDA:1079,50,1,0
BRDA:1079,51,0,0
BRDA:1079,51,1,0
BRDA:1104,52,0,0
BRDA:1104,52,1,0
BRDA:1106,53,0,0
BRDA:1106,53,1,0
BRDA:1108,54,0,0
BRDA:1108,54,1,0
BRDA:1116,55,0,0
BRDA:1116,55,1,0
BRDA:1116,56,0,0
BRDA:1116,56,1,0
BRDA:1116,57,0,0
BRDA:1116,57,1,0
BRDA:1117,58,0,0
BRDA:1117,58,1,0
BRDA:1117,59,0,0
BRDA:1117,59,1,0
BRDA:1117,60,0,0
BRDA:1117,60,1,0
BRDA:1121,61,0,0
BRDA:1121,61,1,0
BRDA:1121,62,0,0
BRDA:1121,62,1,0
BRDA:1121,63,0,0
BRDA:1121,63,1,0
BRDA:1125,64,0,0
BRDA:1125,64,1,0
BRDA:1125,65,0,0
BRDA:1125,65,1,0
BRDA:1125,66,0,0
BRDA:1125,66,1,0
BRDA:1129,67,0,0
BRDA:1129,67,1,0
BRDA:1129,68,0,0
BRDA:1129,68,1,0
BRDA:1129,69,0,0
BRDA:1129,69,1,0
BRDA:1137,70,0,0
BRDA:1137,70,1,0
BRDA:1137,71,0,0
BRDA:1137,71,1,0
BRDA:1137,71,2,0
BRDA:1137,72,0,0
BRDA:1137,72,1,0
BRDA:1137,73,0,0
BRDA:1137,73,1,0
BRDA:1137,74,0,0
BRDA:1137,74,1,0
BRDA:1137,75,0,0
BRDA:1137,75,1,0
BRDA:1137,76,0,0
BRDA:1137,76,1,0
BRDA:1137,77,0,0
BRDA:1137,77,1,0
BRDA:1148,78,0,0
BRDA:1148,78,1,0
BRDA:1186,79,0,0
BRDA:1186,79,1,0
BRDA:1198,80,0,0
BRDA:1198,80,1,0
BRDA:1209,81,0,0
BRDA:1209,81,1,0
BRDA:1225,82,0,0
BRDA:1225,82,1,0
BRDA:1236,83,0,0
BRDA:1236,83,1,0
BRDA:1252,84,0,0
BRDA:1252,84,1,0
BRDA:1263,85,0,0
BRDA:1263,85,1,0
BRDA:1278,86,0,0
BRDA:1278,86,1,0
BRDA:1305,87,0,0
BRDA:1305,87,1,0
BRDA:1306,88,0,0
BRDA:1306,88,1,0
BRDA:1317,89,0,0
BRDA:1317,89,1,0
BRDA:1318,90,0,0
BRDA:1318,90,1,0
BRDA:1329,91,0,0
BRDA:1329,91,1,0
BRDA:1330,92,0,0
BRDA:1330,92,1,0
BRDA:1343,93,0,0
BRDA:1343,93,1,0
BRDA:1365,94,0,0
BRDA:1365,94,1,0
BRDA:1375,95,0,0
BRDA:1375,95,1,0
BRDA:1419,96,0,0
BRDA:1419,96,1,0
BRDA:1473,97,0,0
BRDA:1473,97,1,0
BRDA:1492,98,0,0
BRDA:1492,98,1,0
BRDA:1527,99,0,0
BRDA:1527,99,1,0
BRDA:1527,100,0,0
BRDA:1527,100,1,0
BRDA:1534,101,0,0
BRDA:1534,101,1,0
BRDA:1534,102,0,0
BRDA:1534,102,1,0
BRDA:1541,103,0,0
BRDA:1541,103,1,0
BRDA:1541,104,0,0
BRDA:1541,104,1,0
BRDA:1584,105,0,0
BRDA:1584,105,1,0
BRDA:1605,106,0,0
BRDA:1605,106,1,0
BRDA:1619,107,0,0
BRDA:1619,107,1,0
BRDA:1683,108,0,0
BRDA:1683,108,1,0
BRDA:1683,109,0,0
BRDA:1683,109,1,0
BRDA:1683,110,0,0
BRDA:1683,110,1,0
BRDA:1694,111,0,0
BRDA:1694,111,1,0
BRDA:1701,112,0,0
BRDA:1701,112,1,0
BRF:232
BRH:0
end_of_record
TN:
SF:components\TraceabilityMatrix.tsx
FN:12,TraceabilityMatrix
FN:24,(anonymous_1)
FN:28,(anonymous_2)
FN:51,(anonymous_3)
FN:57,(anonymous_4)
FN:60,(anonymous_5)
FN:65,(anonymous_6)
FN:77,(anonymous_7)
FN:78,(anonymous_8)
FN:84,(anonymous_9)
FN:85,(anonymous_10)
FN:85,(anonymous_11)
FN:90,(anonymous_12)
FN:108,(anonymous_13)
FN:133,(anonymous_14)
FN:164,(anonymous_15)
FN:188,(anonymous_16)
FN:189,(anonymous_17)
FN:191,(anonymous_18)
FN:222,(anonymous_19)
FN:229,(anonymous_20)
FN:263,(anonymous_21)
FN:274,(anonymous_22)
FN:286,(anonymous_23)
FN:315,(anonymous_24)
FN:315,(anonymous_25)
FN:320,(anonymous_26)
FN:332,(anonymous_27)
FN:332,(anonymous_28)
FN:336,(anonymous_29)
FN:349,(anonymous_30)
FN:349,(anonymous_31)
FN:362,(anonymous_32)
FN:362,(anonymous_33)
FN:377,(anonymous_34)
FN:377,(anonymous_35)
FN:417,(anonymous_36)
FN:418,(anonymous_37)
FN:428,(anonymous_38)
FN:429,(anonymous_39)
FNF:40
FNH:0
FNDA:0,TraceabilityMatrix
FNDA:0,(anonymous_1)
FNDA:0,(anonymous_2)
FNDA:0,(anonymous_3)
FNDA:0,(anonymous_4)
FNDA:0,(anonymous_5)
FNDA:0,(anonymous_6)
FNDA:0,(anonymous_7)
FNDA:0,(anonymous_8)
FNDA:0,(anonymous_9)
FNDA:0,(anonymous_10)
FNDA:0,(anonymous_11)
FNDA:0,(anonymous_12)
FNDA:0,(anonymous_13)
FNDA:0,(anonymous_14)
FNDA:0,(anonymous_15)
FNDA:0,(anonymous_16)
FNDA:0,(anonymous_17)
FNDA:0,(anonymous_18)
FNDA:0,(anonymous_19)
FNDA:0,(anonymous_20)
FNDA:0,(anonymous_21)
FNDA:0,(anonymous_22)
FNDA:0,(anonymous_23)
FNDA:0,(anonymous_24)
FNDA:0,(anonymous_25)
FNDA:0,(anonymous_26)
FNDA:0,(anonymous_27)
FNDA:0,(anonymous_28)
FNDA:0,(anonymous_29)
FNDA:0,(anonymous_30)
FNDA:0,(anonymous_31)
FNDA:0,(anonymous_32)
FNDA:0,(anonymous_33)
FNDA:0,(anonymous_34)
FNDA:0,(anonymous_35)
FNDA:0,(anonymous_36)
FNDA:0,(anonymous_37)
FNDA:0,(anonymous_38)
FNDA:0,(anonymous_39)
DA:3,0
DA:5,0
DA:12,0
DA:13,0
DA:14,0
DA:15,0
DA:16,0
DA:24,0
DA:25,0
DA:27,0
DA:28,0
DA:29,0
DA:33,0
DA:35,0
DA:45,0
DA:48,0
DA:51,0
DA:52,0
DA:53,0
DA:54,0
DA:57,0
DA:58,0
DA:59,0
DA:60,0
DA:65,0
DA:66,0
DA:73,0
DA:74,0
DA:77,0
DA:78,0
DA:79,0
DA:82,0
DA:84,0
DA:85,0
DA:90,0
DA:91,0
DA:109,0
DA:110,0
DA:112,0
DA:134,0
DA:164,0
DA:165,0
DA:189,0
DA:190,0
DA:191,0
DA:193,0
DA:222,0
DA:229,0
DA:253,0
DA:263,0
DA:274,0
DA:286,0
DA:315,0
DA:321,0
DA:332,0
DA:337,0
DA:349,0
DA:362,0
DA:377,0
DA:418,0
DA:419,0
DA:429,0
DA:430,0
LF:63
LH:0
BRDA:27,0,0,0
BRDA:27,0,1,0
BRDA:29,1,0,0
BRDA:29,1,1,0
BRDA:58,2,0,0
BRDA:58,2,1,0
BRDA:79,3,0,0
BRDA:79,3,1,0
BRDA:123,4,0,0
BRDA:123,4,1,0
BRDA:124,5,0,0
BRDA:124,5,1,0
BRDA:143,6,0,0
BRDA:143,6,1,0
BRDA:150,7,0,0
BRDA:150,7,1,0
BRDA:152,8,0,0
BRDA:152,8,1,0
BRDA:190,9,0,0
BRDA:190,9,1,0
BRDA:197,10,0,0
BRDA:197,10,1,0
BRDA:197,11,0,0
BRDA:197,11,1,0
BRDA:197,12,0,0
BRDA:197,12,1,0
BRDA:201,13,0,0
BRDA:201,13,1,0
BRDA:214,14,0,0
BRDA:214,14,1,0
BRDA:240,15,0,0
BRDA:240,15,1,0
BRDA:265,16,0,0
BRDA:265,16,1,0
BRDA:276,17,0,0
BRDA:276,17,1,0
BRDA:296,18,0,0
BRDA:296,18,1,0
BRDA:301,19,0,0
BRDA:301,19,1,0
BRDA:314,20,0,0
BRDA:314,20,1,0
BRDA:331,21,0,0
BRDA:331,21,1,0
BRDA:348,22,0,0
BRDA:348,22,1,0
BRDA:361,23,0,0
BRDA:361,23,1,0
BRDA:376,24,0,0
BRDA:376,24,1,0
BRDA:397,25,0,0
BRDA:397,25,1,0
BRDA:419,26,0,0
BRDA:419,26,1,0
BRDA:427,27,0,0
BRDA:427,27,1,0
BRDA:430,28,0,0
BRDA:430,28,1,0
BRDA:439,29,0,0
BRDA:439,29,1,0
BRF:60
BRH:0
end_of_record
TN:
SF:utils\detailedStigRequirements.ts
FN:61,convertCsvToStigRequirement
FN:63,(anonymous_1)
FN:73,(anonymous_2)
FN:73,(anonymous_3)
FN:76,(anonymous_4)
FN:79,(anonymous_5)
FN:104,parseStigCsv
FN:109,(anonymous_7)
FN:147,(anonymous_8)
FN:209,storeStigRequirements
FN:214,getStoredStigRequirements
FN:219,getAllStoredStigRequirements
FN:222,(anonymous_12)
FN:224,(anonymous_13)
FN:239,clearStoredStigRequirements
FN:244,(anonymous_15)
FN:254,getDetailedStigRequirements
FN:262,convertStigRequirementsToMatrix
FN:267,(anonymous_18)
FN:271,(anonymous_19)
FN:286,fetchAndConvertStigRequirements
FN:317,(anonymous_21)
FN:324,(anonymous_22)
FN:356,(anonymous_23)
FN:374,(anonymous_24)
FN:389,fetchAndConvertStigRequirementsToMatrix
FN:392,(anonymous_26)
FN:414,groupStigRequirementsByTitle
FN:417,(anonymous_28)
FN:458,(anonymous_29)
FN:470,getUniqueStigRequirementCount
FN:472,(anonymous_31)
FNF:32
FNH:22
FNDA:15,convertCsvToStigRequirement
FNDA:15,(anonymous_1)
FNDA:3,(anonymous_2)
FNDA:2,(anonymous_3)
FNDA:2,(anonymous_4)
FNDA:15,(anonymous_5)
FNDA:0,parseStigCsv
FNDA:0,(anonymous_7)
FNDA:0,(anonymous_8)
FNDA:16,storeStigRequirements
FNDA:14,getStoredStigRequirements
FNDA:3,getAllStoredStigRequirements
FNDA:3,(anonymous_12)
FNDA:3,(anonymous_13)
FNDA:30,clearStoredStigRequirements
FNDA:14,(anonymous_15)
FNDA:1,getDetailedStigRequirements
FNDA:2,convertStigRequirementsToMatrix
FNDA:3,(anonymous_18)
FNDA:3,(anonymous_19)
FNDA:0,fetchAndConvertStigRequirements
FNDA:0,(anonymous_21)
FNDA:0,(anonymous_22)
FNDA:0,(anonymous_23)
FNDA:0,(anonymous_24)
FNDA:0,fetchAndConvertStigRequirementsToMatrix
FNDA:0,(anonymous_26)
FNDA:4,groupStigRequirementsByTitle
FNDA:8,(anonymous_28)
FNDA:2,(anonymous_29)
FNDA:2,getUniqueStigRequirementCount
FNDA:3,(anonymous_31)
DA:61,1
DA:63,15
DA:64,15
DA:65,15
DA:66,12
DA:67,1
DA:68,0
DA:72,15
DA:73,3
DA:74,2
DA:75,2
DA:76,2
DA:79,15
DA:80,15
DA:81,5
DA:82,5
DA:83,3
DA:84,2
DA:85,0
DA:88,15
DA:104,1
DA:105,0
DA:106,0
DA:109,0
DA:111,0
DA:113,0
DA:114,0
DA:115,0
DA:118,0
DA:119,0
DA:120,0
DA:122,0
DA:123,0
DA:125,0
DA:126,0
DA:127,0
DA:128,0
DA:129,0
DA:131,0
DA:134,0
DA:137,0
DA:147,0
DA:148,0
DA:149,0
DA:151,0
DA:153,0
DA:154,0
DA:156,0
DA:157,0
DA:159,0
DA:160,0
DA:162,0
DA:163,0
DA:165,0
DA:166,0
DA:168,0
DA:169,0
DA:171,0
DA:172,0
DA:174,0
DA:175,0
DA:177,0
DA:178,0
DA:180,0
DA:181,0
DA:183,0
DA:184,0
DA:186,0
DA:187,0
DA:193,0
DA:194,0
DA:195,0
DA:196,0
DA:198,0
DA:202,0
DA:206,1
DA:209,1
DA:210,16
DA:214,1
DA:215,14
DA:219,1
DA:220,3
DA:222,3
DA:223,3
DA:224,3
DA:225,3
DA:235,3
DA:239,1
DA:240,30
DA:241,1
DA:244,29
DA:245,14
DA:254,1
DA:256,1
DA:262,1
DA:263,2
DA:265,2
DA:267,2
DA:268,3
DA:269,3
DA:271,3
DA:272,3
DA:281,2
DA:282,2
DA:286,1
DA:289,0
DA:290,0
DA:292,0
DA:294,0
DA:298,0
DA:300,0
DA:301,0
DA:302,0
DA:304,0
DA:306,0
DA:307,0
DA:308,0
DA:311,0
DA:312,0
DA:313,0
DA:316,0
DA:317,0
DA:318,0
DA:319,0
DA:321,0
DA:324,0
DA:326,0
DA:327,0
DA:329,0
DA:330,0
DA:331,0
DA:332,0
DA:334,0
DA:337,0
DA:355,0
DA:356,0
DA:357,0
DA:359,0
DA:361,0
DA:362,0
DA:365,0
DA:366,0
DA:371,0
DA:372,0
DA:374,0
DA:386,0
DA:389,1
DA:390,0
DA:391,0
DA:392,0
DA:393,0
DA:394,0
DA:401,0
DA:405,1
DA:408,1
DA:414,1
DA:415,4
DA:417,4
DA:418,8
DA:420,8
DA:421,2
DA:422,2
DA:423,2
DA:424,2
DA:427,2
DA:428,1
DA:429,1
DA:430,0
DA:431,1
DA:432,0
DA:436,2
DA:437,0
DA:438,2
DA:439,0
DA:442,6
DA:458,4
DA:460,2
DA:461,2
DA:462,2
DA:463,0
DA:470,1
DA:471,2
DA:472,3
DA:473,2
LF:184
LH:76
BRDA:65,0,0,3
BRDA:65,0,1,12
BRDA:65,1,0,15
BRDA:65,1,1,13
BRDA:66,2,0,11
BRDA:66,2,1,1
BRDA:66,3,0,12
BRDA:66,3,1,1
BRDA:67,4,0,1
BRDA:67,4,1,0
BRDA:67,5,0,1
BRDA:67,5,1,0
BRDA:72,6,0,1
BRDA:72,6,1,14
BRDA:75,7,0,2
BRDA:75,7,1,0
BRDA:80,8,0,10
BRDA:80,8,1,5
BRDA:82,9,0,2
BRDA:82,9,1,3
BRDA:82,10,0,5
BRDA:82,10,1,4
BRDA:83,11,0,1
BRDA:83,11,1,2
BRDA:83,12,0,3
BRDA:83,12,1,2
BRDA:84,13,0,2
BRDA:84,13,1,0
BRDA:84,14,0,2
BRDA:84,14,1,1
BRDA:89,15,0,15
BRDA:89,15,1,1
BRDA:89,15,2,0
BRDA:90,16,0,15
BRDA:90,16,1,15
BRDA:92,17,0,15
BRDA:92,17,1,0
BRDA:93,18,0,15
BRDA:93,18,1,0
BRDA:94,19,0,15
BRDA:94,19,1,0
BRDA:95,20,0,15
BRDA:95,20,1,0
BRDA:106,21,0,0
BRDA:106,21,1,0
BRDA:115,22,0,0
BRDA:115,22,1,0
BRDA:125,23,0,0
BRDA:125,23,1,0
BRDA:127,24,0,0
BRDA:127,24,1,0
BRDA:127,25,0,0
BRDA:127,25,1,0
BRDA:148,26,0,0
BRDA:148,26,1,0
BRDA:151,27,0,0
BRDA:151,27,1,0
BRDA:151,27,2,0
BRDA:151,27,3,0
BRDA:151,27,4,0
BRDA:151,27,5,0
BRDA:151,27,6,0
BRDA:151,27,7,0
BRDA:151,27,8,0
BRDA:151,27,9,0
BRDA:151,27,10,0
BRDA:151,27,11,0
BRDA:193,28,0,0
BRDA:193,28,1,0
BRDA:193,29,0,0
BRDA:193,29,1,0
BRDA:195,30,0,0
BRDA:195,30,1,0
BRDA:215,31,0,14
BRDA:215,31,1,5
BRDA:227,32,0,3
BRDA:227,32,1,3
BRDA:240,33,0,1
BRDA:240,33,1,29
BRDA:294,34,0,0
BRDA:294,34,1,0
BRDA:304,35,0,0
BRDA:304,35,1,0
BRDA:304,36,0,0
BRDA:304,36,1,0
BRDA:306,37,0,0
BRDA:306,37,1,0
BRDA:311,38,0,0
BRDA:311,38,1,0
BRDA:311,39,0,0
BRDA:311,39,1,0
BRDA:312,40,0,0
BRDA:312,40,1,0
BRDA:318,41,0,0
BRDA:318,41,1,0
BRDA:319,42,0,0
BRDA:319,42,1,0
BRDA:327,43,0,0
BRDA:327,43,1,0
BRDA:329,44,0,0
BRDA:329,44,1,0
BRDA:329,45,0,0
BRDA:329,45,1,0
BRDA:329,45,2,0
BRDA:331,46,0,0
BRDA:331,46,1,0
BRDA:331,47,0,0
BRDA:331,47,1,0
BRDA:331,47,2,0
BRDA:338,48,0,0
BRDA:338,48,1,0
BRDA:338,48,2,0
BRDA:342,49,0,0
BRDA:342,49,1,0
BRDA:343,50,0,0
BRDA:343,50,1,0
BRDA:344,51,0,0
BRDA:344,51,1,0
BRDA:345,52,0,0
BRDA:345,52,1,0
BRDA:349,53,0,0
BRDA:349,53,1,0
BRDA:349,54,0,0
BRDA:349,54,1,0
BRDA:357,55,0,0
BRDA:357,55,1,0
BRDA:371,56,0,0
BRDA:371,56,1,0
BRDA:371,57,0,0
BRDA:371,57,1,0
BRDA:393,58,0,0
BRDA:393,58,1,0
BRDA:420,59,0,2
BRDA:420,59,1,6
BRDA:427,60,0,1
BRDA:427,60,1,1
BRDA:427,61,0,2
BRDA:427,61,1,1
BRDA:429,62,0,0
BRDA:429,62,1,1
BRDA:429,63,0,1
BRDA:429,63,1,0
BRDA:431,64,0,0
BRDA:431,64,1,1
BRDA:436,65,0,0
BRDA:436,65,1,2
BRDA:436,66,0,2
BRDA:436,66,1,2
BRDA:438,67,0,0
BRDA:438,67,1,2
BRDA:438,68,0,2
BRDA:438,68,1,0
BRDA:462,69,0,2
BRDA:462,69,1,0
BRDA:472,70,0,0
BRDA:472,70,1,3
BRDA:472,71,0,3
BRDA:472,71,1,3
BRF:158
BRH:58
end_of_record
TN:
SF:utils\localStigLibrary.ts
FN:21,getStigDirectory
FN:28,hasLocalStig
FN:36,getLocalStigMetadata
FN:49,(anonymous_4)
FN:50,(anonymous_5)
FN:55,(anonymous_6)
FN:74,getLocalStigContent
FN:95,listLocalStigs
FN:104,(anonymous_9)
FN:105,(anonymous_10)
FN:116,(anonymous_11)
FN:126,getLocalStigStats
FN:132,(anonymous_13)
FN:133,(anonymous_14)
FN:135,(anonymous_15)
FNF:15
FNH:15
FNDA:35,getStigDirectory
FNDA:3,hasLocalStig
FNDA:17,getLocalStigMetadata
FNDA:3,(anonymous_4)
FNDA:3,(anonymous_5)
FNDA:8,(anonymous_6)
FNDA:4,getLocalStigContent
FNDA:6,listLocalStigs
FNDA:8,(anonymous_9)
FNDA:7,(anonymous_10)
FNDA:4,(anonymous_11)
FNDA:2,getLocalStigStats
FNDA:3,(anonymous_13)
FNDA:3,(anonymous_14)
FNDA:3,(anonymous_15)
DA:6,1
DA:7,1
DA:21,1
DA:22,35
DA:28,1
DA:29,3
DA:30,3
DA:36,1
DA:37,17
DA:38,17
DA:40,17
DA:41,11
DA:42,10
DA:46,5
DA:47,5
DA:48,3
DA:49,3
DA:50,3
DA:52,3
DA:53,3
DA:55,8
DA:64,2
DA:66,2
DA:67,2
DA:74,1
DA:75,4
DA:76,4
DA:77,4
DA:79,2
DA:81,2
DA:82,1
DA:85,1
DA:87,0
DA:88,0
DA:95,1
DA:96,6
DA:97,6
DA:99,6
DA:100,2
DA:103,4
DA:104,8
DA:105,7
DA:107,3
DA:109,3
DA:110,7
DA:111,7
DA:112,7
DA:116,4
DA:118,1
DA:119,1
DA:126,1
DA:127,2
DA:129,2
DA:132,3
DA:133,3
DA:135,3
LF:56
LH:54
BRDA:40,0,0,11
BRDA:40,0,1,5
BRDA:47,1,0,3
BRDA:47,1,1,2
BRDA:49,2,0,3
BRDA:49,2,1,1
BRDA:52,3,0,3
BRDA:52,3,1,0
BRDA:52,4,0,3
BRDA:52,4,1,1
BRDA:58,5,0,3
BRDA:58,5,1,1
BRDA:58,5,2,0
BRDA:59,6,0,2
BRDA:59,6,1,1
BRDA:77,7,0,2
BRDA:77,7,1,2
BRDA:81,8,0,1
BRDA:81,8,1,1
BRDA:99,9,0,2
BRDA:99,9,1,4
BRDA:111,10,0,7
BRDA:111,10,1,0
BRF:23
BRH:20
end_of_record
TN:
SF:utils\nistBaselines.ts
FN:261,getControlFamily
FN:270,getFullFamilyName
FN:280,isControlInBaseline
FNF:3
FNH:3
FNDA:11,getControlFamily
FNDA:26,getFullFamilyName
FNDA:642,isControlInBaseline
DA:9,1
DA:233,1
DA:261,1
DA:262,11
DA:270,1
DA:271,26
DA:280,1
DA:281,642
LF:8
LH:8
BRDA:271,0,0,26
BRDA:271,0,1,2
BRF:2
BRH:2
end_of_record
TN:
SF:utils\stigFamilyRecommendations.ts
FN:333,getStigFamilyRecommendations
FN:347,(anonymous_1)
FN:355,analyzeStigFamily
FN:388,(anonymous_3)
FN:417,(anonymous_4)
FN:422,(anonymous_5)
FN:501,detectDevelopmentEnvironment
FN:502,(anonymous_7)
FN:515,detectTechnologies
FN:531,(anonymous_9)
FN:534,(anonymous_10)
FN:547,isApplicationSecurityStig
FN:557,isInfrastructureStig
FN:568,checkExactTechnologyMatch
FN:586,(anonymous_14)
FN:592,calculateConfidenceScore
FN:620,getImplementationEffort
FN:621,(anonymous_17)
FN:624,(anonymous_18)
FN:625,(anonymous_19)
FN:626,(anonymous_20)
FNF:21
FNH:21
FNDA:10,getStigFamilyRecommendations
FNDA:166,(anonymous_1)
FNDA:180,analyzeStigFamily
FNDA:1134,(anonymous_3)
FNDA:882,(anonymous_4)
FNDA:483,(anonymous_5)
FNDA:180,detectDevelopmentEnvironment
FNDA:126,(anonymous_7)
FNDA:180,detectTechnologies
FNDA:126,(anonymous_9)
FNDA:1386,(anonymous_10)
FNDA:144,isApplicationSecurityStig
FNDA:126,isInfrastructureStig
FNDA:201,checkExactTechnologyMatch
FNDA:30,(anonymous_14)
FNDA:180,calculateConfidenceScore
FNDA:4,getImplementationEffort
FNDA:6,(anonymous_17)
FNDA:6,(anonymous_18)
FNDA:6,(anonymous_19)
FNDA:6,(anonymous_20)
DA:53,1
DA:315,1
DA:333,1
DA:337,10
DA:339,10
DA:340,180
DA:341,180
DA:342,127
DA:347,10
DA:348,166
DA:349,53
DA:351,113
DA:360,180
DA:369,180
DA:370,180
DA:371,180
DA:374,180
DA:375,180
DA:378,180
DA:379,7
DA:380,7
DA:384,180
DA:385,162
DA:388,162
DA:389,1134
DA:392,162
DA:393,18
DA:397,18
DA:398,18
DA:399,18
DA:403,162
DA:404,162
DA:405,162
DA:406,144
DA:408,162
DA:413,180
DA:414,126
DA:417,126
DA:418,882
DA:422,126
DA:423,483
DA:426,126
DA:428,21
DA:430,21
DA:431,0
DA:432,0
DA:435,21
DA:439,21
DA:441,21
DA:442,17
DA:444,21
DA:445,17
DA:451,180
DA:452,35
DA:453,35
DA:454,0
DA:459,180
DA:469,180
DA:477,180
DA:478,180
DA:479,12
DA:480,168
DA:481,148
DA:482,20
DA:483,20
DA:486,180
DA:502,180
DA:503,126
DA:504,126
DA:516,180
DA:517,180
DA:531,180
DA:532,126
DA:534,126
DA:535,1386
DA:536,126
DA:541,180
DA:548,144
DA:558,126
DA:573,201
DA:583,201
DA:584,201
DA:586,30
DA:598,180
DA:601,180
DA:602,180
DA:605,180
DA:606,180
DA:610,180
DA:611,0
DA:614,180
DA:620,1
DA:621,4
DA:622,6
DA:624,6
DA:625,6
DA:626,6
DA:629,4
DA:630,4
DA:632,4
LF:100
LH:96
BRDA:341,0,0,127
BRDA:341,0,1,53
BRDA:348,1,0,53
BRDA:348,1,1,113
BRDA:378,2,0,7
BRDA:378,2,1,173
BRDA:378,3,0,180
BRDA:378,3,1,126
BRDA:385,4,0,162
BRDA:385,4,1,0
BRDA:392,5,0,18
BRDA:392,5,1,144
BRDA:393,6,0,5
BRDA:393,6,1,13
BRDA:403,7,0,162
BRDA:403,7,1,0
BRDA:403,8,0,162
BRDA:403,8,1,162
BRDA:405,9,0,144
BRDA:405,9,1,18
BRDA:414,10,0,126
BRDA:414,10,1,0
BRDA:423,11,0,483
BRDA:423,11,1,457
BRDA:426,12,0,21
BRDA:426,12,1,105
BRDA:426,13,0,126
BRDA:426,13,1,109
BRDA:430,14,0,0
BRDA:430,14,1,21
BRDA:441,15,0,17
BRDA:441,15,1,4
BRDA:444,16,0,17
BRDA:444,16,1,4
BRDA:451,17,0,35
BRDA:451,17,1,145
BRDA:451,18,0,180
BRDA:451,18,1,126
BRDA:453,19,0,0
BRDA:453,19,1,35
BRDA:478,20,0,12
BRDA:478,20,1,168
BRDA:478,21,0,180
BRDA:478,21,1,12
BRDA:480,22,0,148
BRDA:480,22,1,20
BRDA:480,23,0,168
BRDA:480,23,1,162
BRDA:482,24,0,20
BRDA:482,24,1,0
BRDA:482,25,0,20
BRDA:482,25,1,19
BRDA:503,26,0,126
BRDA:503,26,1,0
BRDA:504,27,0,126
BRDA:504,27,1,36
BRDA:504,27,2,36
BRDA:504,27,3,18
BRDA:504,27,4,18
BRDA:504,27,5,18
BRDA:504,27,6,18
BRDA:504,27,7,18
BRDA:504,27,8,18
BRDA:504,27,9,18
BRDA:532,28,0,126
BRDA:532,28,1,0
BRDA:535,29,0,126
BRDA:535,29,1,1260
BRDA:548,30,0,144
BRDA:548,30,1,144
BRDA:548,30,2,132
BRDA:548,30,3,132
BRDA:558,31,0,126
BRDA:558,31,1,126
BRDA:558,31,2,112
BRDA:558,31,3,105
BRDA:558,31,4,98
BRDA:584,32,0,171
BRDA:584,32,1,30
BRDA:605,33,0,180
BRDA:605,33,1,0
BRDA:610,34,0,0
BRDA:610,34,1,180
BRF:83
BRH:73
end_of_record
