TN:
SF:app\layout.tsx
FN:13,RootLayout
FNF:1
FNH:0
FNDA:0,RootLayout
DA:1,0
DA:3,0
DA:4,0
DA:6,0
DA:8,0
DA:13,0
DA:18,0
LF:7
LH:0
BRF:0
BRH:0
end_of_record
TN:
SF:app\page.tsx
FN:14,Home
FN:27,(anonymous_2)
FN:47,(anonymous_3)
FN:48,(anonymous_4)
FN:51,(anonymous_5)
FN:52,(anonymous_6)
FN:60,(anonymous_7)
FN:62,(anonymous_8)
FN:66,(anonymous_9)
FN:67,(anonymous_10)
FN:70,(anonymous_11)
FN:80,(anonymous_12)
FN:101,(anonymous_13)
FN:106,(anonymous_14)
FN:111,(anonymous_15)
FN:138,(anonymous_16)
FN:201,(anonymous_17)
FN:218,(anonymous_18)
FN:250,(anonymous_19)
FN:251,(anonymous_20)
FN:257,(anonymous_21)
FN:259,(anonymous_22)
FN:265,(anonymous_23)
FN:271,(anonymous_24)
FNF:24
FNH:0
FNDA:0,Home
FNDA:0,(anonymous_2)
FNDA:0,(anonymous_3)
FNDA:0,(anonymous_4)
FNDA:0,(anonymous_5)
FNDA:0,(anonymous_6)
FNDA:0,(anonymous_7)
FNDA:0,(anonymous_8)
FNDA:0,(anonymous_9)
FNDA:0,(anonymous_10)
FNDA:0,(anonymous_11)
FNDA:0,(anonymous_12)
FNDA:0,(anonymous_13)
FNDA:0,(anonymous_14)
FNDA:0,(anonymous_15)
FNDA:0,(anonymous_16)
FNDA:0,(anonymous_17)
FNDA:0,(anonymous_18)
FNDA:0,(anonymous_19)
FNDA:0,(anonymous_20)
FNDA:0,(anonymous_21)
FNDA:0,(anonymous_22)
FNDA:0,(anonymous_23)
FNDA:0,(anonymous_24)
DA:3,0
DA:5,0
DA:6,0
DA:7,0
DA:8,0
DA:9,0
DA:10,0
DA:11,0
DA:12,0
DA:14,0
DA:16,0
DA:17,0
DA:18,0
DA:27,0
DA:28,0
DA:35,0
DA:38,0
DA:47,0
DA:48,0
DA:51,0
DA:52,0
DA:57,0
DA:60,0
DA:62,0
DA:64,0
DA:66,0
DA:67,0
DA:68,0
DA:70,0
DA:76,0
DA:80,0
DA:81,0
DA:88,0
DA:89,0
DA:90,0
DA:92,0
DA:93,0
DA:94,0
DA:95,0
DA:96,0
DA:97,0
DA:98,0
DA:101,0
DA:102,0
DA:103,0
DA:105,0
DA:106,0
DA:107,0
DA:108,0
DA:111,0
DA:118,0
DA:119,0
DA:120,0
DA:122,0
DA:125,0
DA:129,0
DA:131,0
DA:132,0
DA:135,0
DA:138,0
DA:139,0
DA:141,0
DA:148,0
DA:151,0
DA:155,0
DA:202,0
DA:204,0
DA:205,0
DA:207,0
DA:208,0
DA:209,0
DA:210,0
DA:211,0
DA:212,0
DA:215,0
DA:218,0
DA:250,0
DA:251,0
DA:257,0
DA:259,0
DA:265,0
DA:271,0
LF:82
LH:0
BRDA:66,0,0,0
BRDA:66,0,1,0
BRDA:102,1,0,0
BRDA:102,1,1,0
BRDA:102,2,0,0
BRDA:102,2,1,0
BRDA:103,3,0,0
BRDA:103,3,1,0
BRDA:108,4,0,0
BRDA:108,4,1,0
BRDA:108,5,0,0
BRDA:108,5,1,0
BRDA:118,6,0,0
BRDA:118,6,1,0
BRDA:119,7,0,0
BRDA:119,7,1,0
BRDA:139,8,0,0
BRDA:139,8,1,0
BRDA:207,9,0,0
BRDA:207,9,1,0
BRDA:207,10,0,0
BRDA:207,10,1,0
BRDA:210,11,0,0
BRDA:210,11,1,0
BRDA:210,12,0,0
BRDA:210,12,1,0
BRDA:210,12,2,0
BRDA:218,13,0,0
BRDA:218,13,1,0
BRDA:221,14,0,0
BRDA:221,14,1,0
BRDA:223,15,0,0
BRDA:223,15,1,0
BRDA:227,16,0,0
BRDA:227,16,1,0
BRDA:232,17,0,0
BRDA:232,17,1,0
BRDA:241,18,0,0
BRDA:241,18,1,0
BRDA:241,18,2,0
BRDA:247,19,0,0
BRDA:247,19,1,0
BRDA:254,20,0,0
BRDA:254,20,1,0
BRDA:262,21,0,0
BRDA:262,21,1,0
BRDA:268,22,0,0
BRDA:268,22,1,0
BRDA:274,23,0,0
BRDA:274,23,1,0
BRDA:281,24,0,0
BRDA:281,24,1,0
BRF:52
BRH:0
end_of_record
TN:
SF:app\api\fetch-disa-rss\route.ts
FN:7,GET
FN:60,parseDisaRss
FN:111,extractStigId
FNF:3
FNH:0
FNDA:0,GET
FNDA:0,parseDisaRss
FNDA:0,extractStigId
DA:1,0
DA:7,0
DA:8,0
DA:9,0
DA:11,0
DA:13,0
DA:22,0
DA:23,0
DA:24,0
DA:31,0
DA:34,0
DA:36,0
DA:38,0
DA:46,0
DA:49,0
DA:61,0
DA:63,0
DA:67,0
DA:68,0
DA:69,0
DA:70,0
DA:71,0
DA:74,0
DA:75,0
DA:77,0
DA:78,0
DA:79,0
DA:80,0
DA:82,0
DA:83,0
DA:84,0
DA:87,0
DA:88,0
DA:90,0
DA:102,0
DA:105,0
DA:113,0
DA:114,0
DA:117,0
LF:39
LH:0
BRDA:22,0,0,0
BRDA:22,0,1,0
BRDA:51,1,0,0
BRDA:51,1,1,0
BRDA:82,2,0,0
BRDA:82,2,1,0
BRDA:84,3,0,0
BRDA:84,3,1,0
BRDA:88,4,0,0
BRDA:88,4,1,0
BRDA:88,5,0,0
BRDA:88,5,1,0
BRDA:88,6,0,0
BRDA:88,6,1,0
BRDA:94,7,0,0
BRDA:94,7,1,0
BRDA:95,8,0,0
BRDA:95,8,1,0
BRDA:114,9,0,0
BRDA:114,9,1,0
BRF:20
BRH:0
end_of_record
TN:
SF:app\api\fetch-stig-csv\route.ts
FN:4,GET
FN:10,(anonymous_1)
FN:10,(anonymous_2)
FN:15,(anonymous_3)
FNF:4
FNH:0
FNDA:0,GET
FNDA:0,(anonymous_1)
FNDA:0,(anonymous_2)
FNDA:0,(anonymous_3)
DA:1,0
DA:3,0
DA:4,0
DA:5,0
DA:6,0
DA:7,0
DA:8,0
DA:10,0
DA:11,0
DA:13,0
DA:15,0
DA:16,0
DA:17,0
DA:19,0
DA:20,0
DA:21,0
DA:22,0
DA:23,0
DA:26,0
DA:27,0
DA:28,0
DA:29,0
DA:30,0
DA:31,0
DA:34,0
DA:35,0
DA:37,0
DA:40,0
DA:44,0
LF:29
LH:0
BRDA:7,0,0,0
BRDA:7,0,1,0
BRDA:16,1,0,0
BRDA:16,1,1,0
BRDA:16,2,0,0
BRDA:16,2,1,0
BRDA:16,3,0,0
BRDA:16,3,1,0
BRDA:22,4,0,0
BRDA:22,4,1,0
BRDA:26,5,0,0
BRDA:26,5,1,0
BRDA:29,6,0,0
BRDA:29,6,1,0
BRDA:34,7,0,0
BRDA:34,7,1,0
BRF:16
BRH:0
end_of_record
TN:
SF:app\api\stig-updates\route.ts
FN:17,GET
FN:35,(anonymous_10)
FN:79,(anonymous_11)
FN:85,(anonymous_12)
FN:88,(anonymous_13)
FN:89,(anonymous_14)
FN:91,(anonymous_15)
FN:146,POST
FN:195,(anonymous_17)
FNF:9
FNH:0
FNDA:0,GET
FNDA:0,(anonymous_10)
FNDA:0,(anonymous_11)
FNDA:0,(anonymous_12)
FNDA:0,(anonymous_13)
FNDA:0,(anonymous_14)
FNDA:0,(anonymous_15)
FNDA:0,POST
FNDA:0,(anonymous_17)
DA:1,0
DA:2,0
DA:17,0
DA:18,0
DA:19,0
DA:21,0
DA:22,0
DA:25,0
DA:26,0
DA:35,0
DA:36,0
DA:37,0
DA:44,0
DA:45,0
DA:53,0
DA:61,0
DA:62,0
DA:69,0
DA:70,0
DA:72,0
DA:73,0
DA:76,0
DA:77,0
DA:78,0
DA:79,0
DA:80,0
DA:84,0
DA:85,0
DA:88,0
DA:89,0
DA:90,0
DA:91,0
DA:92,0
DA:93,0
DA:98,0
DA:108,0
DA:116,0
DA:117,0
DA:124,0
DA:125,0
DA:132,0
DA:138,0
DA:139,0
DA:146,0
DA:147,0
DA:148,0
DA:149,0
DA:151,0
DA:153,0
DA:154,0
DA:162,0
DA:163,0
DA:165,0
DA:173,0
DA:174,0
DA:179,0
DA:180,0
DA:188,0
DA:189,0
DA:194,0
DA:195,0
DA:196,0
DA:209,0
DA:210,0
DA:215,0
DA:216,0
DA:220,0
DA:221,0
DA:226,0
DA:227,0
DA:230,0
DA:236,0
DA:237,0
LF:73
LH:0
BRDA:22,0,0,0
BRDA:22,0,1,0
BRDA:22,0,2,0
BRDA:22,0,3,0
BRDA:22,0,4,0
BRDA:22,0,5,0
BRDA:22,0,6,0
BRDA:22,0,7,0
BRDA:22,0,8,0
BRDA:72,1,0,0
BRDA:72,1,1,0
BRDA:76,2,0,0
BRDA:76,2,1,0
BRDA:78,3,0,0
BRDA:78,3,1,0
BRDA:80,4,0,0
BRDA:80,4,1,0
BRDA:90,5,0,0
BRDA:90,5,1,0
BRDA:92,6,0,0
BRDA:92,6,1,0
BRDA:151,7,0,0
BRDA:151,7,1,0
BRDA:151,7,2,0
BRDA:151,7,3,0
BRDA:151,7,4,0
BRDA:151,7,5,0
BRDA:151,7,6,0
BRDA:156,8,0,0
BRDA:156,8,1,0
BRDA:162,9,0,0
BRDA:162,9,1,0
BRDA:173,10,0,0
BRDA:173,10,1,0
BRDA:173,11,0,0
BRDA:173,11,1,0
BRDA:188,12,0,0
BRDA:188,12,1,0
BRDA:188,13,0,0
BRDA:188,13,1,0
BRDA:188,13,2,0
BRDA:209,14,0,0
BRDA:209,14,1,0
BRDA:220,15,0,0
BRDA:220,15,1,0
BRF:45
BRH:0
end_of_record
TN:
SF:components\AutoUpdateInitializer.tsx
FN:6,AutoUpdateInitializer
FN:7,(anonymous_1)
FN:12,(anonymous_2)
FNF:3
FNH:0
FNDA:0,AutoUpdateInitializer
FNDA:0,(anonymous_1)
FNDA:0,(anonymous_2)
DA:3,0
DA:4,0
DA:6,0
DA:7,0
DA:9,0
DA:12,0
DA:18,0
LF:7
LH:0
BRF:0
BRH:0
end_of_record
TN:
SF:components\AutoUpdateTestPanel.tsx
FN:16,AutoUpdateTestPanel
FN:20,(anonymous_1)
FN:21,(anonymous_2)
FN:24,(anonymous_3)
FN:104,(anonymous_4)
FN:121,(anonymous_5)
FN:138,(anonymous_6)
FN:146,(anonymous_7)
FN:193,(anonymous_8)
FN:203,(anonymous_9)
FNF:10
FNH:0
FNDA:0,AutoUpdateTestPanel
FNDA:0,(anonymous_1)
FNDA:0,(anonymous_2)
FNDA:0,(anonymous_3)
FNDA:0,(anonymous_4)
FNDA:0,(anonymous_5)
FNDA:0,(anonymous_6)
FNDA:0,(anonymous_7)
FNDA:0,(anonymous_8)
FNDA:0,(anonymous_9)
DA:3,0
DA:4,0
DA:13,0
DA:14,0
DA:16,0
DA:17,0
DA:18,0
DA:20,0
DA:21,0
DA:24,0
DA:25,0
DA:26,0
DA:28,0
DA:30,0
DA:33,0
DA:40,0
DA:41,0
DA:42,0
DA:43,0
DA:49,0
DA:53,0
DA:54,0
DA:55,0
DA:61,0
DA:65,0
DA:66,0
DA:67,0
DA:73,0
DA:77,0
DA:78,0
DA:79,0
DA:85,0
DA:89,0
DA:90,0
DA:91,0
DA:92,0
DA:98,0
DA:102,0
DA:103,0
DA:104,0
DA:105,0
DA:111,0
DA:115,0
DA:117,0
DA:121,0
DA:122,0
DA:123,0
DA:124,0
DA:125,0
DA:126,0
DA:132,0
DA:134,0
DA:138,0
DA:139,0
DA:146,0
DA:147,0
DA:149,0
DA:193,0
DA:204,0
LF:59
LH:0
BRDA:30,0,0,0
BRDA:30,0,1,0
BRDA:30,0,2,0
BRDA:46,1,0,0
BRDA:46,1,1,0
BRDA:46,2,0,0
BRDA:46,2,1,0
BRDA:46,3,0,0
BRDA:46,3,1,0
BRDA:95,4,0,0
BRDA:95,4,1,0
BRDA:139,5,0,0
BRDA:139,5,1,0
BRDA:156,6,0,0
BRDA:156,6,1,0
BRDA:158,7,0,0
BRDA:158,7,1,0
BRDA:159,8,0,0
BRDA:159,8,1,0
BRDA:178,9,0,0
BRDA:178,9,1,0
BRDA:179,10,0,0
BRDA:179,10,1,0
BRDA:187,11,0,0
BRDA:187,11,1,0
BRDA:191,12,0,0
BRDA:191,12,1,0
BRDA:201,13,0,0
BRDA:201,13,1,0
BRDA:207,14,0,0
BRDA:207,14,1,0
BRDA:231,15,0,0
BRDA:231,15,1,0
BRDA:231,15,2,0
BRDA:244,16,0,0
BRDA:244,16,1,0
BRDA:245,17,0,0
BRDA:245,17,1,0
BRDA:250,18,0,0
BRDA:250,18,1,0
BRDA:251,19,0,0
BRDA:251,19,1,0
BRF:42
BRH:0
end_of_record
TN:
SF:components\ControlForm.tsx
FN:12,RequirementForm
FN:29,(anonymous_1)
FN:34,(anonymous_2)
FN:59,(anonymous_3)
FN:65,(anonymous_4)
FN:67,(anonymous_5)
FN:71,(anonymous_6)
FN:97,(anonymous_7)
FN:126,(anonymous_8)
FN:126,(anonymous_9)
FN:138,(anonymous_10)
FN:138,(anonymous_11)
FN:153,(anonymous_12)
FN:153,(anonymous_13)
FN:165,(anonymous_14)
FN:165,(anonymous_15)
FN:194,(anonymous_16)
FN:194,(anonymous_17)
FN:212,(anonymous_18)
FN:212,(anonymous_19)
FN:233,(anonymous_20)
FN:233,(anonymous_21)
FN:265,(anonymous_22)
FN:265,(anonymous_23)
FN:278,(anonymous_24)
FN:278,(anonymous_25)
FN:293,(anonymous_26)
FN:293,(anonymous_27)
FN:308,(anonymous_28)
FN:308,(anonymous_29)
FN:371,(anonymous_30)
FN:439,(anonymous_31)
FN:446,(anonymous_32)
FNF:33
FNH:0
FNDA:0,RequirementForm
FNDA:0,(anonymous_1)
FNDA:0,(anonymous_2)
FNDA:0,(anonymous_3)
FNDA:0,(anonymous_4)
FNDA:0,(anonymous_5)
FNDA:0,(anonymous_6)
FNDA:0,(anonymous_7)
FNDA:0,(anonymous_8)
FNDA:0,(anonymous_9)
FNDA:0,(anonymous_10)
FNDA:0,(anonymous_11)
FNDA:0,(anonymous_12)
FNDA:0,(anonymous_13)
FNDA:0,(anonymous_14)
FNDA:0,(anonymous_15)
FNDA:0,(anonymous_16)
FNDA:0,(anonymous_17)
FNDA:0,(anonymous_18)
FNDA:0,(anonymous_19)
FNDA:0,(anonymous_20)
FNDA:0,(anonymous_21)
FNDA:0,(anonymous_22)
FNDA:0,(anonymous_23)
FNDA:0,(anonymous_24)
FNDA:0,(anonymous_25)
FNDA:0,(anonymous_26)
FNDA:0,(anonymous_27)
FNDA:0,(anonymous_28)
FNDA:0,(anonymous_29)
FNDA:0,(anonymous_30)
FNDA:0,(anonymous_31)
FNDA:0,(anonymous_32)
DA:3,0
DA:5,0
DA:12,0
DA:13,0
DA:14,0
DA:15,0
DA:29,0
DA:30,0
DA:32,0
DA:34,0
DA:35,0
DA:39,0
DA:42,0
DA:53,0
DA:56,0
DA:59,0
DA:60,0
DA:61,0
DA:62,0
DA:65,0
DA:66,0
DA:67,0
DA:71,0
DA:72,0
DA:85,0
DA:86,0
DA:89,0
DA:97,0
DA:126,0
DA:138,0
DA:153,0
DA:165,0
DA:194,0
DA:212,0
DA:233,0
DA:265,0
DA:278,0
DA:293,0
DA:308,0
DA:372,0
DA:439,0
DA:446,0
LF:42
LH:0
BRDA:32,0,0,0
BRDA:32,0,1,0
BRDA:35,1,0,0
BRDA:35,1,1,0
BRDA:66,2,0,0
BRDA:66,2,1,0
BRDA:106,3,0,0
BRDA:106,3,1,0
BRDA:111,4,0,0
BRDA:111,4,1,0
BRDA:125,5,0,0
BRDA:125,5,1,0
BRDA:137,6,0,0
BRDA:137,6,1,0
BRDA:152,7,0,0
BRDA:152,7,1,0
BRDA:164,8,0,0
BRDA:164,8,1,0
BRDA:193,9,0,0
BRDA:193,9,1,0
BRDA:194,10,0,0
BRDA:194,10,1,0
BRDA:211,11,0,0
BRDA:211,11,1,0
BRDA:212,12,0,0
BRDA:212,12,1,0
BRDA:232,13,0,0
BRDA:232,13,1,0
BRDA:264,14,0,0
BRDA:264,14,1,0
BRDA:277,15,0,0
BRDA:277,15,1,0
BRDA:292,16,0,0
BRDA:292,16,1,0
BRDA:307,17,0,0
BRDA:307,17,1,0
BRDA:333,18,0,0
BRDA:333,18,1,0
BRDA:380,19,0,0
BRDA:380,19,1,0
BRDA:391,20,0,0
BRDA:391,20,1,0
BRDA:396,21,0,0
BRDA:396,21,1,0
BRDA:401,22,0,0
BRDA:401,22,1,0
BRDA:408,23,0,0
BRDA:408,23,1,0
BRDA:411,24,0,0
BRDA:411,24,1,0
BRDA:418,25,0,0
BRDA:418,25,1,0
BRDA:419,26,0,0
BRDA:419,26,1,0
BRDA:427,27,0,0
BRDA:427,27,1,0
BRDA:428,28,0,0
BRDA:428,28,1,0
BRDA:429,29,0,0
BRDA:429,29,1,0
BRDA:430,30,0,0
BRDA:430,30,1,0
BRDA:456,31,0,0
BRDA:456,31,1,0
BRF:64
BRH:0
end_of_record
TN:
SF:components\DesignElementForm.tsx
FN:13,DesignElementForm
FN:24,(anonymous_1)
FN:28,(anonymous_2)
FN:51,(anonymous_3)
FN:57,(anonymous_4)
FN:59,(anonymous_5)
FN:63,(anonymous_6)
FN:86,(anonymous_7)
FN:142,(anonymous_8)
FN:142,(anonymous_9)
FN:154,(anonymous_10)
FN:154,(anonymous_11)
FN:172,(anonymous_12)
FN:172,(anonymous_13)
FN:187,(anonymous_14)
FN:187,(anonymous_15)
FN:200,(anonymous_16)
FN:200,(anonymous_17)
FN:252,(anonymous_18)
FN:279,(anonymous_19)
FN:286,(anonymous_20)
FNF:21
FNH:0
FNDA:0,DesignElementForm
FNDA:0,(anonymous_1)
FNDA:0,(anonymous_2)
FNDA:0,(anonymous_3)
FNDA:0,(anonymous_4)
FNDA:0,(anonymous_5)
FNDA:0,(anonymous_6)
FNDA:0,(anonymous_7)
FNDA:0,(anonymous_8)
FNDA:0,(anonymous_9)
FNDA:0,(anonymous_10)
FNDA:0,(anonymous_11)
FNDA:0,(anonymous_12)
FNDA:0,(anonymous_13)
FNDA:0,(anonymous_14)
FNDA:0,(anonymous_15)
FNDA:0,(anonymous_16)
FNDA:0,(anonymous_17)
FNDA:0,(anonymous_18)
FNDA:0,(anonymous_19)
FNDA:0,(anonymous_20)
DA:3,0
DA:5,0
DA:13,0
DA:14,0
DA:15,0
DA:16,0
DA:24,0
DA:25,0
DA:27,0
DA:28,0
DA:29,0
DA:33,0
DA:35,0
DA:45,0
DA:48,0
DA:51,0
DA:52,0
DA:53,0
DA:54,0
DA:57,0
DA:58,0
DA:59,0
DA:63,0
DA:64,0
DA:71,0
DA:72,0
DA:75,0
DA:86,0
DA:142,0
DA:154,0
DA:172,0
DA:187,0
DA:200,0
DA:253,0
DA:279,0
DA:286,0
LF:36
LH:0
BRDA:27,0,0,0
BRDA:27,0,1,0
BRDA:29,1,0,0
BRDA:29,1,1,0
BRDA:58,2,0,0
BRDA:58,2,1,0
BRDA:113,3,0,0
BRDA:113,3,1,0
BRDA:115,4,0,0
BRDA:115,4,1,0
BRDA:122,5,0,0
BRDA:122,5,1,0
BRDA:127,6,0,0
BRDA:127,6,1,0
BRDA:141,7,0,0
BRDA:141,7,1,0
BRDA:153,8,0,0
BRDA:153,8,1,0
BRDA:171,9,0,0
BRDA:171,9,1,0
BRDA:186,10,0,0
BRDA:186,10,1,0
BRDA:199,11,0,0
BRDA:199,11,1,0
BRDA:220,12,0,0
BRDA:220,12,1,0
BRDA:261,13,0,0
BRDA:261,13,1,0
BRDA:271,14,0,0
BRDA:271,14,1,0
BRDA:274,15,0,0
BRDA:274,15,1,0
BRDA:296,16,0,0
BRDA:296,16,1,0
BRDA:308,17,0,0
BRDA:308,17,1,0
BRDA:315,18,0,0
BRDA:315,18,1,0
BRF:38
BRH:0
end_of_record
TN:
SF:components\RequirementForm.tsx
FN:13,RequirementForm
FN:31,(anonymous_1)
FN:36,(anonymous_2)
FN:61,(anonymous_3)
FN:67,(anonymous_4)
FN:69,(anonymous_5)
FN:73,(anonymous_6)
FN:92,(anonymous_7)
FN:105,(anonymous_8)
FN:116,(anonymous_9)
FN:121,(anonymous_10)
FN:126,(anonymous_11)
FN:141,(anonymous_12)
FN:197,(anonymous_13)
FN:197,(anonymous_14)
FN:209,(anonymous_15)
FN:209,(anonymous_16)
FN:224,(anonymous_17)
FN:224,(anonymous_18)
FN:236,(anonymous_19)
FN:236,(anonymous_20)
FN:265,(anonymous_21)
FN:265,(anonymous_22)
FN:283,(anonymous_23)
FN:283,(anonymous_24)
FN:304,(anonymous_25)
FN:304,(anonymous_26)
FN:336,(anonymous_27)
FN:336,(anonymous_28)
FN:349,(anonymous_29)
FN:349,(anonymous_30)
FN:364,(anonymous_31)
FN:364,(anonymous_32)
FN:379,(anonymous_33)
FN:379,(anonymous_34)
FN:444,(anonymous_35)
FN:452,(anonymous_36)
FN:472,(anonymous_37)
FN:473,(anonymous_38)
FN:494,(anonymous_39)
FN:564,(anonymous_40)
FN:571,(anonymous_41)
FNF:42
FNH:0
FNDA:0,RequirementForm
FNDA:0,(anonymous_1)
FNDA:0,(anonymous_2)
FNDA:0,(anonymous_3)
FNDA:0,(anonymous_4)
FNDA:0,(anonymous_5)
FNDA:0,(anonymous_6)
FNDA:0,(anonymous_7)
FNDA:0,(anonymous_8)
FNDA:0,(anonymous_9)
FNDA:0,(anonymous_10)
FNDA:0,(anonymous_11)
FNDA:0,(anonymous_12)
FNDA:0,(anonymous_13)
FNDA:0,(anonymous_14)
FNDA:0,(anonymous_15)
FNDA:0,(anonymous_16)
FNDA:0,(anonymous_17)
FNDA:0,(anonymous_18)
FNDA:0,(anonymous_19)
FNDA:0,(anonymous_20)
FNDA:0,(anonymous_21)
FNDA:0,(anonymous_22)
FNDA:0,(anonymous_23)
FNDA:0,(anonymous_24)
FNDA:0,(anonymous_25)
FNDA:0,(anonymous_26)
FNDA:0,(anonymous_27)
FNDA:0,(anonymous_28)
FNDA:0,(anonymous_29)
FNDA:0,(anonymous_30)
FNDA:0,(anonymous_31)
FNDA:0,(anonymous_32)
FNDA:0,(anonymous_33)
FNDA:0,(anonymous_34)
FNDA:0,(anonymous_35)
FNDA:0,(anonymous_36)
FNDA:0,(anonymous_37)
FNDA:0,(anonymous_38)
FNDA:0,(anonymous_39)
FNDA:0,(anonymous_40)
FNDA:0,(anonymous_41)
DA:3,0
DA:5,0
DA:6,0
DA:13,0
DA:14,0
DA:15,0
DA:16,0
DA:17,0
DA:31,0
DA:32,0
DA:34,0
DA:36,0
DA:37,0
DA:41,0
DA:44,0
DA:55,0
DA:58,0
DA:61,0
DA:62,0
DA:63,0
DA:64,0
DA:67,0
DA:68,0
DA:69,0
DA:73,0
DA:74,0
DA:87,0
DA:88,0
DA:92,0
DA:93,0
DA:94,0
DA:95,0
DA:97,0
DA:98,0
DA:102,0
DA:105,0
DA:106,0
DA:107,0
DA:108,0
DA:110,0
DA:112,0
DA:116,0
DA:117,0
DA:121,0
DA:122,0
DA:126,0
DA:127,0
DA:130,0
DA:141,0
DA:197,0
DA:209,0
DA:224,0
DA:236,0
DA:265,0
DA:283,0
DA:304,0
DA:336,0
DA:349,0
DA:364,0
DA:379,0
DA:445,0
DA:446,0
DA:448,0
DA:452,0
DA:473,0
DA:474,0
DA:475,0
DA:495,0
DA:564,0
DA:571,0
LF:70
LH:0
BRDA:34,0,0,0
BRDA:34,0,1,0
BRDA:37,1,0,0
BRDA:37,1,1,0
BRDA:68,2,0,0
BRDA:68,2,1,0
BRDA:93,3,0,0
BRDA:93,3,1,0
BRDA:94,4,0,0
BRDA:94,4,1,0
BRDA:107,5,0,0
BRDA:107,5,1,0
BRDA:127,6,0,0
BRDA:127,6,1,0
BRDA:168,7,0,0
BRDA:168,7,1,0
BRDA:170,8,0,0
BRDA:170,8,1,0
BRDA:177,9,0,0
BRDA:177,9,1,0
BRDA:182,10,0,0
BRDA:182,10,1,0
BRDA:196,11,0,0
BRDA:196,11,1,0
BRDA:208,12,0,0
BRDA:208,12,1,0
BRDA:223,13,0,0
BRDA:223,13,1,0
BRDA:235,14,0,0
BRDA:235,14,1,0
BRDA:264,15,0,0
BRDA:264,15,1,0
BRDA:265,16,0,0
BRDA:265,16,1,0
BRDA:282,17,0,0
BRDA:282,17,1,0
BRDA:283,18,0,0
BRDA:283,18,1,0
BRDA:303,19,0,0
BRDA:303,19,1,0
BRDA:335,20,0,0
BRDA:335,20,1,0
BRDA:348,21,0,0
BRDA:348,21,1,0
BRDA:363,22,0,0
BRDA:363,22,1,0
BRDA:378,23,0,0
BRDA:378,23,1,0
BRDA:404,24,0,0
BRDA:404,24,1,0
BRDA:414,25,0,0
BRDA:414,25,1,0
BRDA:425,26,0,0
BRDA:425,26,1,0
BRDA:425,27,0,0
BRDA:425,27,1,0
BRDA:456,28,0,0
BRDA:456,28,1,0
BRDA:466,29,0,0
BRDA:466,29,1,0
BRDA:474,30,0,0
BRDA:474,30,1,0
BRDA:479,31,0,0
BRDA:479,31,1,0
BRDA:480,32,0,0
BRDA:480,32,1,0
BRDA:492,33,0,0
BRDA:492,33,1,0
BRDA:500,34,0,0
BRDA:500,34,1,0
BRDA:518,35,0,0
BRDA:518,35,1,0
BRDA:519,36,0,0
BRDA:519,36,1,0
BRDA:526,37,0,0
BRDA:526,37,1,0
BRDA:527,38,0,0
BRDA:527,38,1,0
BRDA:528,39,0,0
BRDA:528,39,1,0
BRDA:529,40,0,0
BRDA:529,40,1,0
BRDA:535,41,0,0
BRDA:535,41,1,0
BRDA:541,42,0,0
BRDA:541,42,1,0
BRDA:547,43,0,0
BRDA:547,43,1,0
BRDA:553,44,0,0
BRDA:553,44,1,0
BRF:90
BRH:0
end_of_record
TN:
SF:components\StigFamilyRecommendations.tsx
FN:23,StigFamilyRecommendations
FN:43,(anonymous_1)
FN:47,(anonymous_2)
FN:55,(anonymous_3)
FN:60,(anonymous_4)
FN:61,(anonymous_5)
FN:70,(anonymous_6)
FN:74,(anonymous_7)
FN:75,(anonymous_8)
FN:86,(anonymous_9)
FN:87,(anonymous_10)
FN:90,(anonymous_11)
FN:94,(anonymous_12)
FN:100,(anonymous_13)
FN:102,(anonymous_14)
FN:113,(anonymous_15)
FN:123,(anonymous_16)
FN:130,(anonymous_17)
FN:136,(anonymous_18)
FN:140,(anonymous_19)
FN:141,(anonymous_20)
FN:160,(anonymous_21)
FN:170,(anonymous_22)
FN:192,(anonymous_23)
FN:222,(anonymous_24)
FN:244,(anonymous_25)
FN:245,(anonymous_26)
FN:256,(anonymous_27)
FN:257,(anonymous_28)
FN:260,(anonymous_29)
FN:264,(anonymous_30)
FN:283,(anonymous_31)
FN:316,(anonymous_32)
FN:317,(anonymous_33)
FN:319,(anonymous_34)
FN:319,(anonymous_35)
FN:338,(anonymous_36)
FN:374,(anonymous_37)
FN:416,(anonymous_38)
FN:451,(anonymous_39)
FN:469,(anonymous_40)
FN:508,(anonymous_41)
FN:513,(anonymous_42)
FN:666,(anonymous_43)
FN:694,(anonymous_44)
FN:719,(anonymous_45)
FN:726,(anonymous_46)
FN:761,(anonymous_47)
FN:786,(anonymous_48)
FN:787,(anonymous_49)
FN:813,(anonymous_50)
FN:828,(anonymous_51)
FN:843,(anonymous_52)
FN:844,(anonymous_53)
FN:875,(anonymous_54)
FN:876,(anonymous_55)
FN:907,(anonymous_56)
FN:908,(anonymous_57)
FN:939,(anonymous_58)
FN:940,(anonymous_59)
FN:971,(anonymous_60)
FN:972,(anonymous_61)
FN:1003,(anonymous_62)
FN:1004,(anonymous_63)
FN:1058,(anonymous_64)
FNF:65
FNH:0
FNDA:0,StigFamilyRecommendations
FNDA:0,(anonymous_1)
FNDA:0,(anonymous_2)
FNDA:0,(anonymous_3)
FNDA:0,(anonymous_4)
FNDA:0,(anonymous_5)
FNDA:0,(anonymous_6)
FNDA:0,(anonymous_7)
FNDA:0,(anonymous_8)
FNDA:0,(anonymous_9)
FNDA:0,(anonymous_10)
FNDA:0,(anonymous_11)
FNDA:0,(anonymous_12)
FNDA:0,(anonymous_13)
FNDA:0,(anonymous_14)
FNDA:0,(anonymous_15)
FNDA:0,(anonymous_16)
FNDA:0,(anonymous_17)
FNDA:0,(anonymous_18)
FNDA:0,(anonymous_19)
FNDA:0,(anonymous_20)
FNDA:0,(anonymous_21)
FNDA:0,(anonymous_22)
FNDA:0,(anonymous_23)
FNDA:0,(anonymous_24)
FNDA:0,(anonymous_25)
FNDA:0,(anonymous_26)
FNDA:0,(anonymous_27)
FNDA:0,(anonymous_28)
FNDA:0,(anonymous_29)
FNDA:0,(anonymous_30)
FNDA:0,(anonymous_31)
FNDA:0,(anonymous_32)
FNDA:0,(anonymous_33)
FNDA:0,(anonymous_34)
FNDA:0,(anonymous_35)
FNDA:0,(anonymous_36)
FNDA:0,(anonymous_37)
FNDA:0,(anonymous_38)
FNDA:0,(anonymous_39)
FNDA:0,(anonymous_40)
FNDA:0,(anonymous_41)
FNDA:0,(anonymous_42)
FNDA:0,(anonymous_43)
FNDA:0,(anonymous_44)
FNDA:0,(anonymous_45)
FNDA:0,(anonymous_46)
FNDA:0,(anonymous_47)
FNDA:0,(anonymous_48)
FNDA:0,(anonymous_49)
FNDA:0,(anonymous_50)
FNDA:0,(anonymous_51)
FNDA:0,(anonymous_52)
FNDA:0,(anonymous_53)
FNDA:0,(anonymous_54)
FNDA:0,(anonymous_55)
FNDA:0,(anonymous_56)
FNDA:0,(anonymous_57)
FNDA:0,(anonymous_58)
FNDA:0,(anonymous_59)
FNDA:0,(anonymous_60)
FNDA:0,(anonymous_61)
FNDA:0,(anonymous_62)
FNDA:0,(anonymous_63)
FNDA:0,(anonymous_64)
DA:3,0
DA:5,0
DA:14,0
DA:15,0
DA:23,0
DA:24,0
DA:25,0
DA:26,0
DA:27,0
DA:28,0
DA:29,0
DA:30,0
DA:31,0
DA:32,0
DA:33,0
DA:34,0
DA:35,0
DA:36,0
DA:37,0
DA:38,0
DA:39,0
DA:40,0
DA:43,0
DA:44,0
DA:47,0
DA:48,0
DA:49,0
DA:50,0
DA:55,0
DA:56,0
DA:60,0
DA:61,0
DA:62,0
DA:63,0
DA:64,0
DA:68,0
DA:69,0
DA:70,0
DA:74,0
DA:75,0
DA:76,0
DA:77,0
DA:78,0
DA:80,0
DA:82,0
DA:86,0
DA:87,0
DA:90,0
DA:91,0
DA:94,0
DA:95,0
DA:96,0
DA:100,0
DA:101,0
DA:102,0
DA:103,0
DA:104,0
DA:105,0
DA:107,0
DA:109,0
DA:113,0
DA:115,0
DA:116,0
DA:120,0
DA:121,0
DA:123,0
DA:124,0
DA:128,0
DA:129,0
DA:130,0
DA:131,0
DA:133,0
DA:136,0
DA:137,0
DA:138,0
DA:140,0
DA:141,0
DA:142,0
DA:145,0
DA:148,0
DA:149,0
DA:150,0
DA:153,0
DA:157,0
DA:160,0
DA:161,0
DA:162,0
DA:163,0
DA:164,0
DA:165,0
DA:166,0
DA:170,0
DA:171,0
DA:172,0
DA:173,0
DA:174,0
DA:175,0
DA:176,0
DA:180,0
DA:181,0
DA:192,0
DA:193,0
DA:194,0
DA:196,0
DA:197,0
DA:198,0
DA:199,0
DA:201,0
DA:202,0
DA:203,0
DA:205,0
DA:206,0
DA:208,0
DA:211,0
DA:212,0
DA:215,0
DA:216,0
DA:218,0
DA:222,0
DA:223,0
DA:224,0
DA:232,0
DA:233,0
DA:234,0
DA:235,0
DA:236,0
DA:239,0
DA:240,0
DA:244,0
DA:245,0
DA:246,0
DA:247,0
DA:248,0
DA:250,0
DA:252,0
DA:256,0
DA:257,0
DA:260,0
DA:261,0
DA:264,0
DA:265,0
DA:266,0
DA:267,0
DA:270,0
DA:279,0
DA:281,0
DA:282,0
DA:283,0
DA:285,0
DA:287,0
DA:296,0
DA:298,0
DA:299,0
DA:302,0
DA:303,0
DA:304,0
DA:305,0
DA:307,0
DA:309,0
DA:312,0
DA:315,0
DA:316,0
DA:317,0
DA:319,0
DA:322,0
DA:325,0
DA:328,0
DA:331,0
DA:332,0
DA:334,0
DA:338,0
DA:339,0
DA:340,0
DA:341,0
DA:343,0
DA:345,0
DA:346,0
DA:347,0
DA:348,0
DA:349,0
DA:350,0
DA:351,0
DA:352,0
DA:353,0
DA:355,0
DA:358,0
DA:359,0
DA:363,0
DA:374,0
DA:417,0
DA:418,0
DA:419,0
DA:452,0
DA:453,0
DA:454,0
DA:455,0
DA:456,0
DA:457,0
DA:459,0
DA:470,0
DA:471,0
DA:509,0
DA:510,0
DA:513,0
DA:667,0
DA:668,0
DA:695,0
DA:696,0
DA:720,0
DA:721,0
DA:723,0
DA:726,0
DA:762,0
DA:763,0
DA:764,0
DA:765,0
DA:767,0
DA:786,0
DA:787,0
DA:813,0
DA:829,0
DA:843,0
DA:844,0
DA:875,0
DA:876,0
DA:907,0
DA:908,0
DA:939,0
DA:940,0
DA:971,0
DA:972,0
DA:1003,0
DA:1004,0
DA:1059,0
DA:1060,0
LF:235
LH:0
BRDA:48,0,0,0
BRDA:48,0,1,0
BRDA:48,1,0,0
BRDA:48,1,1,0
BRDA:63,2,0,0
BRDA:63,2,1,0
BRDA:68,3,0,0
BRDA:68,3,1,0
BRDA:77,4,0,0
BRDA:77,4,1,0
BRDA:95,5,0,0
BRDA:95,5,1,0
BRDA:104,6,0,0
BRDA:104,6,1,0
BRDA:115,7,0,0
BRDA:115,7,1,0
BRDA:121,8,0,0
BRDA:121,8,1,0
BRDA:123,9,0,0
BRDA:123,9,1,0
BRDA:123,10,0,0
BRDA:123,10,1,0
BRDA:129,11,0,0
BRDA:129,11,1,0
BRDA:130,12,0,0
BRDA:130,12,1,0
BRDA:130,13,0,0
BRDA:130,13,1,0
BRDA:142,14,0,0
BRDA:142,14,1,0
BRDA:149,15,0,0
BRDA:149,15,1,0
BRDA:153,16,0,0
BRDA:153,16,1,0
BRDA:161,17,0,0
BRDA:161,17,1,0
BRDA:161,17,2,0
BRDA:161,17,3,0
BRDA:161,17,4,0
BRDA:171,18,0,0
BRDA:171,18,1,0
BRDA:171,18,2,0
BRDA:171,18,3,0
BRDA:171,18,4,0
BRDA:180,19,0,0
BRDA:180,19,1,0
BRDA:180,20,0,0
BRDA:180,20,1,0
BRDA:201,21,0,0
BRDA:201,21,1,0
BRDA:205,22,0,0
BRDA:205,22,1,0
BRDA:208,23,0,0
BRDA:208,23,1,0
BRDA:233,24,0,0
BRDA:233,24,1,0
BRDA:247,25,0,0
BRDA:247,25,1,0
BRDA:265,26,0,0
BRDA:265,26,1,0
BRDA:279,27,0,0
BRDA:279,27,1,0
BRDA:298,28,0,0
BRDA:298,28,1,0
BRDA:304,29,0,0
BRDA:304,29,1,0
BRDA:328,30,0,0
BRDA:328,30,1,0
BRDA:343,31,0,0
BRDA:343,31,1,0
BRDA:379,32,0,0
BRDA:379,32,1,0
BRDA:382,33,0,0
BRDA:382,33,1,0
BRDA:392,34,0,0
BRDA:392,34,1,0
BRDA:398,35,0,0
BRDA:398,35,1,0
BRDA:403,36,0,0
BRDA:403,36,1,0
BRDA:409,37,0,0
BRDA:409,37,1,0
BRDA:418,38,0,0
BRDA:418,38,1,0
BRDA:418,39,0,0
BRDA:418,39,1,0
BRDA:422,40,0,0
BRDA:422,40,1,0
BRDA:427,41,0,0
BRDA:427,41,1,0
BRDA:431,42,0,0
BRDA:431,42,1,0
BRDA:437,43,0,0
BRDA:437,43,1,0
BRDA:454,44,0,0
BRDA:454,44,1,0
BRDA:454,44,2,0
BRDA:476,45,0,0
BRDA:476,45,1,0
BRDA:478,46,0,0
BRDA:478,46,1,0
BRDA:483,47,0,0
BRDA:483,47,1,0
BRDA:487,48,0,0
BRDA:487,48,1,0
BRDA:490,49,0,0
BRDA:490,49,1,0
BRDA:515,50,0,0
BRDA:515,50,1,0
BRDA:522,51,0,0
BRDA:522,51,1,0
BRDA:526,52,0,0
BRDA:526,52,1,0
BRDA:532,53,0,0
BRDA:532,53,1,0
BRDA:533,54,0,0
BRDA:533,54,1,0
BRDA:535,55,0,0
BRDA:535,55,1,0
BRDA:540,56,0,0
BRDA:540,56,1,0
BRDA:543,57,0,0
BRDA:543,57,1,0
BRDA:544,58,0,0
BRDA:544,58,1,0
BRDA:545,59,0,0
BRDA:545,59,1,0
BRDA:559,60,0,0
BRDA:559,60,1,0
BRDA:566,61,0,0
BRDA:566,61,1,0
BRDA:568,62,0,0
BRDA:568,62,1,0
BRDA:570,63,0,0
BRDA:570,63,1,0
BRDA:598,64,0,0
BRDA:598,64,1,0
BRDA:599,65,0,0
BRDA:599,65,1,0
BRDA:619,66,0,0
BRDA:619,66,1,0
BRDA:624,67,0,0
BRDA:624,67,1,0
BRDA:625,68,0,0
BRDA:625,68,1,0
BRDA:632,69,0,0
BRDA:632,69,1,0
BRDA:639,70,0,0
BRDA:639,70,1,0
BRDA:639,70,2,0
BRDA:644,71,0,0
BRDA:644,71,1,0
BRDA:655,72,0,0
BRDA:655,72,1,0
BRDA:688,73,0,0
BRDA:688,73,1,0
BRDA:728,74,0,0
BRDA:728,74,1,0
BRDA:737,75,0,0
BRDA:737,75,1,0
BRDA:741,76,0,0
BRDA:741,76,1,0
BRDA:763,77,0,0
BRDA:763,77,1,0
BRDA:763,77,2,0
BRDA:764,78,0,0
BRDA:764,78,1,0
BRDA:769,79,0,0
BRDA:769,79,1,0
BRDA:778,80,0,0
BRDA:778,80,1,0
BRDA:789,81,0,0
BRDA:789,81,1,0
BRDA:810,82,0,0
BRDA:810,82,1,0
BRDA:819,83,0,0
BRDA:819,83,1,0
BRDA:825,84,0,0
BRDA:825,84,1,0
BRDA:834,85,0,0
BRDA:834,85,1,0
BRDA:838,86,0,0
BRDA:838,86,1,0
BRDA:849,87,0,0
BRDA:849,87,1,0
BRDA:870,88,0,0
BRDA:870,88,1,0
BRDA:881,89,0,0
BRDA:881,89,1,0
BRDA:902,90,0,0
BRDA:902,90,1,0
BRDA:913,91,0,0
BRDA:913,91,1,0
BRDA:934,92,0,0
BRDA:934,92,1,0
BRDA:945,93,0,0
BRDA:945,93,1,0
BRDA:966,94,0,0
BRDA:966,94,1,0
BRDA:977,95,0,0
BRDA:977,95,1,0
BRDA:998,96,0,0
BRDA:998,96,1,0
BRDA:1009,97,0,0
BRDA:1009,97,1,0
BRDA:1048,98,0,0
BRDA:1048,98,1,0
BRF:207
BRH:0
end_of_record
TN:
SF:components\StigManagement.tsx
FN:14,StigManagement
FN:19,(anonymous_1)
FN:26,(anonymous_2)
FN:35,(anonymous_3)
FN:39,(anonymous_4)
FN:40,(anonymous_5)
FN:51,(anonymous_6)
FN:52,(anonymous_7)
FN:63,(anonymous_8)
FN:72,(anonymous_9)
FN:82,(anonymous_10)
FN:108,(anonymous_11)
FN:109,(anonymous_12)
FN:117,(anonymous_13)
FN:138,(anonymous_14)
FN:181,(anonymous_15)
FN:189,(anonymous_16)
FN:216,(anonymous_17)
FNF:18
FNH:0
FNDA:0,StigManagement
FNDA:0,(anonymous_1)
FNDA:0,(anonymous_2)
FNDA:0,(anonymous_3)
FNDA:0,(anonymous_4)
FNDA:0,(anonymous_5)
FNDA:0,(anonymous_6)
FNDA:0,(anonymous_7)
FNDA:0,(anonymous_8)
FNDA:0,(anonymous_9)
FNDA:0,(anonymous_10)
FNDA:0,(anonymous_11)
FNDA:0,(anonymous_12)
FNDA:0,(anonymous_13)
FNDA:0,(anonymous_14)
FNDA:0,(anonymous_15)
FNDA:0,(anonymous_16)
FNDA:0,(anonymous_17)
DA:3,0
DA:5,0
DA:6,0
DA:7,0
DA:14,0
DA:15,0
DA:16,0
DA:17,0
DA:19,0
DA:20,0
DA:21,0
DA:26,0
DA:27,0
DA:28,0
DA:29,0
DA:30,0
DA:34,0
DA:35,0
DA:36,0
DA:39,0
DA:40,0
DA:41,0
DA:42,0
DA:43,0
DA:45,0
DA:47,0
DA:51,0
DA:52,0
DA:53,0
DA:54,0
DA:55,0
DA:57,0
DA:59,0
DA:63,0
DA:64,0
DA:65,0
DA:66,0
DA:67,0
DA:68,0
DA:72,0
DA:73,0
DA:74,0
DA:75,0
DA:76,0
DA:77,0
DA:81,0
DA:82,0
DA:84,0
DA:86,0
DA:109,0
DA:110,0
DA:111,0
DA:112,0
DA:114,0
DA:118,0
DA:119,0
DA:120,0
DA:139,0
DA:140,0
DA:141,0
DA:143,0
DA:181,0
DA:189,0
DA:217,0
LF:64
LH:0
BRDA:20,0,0,0
BRDA:20,0,1,0
BRDA:27,1,0,0
BRDA:27,1,1,0
BRDA:27,1,2,0
BRDA:28,2,0,0
BRDA:28,2,1,0
BRDA:42,3,0,0
BRDA:42,3,1,0
BRDA:54,4,0,0
BRDA:54,4,1,0
BRDA:64,5,0,0
BRDA:64,5,1,0
BRDA:64,5,2,0
BRDA:64,5,3,0
BRDA:73,6,0,0
BRDA:73,6,1,0
BRDA:73,6,2,0
BRDA:73,6,3,0
BRDA:104,7,0,0
BRDA:104,7,1,0
BRDA:109,8,0,0
BRDA:109,8,1,0
BRDA:110,9,0,0
BRDA:110,9,1,0
BRDA:112,10,0,0
BRDA:112,10,1,0
BRDA:112,11,0,0
BRDA:112,11,1,0
BRDA:112,12,0,0
BRDA:112,12,1,0
BRDA:119,13,0,0
BRDA:119,13,1,0
BRDA:133,14,0,0
BRDA:133,14,1,0
BRDA:136,15,0,0
BRDA:136,15,1,0
BRDA:155,16,0,0
BRDA:155,16,1,0
BRDA:165,17,0,0
BRDA:165,17,1,0
BRDA:168,18,0,0
BRDA:168,18,1,0
BRDA:171,19,0,0
BRDA:171,19,1,0
BRDA:179,20,0,0
BRDA:179,20,1,0
BRDA:183,21,0,0
BRDA:183,21,1,0
BRDA:185,22,0,0
BRDA:185,22,1,0
BRDA:192,23,0,0
BRDA:192,23,1,0
BRDA:197,24,0,0
BRDA:197,24,1,0
BRDA:212,25,0,0
BRDA:212,25,1,0
BRDA:212,25,2,0
BRF:58
BRH:0
end_of_record
TN:
SF:components\SystemCategorization.tsx
FN:366,SystemCategorization
FN:378,(anonymous_2)
FN:390,(anonymous_3)
FN:396,(anonymous_4)
FN:397,(anonymous_5)
FN:398,(anonymous_6)
FN:406,(anonymous_7)
FN:412,(anonymous_8)
FN:416,(anonymous_9)
FN:439,(anonymous_10)
FN:445,(anonymous_11)
FN:447,(anonymous_12)
FN:451,(anonymous_13)
FN:462,(anonymous_14)
FN:484,(anonymous_15)
FN:494,(anonymous_16)
FN:500,(anonymous_17)
FN:501,(anonymous_18)
FN:503,(anonymous_19)
FN:509,(anonymous_20)
FN:510,(anonymous_21)
FN:512,(anonymous_22)
FN:516,(anonymous_23)
FN:521,(anonymous_24)
FN:525,(anonymous_25)
FN:556,(anonymous_26)
FN:563,(anonymous_27)
FN:586,(anonymous_28)
FN:595,(anonymous_29)
FN:599,(anonymous_30)
FN:620,(anonymous_31)
FN:677,(anonymous_32)
FN:677,(anonymous_33)
FN:688,(anonymous_34)
FN:688,(anonymous_35)
FN:712,(anonymous_36)
FN:718,(anonymous_37)
FN:732,(anonymous_38)
FN:734,(anonymous_39)
FN:740,(anonymous_40)
FN:773,(anonymous_41)
FN:777,(anonymous_42)
FN:792,(anonymous_43)
FN:804,(anonymous_44)
FN:817,(anonymous_45)
FN:834,(anonymous_46)
FN:851,(anonymous_47)
FN:930,(anonymous_48)
FN:930,(anonymous_49)
FN:968,(anonymous_50)
FN:979,(anonymous_51)
FN:986,(anonymous_52)
FN:993,(anonymous_53)
FN:1032,(anonymous_54)
FN:1164,(anonymous_55)
FN:1166,(anonymous_56)
FNF:56
FNH:0
FNDA:0,SystemCategorization
FNDA:0,(anonymous_2)
FNDA:0,(anonymous_3)
FNDA:0,(anonymous_4)
FNDA:0,(anonymous_5)
FNDA:0,(anonymous_6)
FNDA:0,(anonymous_7)
FNDA:0,(anonymous_8)
FNDA:0,(anonymous_9)
FNDA:0,(anonymous_10)
FNDA:0,(anonymous_11)
FNDA:0,(anonymous_12)
FNDA:0,(anonymous_13)
FNDA:0,(anonymous_14)
FNDA:0,(anonymous_15)
FNDA:0,(anonymous_16)
FNDA:0,(anonymous_17)
FNDA:0,(anonymous_18)
FNDA:0,(anonymous_19)
FNDA:0,(anonymous_20)
FNDA:0,(anonymous_21)
FNDA:0,(anonymous_22)
FNDA:0,(anonymous_23)
FNDA:0,(anonymous_24)
FNDA:0,(anonymous_25)
FNDA:0,(anonymous_26)
FNDA:0,(anonymous_27)
FNDA:0,(anonymous_28)
FNDA:0,(anonymous_29)
FNDA:0,(anonymous_30)
FNDA:0,(anonymous_31)
FNDA:0,(anonymous_32)
FNDA:0,(anonymous_33)
FNDA:0,(anonymous_34)
FNDA:0,(anonymous_35)
FNDA:0,(anonymous_36)
FNDA:0,(anonymous_37)
FNDA:0,(anonymous_38)
FNDA:0,(anonymous_39)
FNDA:0,(anonymous_40)
FNDA:0,(anonymous_41)
FNDA:0,(anonymous_42)
FNDA:0,(anonymous_43)
FNDA:0,(anonymous_44)
FNDA:0,(anonymous_45)
FNDA:0,(anonymous_46)
FNDA:0,(anonymous_47)
FNDA:0,(anonymous_48)
FNDA:0,(anonymous_49)
FNDA:0,(anonymous_50)
FNDA:0,(anonymous_51)
FNDA:0,(anonymous_52)
FNDA:0,(anonymous_53)
FNDA:0,(anonymous_54)
FNDA:0,(anonymous_55)
FNDA:0,(anonymous_56)
DA:3,0
DA:5,0
DA:6,0
DA:7,0
DA:17,0
DA:332,0
DA:335,0
DA:366,0
DA:367,0
DA:368,0
DA:369,0
DA:370,0
DA:378,0
DA:383,0
DA:384,0
DA:390,0
DA:391,0
DA:392,0
DA:393,0
DA:395,0
DA:396,0
DA:397,0
DA:398,0
DA:403,0
DA:406,0
DA:407,0
DA:408,0
DA:412,0
DA:413,0
DA:415,0
DA:416,0
DA:417,0
DA:421,0
DA:423,0
DA:433,0
DA:436,0
DA:439,0
DA:440,0
DA:441,0
DA:442,0
DA:445,0
DA:446,0
DA:447,0
DA:451,0
DA:452,0
DA:458,0
DA:459,0
DA:462,0
DA:463,0
DA:464,0
DA:466,0
DA:467,0
DA:474,0
DA:475,0
DA:476,0
DA:477,0
DA:479,0
DA:480,0
DA:484,0
DA:485,0
DA:494,0
DA:500,0
DA:501,0
DA:504,0
DA:509,0
DA:510,0
DA:512,0
DA:516,0
DA:518,0
DA:521,0
DA:522,0
DA:523,0
DA:525,0
DA:526,0
DA:536,0
DA:553,0
DA:556,0
DA:557,0
DA:558,0
DA:559,0
DA:560,0
DA:563,0
DA:564,0
DA:583,0
DA:586,0
DA:587,0
DA:588,0
DA:589,0
DA:590,0
DA:591,0
DA:595,0
DA:597,0
DA:598,0
DA:599,0
DA:600,0
DA:601,0
DA:606,0
DA:609,0
DA:620,0
DA:677,0
DA:688,0
DA:713,0
DA:718,0
DA:734,0
DA:737,0
DA:738,0
DA:739,0
DA:740,0
DA:741,0
DA:747,0
DA:753,0
DA:754,0
DA:756,0
DA:757,0
DA:759,0
DA:760,0
DA:763,0
DA:766,0
DA:767,0
DA:773,0
DA:778,0
DA:792,0
DA:804,0
DA:818,0
DA:819,0
DA:835,0
DA:836,0
DA:852,0
DA:853,0
DA:930,0
DA:968,0
DA:979,0
DA:986,0
DA:993,0
DA:1033,0
DA:1166,0
DA:1167,0
DA:1170,0
LF:138
LH:0
BRDA:378,0,0,0
BRDA:383,1,0,0
BRDA:383,1,1,0
BRDA:391,2,0,0
BRDA:391,2,1,0
BRDA:392,3,0,0
BRDA:392,3,1,0
BRDA:403,4,0,0
BRDA:403,4,1,0
BRDA:407,5,0,0
BRDA:407,5,1,0
BRDA:407,6,0,0
BRDA:407,6,1,0
BRDA:415,7,0,0
BRDA:415,7,1,0
BRDA:417,8,0,0
BRDA:417,8,1,0
BRDA:446,9,0,0
BRDA:446,9,1,0
BRDA:464,10,0,0
BRDA:464,10,1,0
BRDA:496,11,0,0
BRDA:496,11,1,0
BRDA:503,12,0,0
BRDA:503,12,1,0
BRDA:503,13,0,0
BRDA:503,13,1,0
BRDA:504,14,0,0
BRDA:504,14,1,0
BRDA:512,15,0,0
BRDA:512,15,1,0
BRDA:512,16,0,0
BRDA:512,16,1,0
BRDA:523,17,0,0
BRDA:523,17,1,0
BRDA:526,18,0,0
BRDA:526,18,1,0
BRDA:558,19,0,0
BRDA:558,19,1,0
BRDA:559,20,0,0
BRDA:559,20,1,0
BRDA:583,21,0,0
BRDA:583,21,1,0
BRDA:587,22,0,0
BRDA:587,22,1,0
BRDA:587,22,2,0
BRDA:587,22,3,0
BRDA:598,23,0,0
BRDA:598,23,1,0
BRDA:600,24,0,0
BRDA:600,24,1,0
BRDA:647,25,0,0
BRDA:647,25,1,0
BRDA:649,26,0,0
BRDA:649,26,1,0
BRDA:656,27,0,0
BRDA:656,27,1,0
BRDA:661,28,0,0
BRDA:661,28,1,0
BRDA:676,29,0,0
BRDA:676,29,1,0
BRDA:687,30,0,0
BRDA:687,30,1,0
BRDA:712,31,0,0
BRDA:712,31,1,0
BRDA:712,32,0,0
BRDA:712,32,1,0
BRDA:737,33,0,0
BRDA:737,33,1,0
BRDA:739,34,0,0
BRDA:739,34,1,0
BRDA:741,35,0,0
BRDA:741,35,1,0
BRDA:749,36,0,0
BRDA:749,36,1,0
BRDA:749,37,0,0
BRDA:749,37,1,0
BRDA:749,38,0,0
BRDA:749,38,1,0
BRDA:750,39,0,0
BRDA:750,39,1,0
BRDA:750,40,0,0
BRDA:750,40,1,0
BRDA:750,41,0,0
BRDA:750,41,1,0
BRDA:753,42,0,0
BRDA:753,42,1,0
BRDA:753,43,0,0
BRDA:753,43,1,0
BRDA:753,44,0,0
BRDA:753,44,1,0
BRDA:756,45,0,0
BRDA:756,45,1,0
BRDA:756,46,0,0
BRDA:756,46,1,0
BRDA:756,47,0,0
BRDA:756,47,1,0
BRDA:759,48,0,0
BRDA:759,48,1,0
BRDA:759,49,0,0
BRDA:759,49,1,0
BRDA:759,50,0,0
BRDA:759,50,1,0
BRDA:766,51,0,0
BRDA:766,51,1,0
BRDA:766,52,0,0
BRDA:766,52,1,0
BRDA:766,52,2,0
BRDA:766,53,0,0
BRDA:766,53,1,0
BRDA:766,54,0,0
BRDA:766,54,1,0
BRDA:766,55,0,0
BRDA:766,55,1,0
BRDA:766,56,0,0
BRDA:766,56,1,0
BRDA:766,57,0,0
BRDA:766,57,1,0
BRDA:766,58,0,0
BRDA:766,58,1,0
BRDA:777,59,0,0
BRDA:777,59,1,0
BRDA:864,60,0,0
BRDA:864,60,1,0
BRDA:891,61,0,0
BRDA:891,61,1,0
BRDA:892,62,0,0
BRDA:892,62,1,0
BRDA:903,63,0,0
BRDA:903,63,1,0
BRDA:904,64,0,0
BRDA:904,64,1,0
BRDA:915,65,0,0
BRDA:915,65,1,0
BRDA:916,66,0,0
BRDA:916,66,1,0
BRDA:929,67,0,0
BRDA:929,67,1,0
BRDA:951,68,0,0
BRDA:951,68,1,0
BRDA:961,69,0,0
BRDA:961,69,1,0
BRDA:1005,70,0,0
BRDA:1005,70,1,0
BRDA:1066,71,0,0
BRDA:1066,71,1,0
BRDA:1144,72,0,0
BRDA:1144,72,1,0
BRDA:1144,73,0,0
BRDA:1144,73,1,0
BRDA:1144,74,0,0
BRDA:1144,74,1,0
BRDA:1155,75,0,0
BRDA:1155,75,1,0
BRDA:1162,76,0,0
BRDA:1162,76,1,0
BRF:156
BRH:0
end_of_record
TN:
SF:components\TraceabilityMatrix.tsx
FN:12,TraceabilityMatrix
FN:24,(anonymous_1)
FN:28,(anonymous_2)
FN:51,(anonymous_3)
FN:57,(anonymous_4)
FN:60,(anonymous_5)
FN:65,(anonymous_6)
FN:77,(anonymous_7)
FN:78,(anonymous_8)
FN:84,(anonymous_9)
FN:85,(anonymous_10)
FN:85,(anonymous_11)
FN:90,(anonymous_12)
FN:108,(anonymous_13)
FN:133,(anonymous_14)
FN:164,(anonymous_15)
FN:188,(anonymous_16)
FN:189,(anonymous_17)
FN:191,(anonymous_18)
FN:222,(anonymous_19)
FN:229,(anonymous_20)
FN:263,(anonymous_21)
FN:274,(anonymous_22)
FN:286,(anonymous_23)
FN:315,(anonymous_24)
FN:315,(anonymous_25)
FN:320,(anonymous_26)
FN:332,(anonymous_27)
FN:332,(anonymous_28)
FN:336,(anonymous_29)
FN:349,(anonymous_30)
FN:349,(anonymous_31)
FN:362,(anonymous_32)
FN:362,(anonymous_33)
FN:377,(anonymous_34)
FN:377,(anonymous_35)
FN:417,(anonymous_36)
FN:418,(anonymous_37)
FN:428,(anonymous_38)
FN:429,(anonymous_39)
FNF:40
FNH:0
FNDA:0,TraceabilityMatrix
FNDA:0,(anonymous_1)
FNDA:0,(anonymous_2)
FNDA:0,(anonymous_3)
FNDA:0,(anonymous_4)
FNDA:0,(anonymous_5)
FNDA:0,(anonymous_6)
FNDA:0,(anonymous_7)
FNDA:0,(anonymous_8)
FNDA:0,(anonymous_9)
FNDA:0,(anonymous_10)
FNDA:0,(anonymous_11)
FNDA:0,(anonymous_12)
FNDA:0,(anonymous_13)
FNDA:0,(anonymous_14)
FNDA:0,(anonymous_15)
FNDA:0,(anonymous_16)
FNDA:0,(anonymous_17)
FNDA:0,(anonymous_18)
FNDA:0,(anonymous_19)
FNDA:0,(anonymous_20)
FNDA:0,(anonymous_21)
FNDA:0,(anonymous_22)
FNDA:0,(anonymous_23)
FNDA:0,(anonymous_24)
FNDA:0,(anonymous_25)
FNDA:0,(anonymous_26)
FNDA:0,(anonymous_27)
FNDA:0,(anonymous_28)
FNDA:0,(anonymous_29)
FNDA:0,(anonymous_30)
FNDA:0,(anonymous_31)
FNDA:0,(anonymous_32)
FNDA:0,(anonymous_33)
FNDA:0,(anonymous_34)
FNDA:0,(anonymous_35)
FNDA:0,(anonymous_36)
FNDA:0,(anonymous_37)
FNDA:0,(anonymous_38)
FNDA:0,(anonymous_39)
DA:3,0
DA:5,0
DA:12,0
DA:13,0
DA:14,0
DA:15,0
DA:16,0
DA:24,0
DA:25,0
DA:27,0
DA:28,0
DA:29,0
DA:33,0
DA:35,0
DA:45,0
DA:48,0
DA:51,0
DA:52,0
DA:53,0
DA:54,0
DA:57,0
DA:58,0
DA:59,0
DA:60,0
DA:65,0
DA:66,0
DA:73,0
DA:74,0
DA:77,0
DA:78,0
DA:79,0
DA:82,0
DA:84,0
DA:85,0
DA:90,0
DA:91,0
DA:109,0
DA:110,0
DA:112,0
DA:134,0
DA:164,0
DA:165,0
DA:189,0
DA:190,0
DA:191,0
DA:193,0
DA:222,0
DA:229,0
DA:253,0
DA:263,0
DA:274,0
DA:286,0
DA:315,0
DA:321,0
DA:332,0
DA:337,0
DA:349,0
DA:362,0
DA:377,0
DA:418,0
DA:419,0
DA:429,0
DA:430,0
LF:63
LH:0
BRDA:27,0,0,0
BRDA:27,0,1,0
BRDA:29,1,0,0
BRDA:29,1,1,0
BRDA:58,2,0,0
BRDA:58,2,1,0
BRDA:79,3,0,0
BRDA:79,3,1,0
BRDA:123,4,0,0
BRDA:123,4,1,0
BRDA:124,5,0,0
BRDA:124,5,1,0
BRDA:143,6,0,0
BRDA:143,6,1,0
BRDA:150,7,0,0
BRDA:150,7,1,0
BRDA:152,8,0,0
BRDA:152,8,1,0
BRDA:190,9,0,0
BRDA:190,9,1,0
BRDA:197,10,0,0
BRDA:197,10,1,0
BRDA:197,11,0,0
BRDA:197,11,1,0
BRDA:197,12,0,0
BRDA:197,12,1,0
BRDA:201,13,0,0
BRDA:201,13,1,0
BRDA:214,14,0,0
BRDA:214,14,1,0
BRDA:240,15,0,0
BRDA:240,15,1,0
BRDA:265,16,0,0
BRDA:265,16,1,0
BRDA:276,17,0,0
BRDA:276,17,1,0
BRDA:296,18,0,0
BRDA:296,18,1,0
BRDA:301,19,0,0
BRDA:301,19,1,0
BRDA:314,20,0,0
BRDA:314,20,1,0
BRDA:331,21,0,0
BRDA:331,21,1,0
BRDA:348,22,0,0
BRDA:348,22,1,0
BRDA:361,23,0,0
BRDA:361,23,1,0
BRDA:376,24,0,0
BRDA:376,24,1,0
BRDA:397,25,0,0
BRDA:397,25,1,0
BRDA:419,26,0,0
BRDA:419,26,1,0
BRDA:427,27,0,0
BRDA:427,27,1,0
BRDA:430,28,0,0
BRDA:430,28,1,0
BRDA:439,29,0,0
BRDA:439,29,1,0
BRF:60
BRH:0
end_of_record
TN:
SF:utils\detailedStigRequirements.ts
FN:57,convertCsvToStigRequirement
FN:59,(anonymous_1)
FN:69,(anonymous_2)
FN:69,(anonymous_3)
FN:72,(anonymous_4)
FN:75,(anonymous_5)
FN:100,parseStigCsv
FN:105,(anonymous_7)
FN:143,(anonymous_8)
FN:205,storeStigRequirements
FN:210,getStoredStigRequirements
FN:215,getAllStoredStigRequirements
FN:218,(anonymous_12)
FN:220,(anonymous_13)
FN:235,clearStoredStigRequirements
FN:240,(anonymous_15)
FN:250,getDetailedStigRequirements
FN:258,convertStigRequirementsToMatrix
FN:263,(anonymous_18)
FN:267,(anonymous_19)
FN:282,fetchAndConvertStigRequirements
FN:311,fetchAndConvertStigRequirementsToMatrix
FN:314,(anonymous_22)
FN:336,groupStigRequirementsByTitle
FN:339,(anonymous_24)
FN:380,(anonymous_25)
FN:392,getUniqueStigRequirementCount
FN:394,(anonymous_27)
FNF:28
FNH:0
FNDA:0,convertCsvToStigRequirement
FNDA:0,(anonymous_1)
FNDA:0,(anonymous_2)
FNDA:0,(anonymous_3)
FNDA:0,(anonymous_4)
FNDA:0,(anonymous_5)
FNDA:0,parseStigCsv
FNDA:0,(anonymous_7)
FNDA:0,(anonymous_8)
FNDA:0,storeStigRequirements
FNDA:0,getStoredStigRequirements
FNDA:0,getAllStoredStigRequirements
FNDA:0,(anonymous_12)
FNDA:0,(anonymous_13)
FNDA:0,clearStoredStigRequirements
FNDA:0,(anonymous_15)
FNDA:0,getDetailedStigRequirements
FNDA:0,convertStigRequirementsToMatrix
FNDA:0,(anonymous_18)
FNDA:0,(anonymous_19)
FNDA:0,fetchAndConvertStigRequirements
FNDA:0,fetchAndConvertStigRequirementsToMatrix
FNDA:0,(anonymous_22)
FNDA:0,groupStigRequirementsByTitle
FNDA:0,(anonymous_24)
FNDA:0,(anonymous_25)
FNDA:0,getUniqueStigRequirementCount
FNDA:0,(anonymous_27)
DA:57,0
DA:59,0
DA:60,0
DA:61,0
DA:62,0
DA:63,0
DA:64,0
DA:68,0
DA:69,0
DA:70,0
DA:71,0
DA:72,0
DA:75,0
DA:76,0
DA:77,0
DA:78,0
DA:79,0
DA:80,0
DA:81,0
DA:84,0
DA:100,0
DA:101,0
DA:102,0
DA:105,0
DA:107,0
DA:109,0
DA:110,0
DA:111,0
DA:114,0
DA:115,0
DA:116,0
DA:118,0
DA:119,0
DA:121,0
DA:122,0
DA:123,0
DA:124,0
DA:125,0
DA:127,0
DA:130,0
DA:133,0
DA:143,0
DA:144,0
DA:145,0
DA:147,0
DA:149,0
DA:150,0
DA:152,0
DA:153,0
DA:155,0
DA:156,0
DA:158,0
DA:159,0
DA:161,0
DA:162,0
DA:164,0
DA:165,0
DA:167,0
DA:168,0
DA:170,0
DA:171,0
DA:173,0
DA:174,0
DA:176,0
DA:177,0
DA:179,0
DA:180,0
DA:182,0
DA:183,0
DA:189,0
DA:190,0
DA:191,0
DA:192,0
DA:194,0
DA:198,0
DA:202,0
DA:205,0
DA:206,0
DA:210,0
DA:211,0
DA:215,0
DA:216,0
DA:218,0
DA:219,0
DA:220,0
DA:221,0
DA:231,0
DA:235,0
DA:236,0
DA:237,0
DA:240,0
DA:241,0
DA:250,0
DA:252,0
DA:258,0
DA:259,0
DA:261,0
DA:263,0
DA:264,0
DA:265,0
DA:267,0
DA:268,0
DA:277,0
DA:278,0
DA:282,0
DA:284,0
DA:285,0
DA:286,0
DA:289,0
DA:290,0
DA:291,0
DA:292,0
DA:293,0
DA:295,0
DA:296,0
DA:297,0
DA:298,0
DA:299,0
DA:300,0
DA:302,0
DA:306,0
DA:308,0
DA:311,0
DA:312,0
DA:313,0
DA:314,0
DA:315,0
DA:316,0
DA:323,0
DA:327,0
DA:330,0
DA:336,0
DA:337,0
DA:339,0
DA:340,0
DA:342,0
DA:343,0
DA:344,0
DA:345,0
DA:346,0
DA:349,0
DA:350,0
DA:351,0
DA:352,0
DA:353,0
DA:354,0
DA:358,0
DA:359,0
DA:360,0
DA:361,0
DA:364,0
DA:380,0
DA:382,0
DA:383,0
DA:384,0
DA:385,0
DA:392,0
DA:393,0
DA:394,0
DA:395,0
LF:160
LH:0
BRDA:61,0,0,0
BRDA:61,0,1,0
BRDA:61,1,0,0
BRDA:61,1,1,0
BRDA:62,2,0,0
BRDA:62,2,1,0
BRDA:62,3,0,0
BRDA:62,3,1,0
BRDA:63,4,0,0
BRDA:63,4,1,0
BRDA:63,5,0,0
BRDA:63,5,1,0
BRDA:68,6,0,0
BRDA:68,6,1,0
BRDA:71,7,0,0
BRDA:71,7,1,0
BRDA:76,8,0,0
BRDA:76,8,1,0
BRDA:78,9,0,0
BRDA:78,9,1,0
BRDA:78,10,0,0
BRDA:78,10,1,0
BRDA:79,11,0,0
BRDA:79,11,1,0
BRDA:79,12,0,0
BRDA:79,12,1,0
BRDA:80,13,0,0
BRDA:80,13,1,0
BRDA:80,14,0,0
BRDA:80,14,1,0
BRDA:85,15,0,0
BRDA:85,15,1,0
BRDA:85,15,2,0
BRDA:86,16,0,0
BRDA:86,16,1,0
BRDA:88,17,0,0
BRDA:88,17,1,0
BRDA:89,18,0,0
BRDA:89,18,1,0
BRDA:90,19,0,0
BRDA:90,19,1,0
BRDA:91,20,0,0
BRDA:91,20,1,0
BRDA:102,21,0,0
BRDA:102,21,1,0
BRDA:111,22,0,0
BRDA:111,22,1,0
BRDA:121,23,0,0
BRDA:121,23,1,0
BRDA:123,24,0,0
BRDA:123,24,1,0
BRDA:123,25,0,0
BRDA:123,25,1,0
BRDA:144,26,0,0
BRDA:144,26,1,0
BRDA:147,27,0,0
BRDA:147,27,1,0
BRDA:147,27,2,0
BRDA:147,27,3,0
BRDA:147,27,4,0
BRDA:147,27,5,0
BRDA:147,27,6,0
BRDA:147,27,7,0
BRDA:147,27,8,0
BRDA:147,27,9,0
BRDA:147,27,10,0
BRDA:147,27,11,0
BRDA:189,28,0,0
BRDA:189,28,1,0
BRDA:189,29,0,0
BRDA:189,29,1,0
BRDA:191,30,0,0
BRDA:191,30,1,0
BRDA:211,31,0,0
BRDA:211,31,1,0
BRDA:223,32,0,0
BRDA:223,32,1,0
BRDA:236,33,0,0
BRDA:236,33,1,0
BRDA:286,34,0,0
BRDA:286,34,1,0
BRDA:291,35,0,0
BRDA:291,35,1,0
BRDA:298,36,0,0
BRDA:298,36,1,0
BRDA:315,37,0,0
BRDA:315,37,1,0
BRDA:342,38,0,0
BRDA:342,38,1,0
BRDA:349,39,0,0
BRDA:349,39,1,0
BRDA:349,40,0,0
BRDA:349,40,1,0
BRDA:351,41,0,0
BRDA:351,41,1,0
BRDA:351,42,0,0
BRDA:351,42,1,0
BRDA:353,43,0,0
BRDA:353,43,1,0
BRDA:358,44,0,0
BRDA:358,44,1,0
BRDA:358,45,0,0
BRDA:358,45,1,0
BRDA:360,46,0,0
BRDA:360,46,1,0
BRDA:360,47,0,0
BRDA:360,47,1,0
BRDA:384,48,0,0
BRDA:384,48,1,0
BRDA:394,49,0,0
BRDA:394,49,1,0
BRDA:394,50,0,0
BRDA:394,50,1,0
BRF:113
BRH:0
end_of_record
TN:
SF:utils\nistBaselines.ts
FN:261,getControlFamily
FN:270,getFullFamilyName
FN:280,isControlInBaseline
FNF:3
FNH:0
FNDA:0,getControlFamily
FNDA:0,getFullFamilyName
FNDA:0,isControlInBaseline
DA:9,0
DA:233,0
DA:261,0
DA:262,0
DA:270,0
DA:271,0
DA:280,0
DA:281,0
LF:8
LH:0
BRDA:271,0,0,0
BRDA:271,0,1,0
BRF:2
BRH:0
end_of_record
TN:
SF:utils\stigAutoUpdateInit.ts
FN:21,initializeStigAutoUpdate
FN:57,enableAutoUpdateForDevelopment
FN:76,enableAutoUpdateForProduction
FN:97,testAutoUpdateSystem
FNF:4
FNH:0
FNDA:0,initializeStigAutoUpdate
FNDA:0,enableAutoUpdateForDevelopment
FNDA:0,enableAutoUpdateForProduction
FNDA:0,testAutoUpdateSystem
DA:6,0
DA:11,0
DA:21,0
DA:22,0
DA:24,0
DA:26,0
DA:29,0
DA:30,0
DA:31,0
DA:32,0
DA:33,0
DA:34,0
DA:37,0
DA:38,0
DA:39,0
DA:40,0
DA:41,0
DA:43,0
DA:46,0
DA:49,0
DA:57,0
DA:58,0
DA:61,0
DA:62,0
DA:63,0
DA:64,0
DA:65,0
DA:67,0
DA:68,0
DA:70,0
DA:76,0
DA:77,0
DA:80,0
DA:81,0
DA:82,0
DA:83,0
DA:84,0
DA:85,0
DA:86,0
DA:88,0
DA:89,0
DA:91,0
DA:97,0
DA:98,0
DA:100,0
DA:102,0
DA:105,0
DA:107,0
DA:108,0
DA:109,0
DA:110,0
DA:112,0
DA:113,0
DA:115,0
DA:118,0
DA:119,0
DA:124,0
DA:126,0
DA:127,0
DA:130,0
LF:60
LH:0
BRDA:30,0,0,0
BRDA:30,0,1,0
BRDA:33,1,0,0
BRDA:33,1,1,0
BRDA:33,2,0,0
BRDA:33,2,1,0
BRDA:34,3,0,0
BRDA:34,3,1,0
BRDA:34,4,0,0
BRDA:34,4,1,0
BRDA:37,5,0,0
BRDA:37,5,1,0
BRDA:39,6,0,0
BRDA:39,6,1,0
BRDA:108,7,0,0
BRDA:108,7,1,0
BRDA:109,8,0,0
BRDA:109,8,1,0
BRDA:112,9,0,0
BRDA:112,9,1,0
BRDA:113,10,0,0
BRDA:113,10,1,0
BRDA:124,11,0,0
BRDA:124,11,1,0
BRDA:126,12,0,0
BRDA:126,12,1,0
BRF:26
BRH:0
end_of_record
TN:
SF:utils\stigFamilyRecommendations.ts
FN:490,getStigFamilyRecommendations
FN:504,(anonymous_1)
FN:509,analyzeStigFamily
FN:542,(anonymous_3)
FN:571,(anonymous_4)
FN:576,(anonymous_5)
FN:654,detectDevelopmentEnvironment
FN:655,(anonymous_7)
FN:668,detectTechnologies
FN:679,(anonymous_9)
FN:682,(anonymous_10)
FN:695,isApplicationSecurityStig
FN:703,isInfrastructureStig
FN:714,checkExactTechnologyMatch
FN:729,(anonymous_14)
FN:735,calculateConfidenceScore
FN:763,getStigDatabaseStatus
FN:765,(anonymous_17)
FN:771,(anonymous_18)
FN:795,calculateDatabaseHealthScore
FN:817,getImplementationEffort
FN:818,(anonymous_21)
FN:821,(anonymous_22)
FN:822,(anonymous_23)
FN:823,(anonymous_24)
FN:909,checkForStigUpdates
FN:941,checkStigViewerSource
FN:946,(anonymous_27)
FN:1025,(anonymous_28)
FN:1045,checkDisaRssFeed
FN:1110,(anonymous_30)
FN:1151,checkByDateOnly
FN:1177,determineSeverity
FN:1199,checkStigViewerUpdates
FN:1241,getPendingUpdates
FN:1273,setAutoUpdateEnabled
FN:1287,performScheduledUpdateCheck
FN:1323,(anonymous_37)
FN:1331,(anonymous_38)
FN:1335,(anonymous_39)
FN:1337,(anonymous_40)
FN:1367,getNextUpdateCheck
FN:1410,applyStigUpdate
FN:1415,(anonymous_43)
FN:1494,applyMultipleStigUpdates
FN:1520,rollbackStigUpdate
FN:1535,(anonymous_46)
FN:1565,getAvailableBackups
FN:1578,clearAllBackups
FN:1580,(anonymous_49)
FN:1587,exportStigDatabase
FN:1599,importStigDatabase
FNF:52
FNH:16
FNDA:0,getStigFamilyRecommendations
FNDA:0,(anonymous_1)
FNDA:0,analyzeStigFamily
FNDA:0,(anonymous_3)
FNDA:0,(anonymous_4)
FNDA:0,(anonymous_5)
FNDA:0,detectDevelopmentEnvironment
FNDA:0,(anonymous_7)
FNDA:0,detectTechnologies
FNDA:0,(anonymous_9)
FNDA:0,(anonymous_10)
FNDA:0,isApplicationSecurityStig
FNDA:0,isInfrastructureStig
FNDA:0,checkExactTechnologyMatch
FNDA:0,(anonymous_14)
FNDA:0,calculateConfidenceScore
FNDA:5,getStigDatabaseStatus
FNDA:108,(anonymous_17)
FNDA:108,(anonymous_18)
FNDA:5,calculateDatabaseHealthScore
FNDA:0,getImplementationEffort
FNDA:0,(anonymous_21)
FNDA:0,(anonymous_22)
FNDA:0,(anonymous_23)
FNDA:0,(anonymous_24)
FNDA:0,checkForStigUpdates
FNDA:0,checkStigViewerSource
FNDA:0,(anonymous_27)
FNDA:0,(anonymous_28)
FNDA:0,checkDisaRssFeed
FNDA:0,(anonymous_30)
FNDA:0,checkByDateOnly
FNDA:0,determineSeverity
FNDA:0,checkStigViewerUpdates
FNDA:2,getPendingUpdates
FNDA:3,setAutoUpdateEnabled
FNDA:0,performScheduledUpdateCheck
FNDA:0,(anonymous_37)
FNDA:0,(anonymous_38)
FNDA:0,(anonymous_39)
FNDA:0,(anonymous_40)
FNDA:0,getNextUpdateCheck
FNDA:12,applyStigUpdate
FNDA:64,(anonymous_43)
FNDA:2,applyMultipleStigUpdates
FNDA:6,rollbackStigUpdate
FNDA:3,(anonymous_46)
FNDA:7,getAvailableBackups
FNDA:13,clearAllBackups
FNDA:7,(anonymous_49)
FNDA:5,exportStigDatabase
FNDA:4,importStigDatabase
DA:30,1
DA:84,1
DA:472,1
DA:490,1
DA:494,0
DA:496,0
DA:497,0
DA:498,0
DA:499,0
DA:504,0
DA:505,0
DA:514,0
DA:523,0
DA:524,0
DA:525,0
DA:528,0
DA:529,0
DA:532,0
DA:533,0
DA:534,0
DA:538,0
DA:539,0
DA:542,0
DA:543,0
DA:546,0
DA:547,0
DA:551,0
DA:552,0
DA:553,0
DA:557,0
DA:558,0
DA:559,0
DA:560,0
DA:562,0
DA:567,0
DA:568,0
DA:571,0
DA:572,0
DA:576,0
DA:577,0
DA:580,0
DA:582,0
DA:584,0
DA:585,0
DA:586,0
DA:589,0
DA:593,0
DA:595,0
DA:596,0
DA:598,0
DA:599,0
DA:605,0
DA:606,0
DA:607,0
DA:608,0
DA:613,0
DA:623,0
DA:631,0
DA:632,0
DA:633,0
DA:634,0
DA:635,0
DA:636,0
DA:637,0
DA:640,0
DA:655,0
DA:656,0
DA:657,0
DA:669,0
DA:670,0
DA:679,0
DA:680,0
DA:682,0
DA:683,0
DA:684,0
DA:689,0
DA:696,0
DA:704,0
DA:719,0
DA:726,0
DA:727,0
DA:729,0
DA:741,0
DA:744,0
DA:745,0
DA:748,0
DA:749,0
DA:753,0
DA:754,0
DA:757,0
DA:763,1
DA:764,5
DA:765,108
DA:768,5
DA:769,5
DA:771,5
DA:772,108
DA:773,108
DA:777,5
DA:778,5
DA:780,5
DA:796,5
DA:799,5
DA:800,5
DA:803,5
DA:804,5
DA:807,5
DA:808,0
DA:811,5
DA:817,1
DA:818,0
DA:819,0
DA:821,0
DA:822,0
DA:823,0
DA:826,0
DA:827,0
DA:829,0
DA:884,1
DA:909,1
DA:910,0
DA:911,0
DA:913,0
DA:915,0
DA:916,0
DA:917,0
DA:921,0
DA:922,0
DA:923,0
DA:927,0
DA:928,0
DA:930,0
DA:932,0
DA:933,0
DA:942,0
DA:944,0
DA:946,0
DA:948,0
DA:949,0
DA:951,0
DA:962,0
DA:963,0
DA:965,0
DA:972,0
DA:973,0
DA:976,0
DA:977,0
DA:978,0
DA:980,0
DA:981,0
DA:982,0
DA:984,0
DA:985,0
DA:986,0
DA:987,0
DA:988,0
DA:995,0
DA:998,0
DA:999,0
DA:1001,0
DA:1002,0
DA:1017,0
DA:1019,0
DA:1025,0
DA:1028,0
DA:1033,0
DA:1034,0
DA:1037,0
DA:1046,0
DA:1048,0
DA:1049,0
DA:1052,0
DA:1053,0
DA:1054,0
DA:1055,0
DA:1056,0
DA:1057,0
DA:1059,0
DA:1061,0
DA:1065,0
DA:1068,0
DA:1073,0
DA:1075,0
DA:1076,0
DA:1077,0
DA:1078,0
DA:1080,0
DA:1084,0
DA:1085,0
DA:1087,0
DA:1088,0
DA:1090,0
DA:1091,0
DA:1092,0
DA:1096,0
DA:1098,0
DA:1099,0
DA:1101,0
DA:1102,0
DA:1106,0
DA:1108,0
DA:1110,0
DA:1111,0
DA:1115,0
DA:1116,0
DA:1117,0
DA:1119,0
DA:1120,0
DA:1137,0
DA:1140,0
DA:1142,0
DA:1145,0
DA:1152,0
DA:1153,0
DA:1154,0
DA:1156,0
DA:1157,0
DA:1158,0
DA:1159,0
DA:1171,0
DA:1182,0
DA:1185,0
DA:1188,0
DA:1191,0
DA:1193,0
DA:1200,0
DA:1202,0
DA:1203,0
DA:1212,0
DA:1213,0
DA:1215,0
DA:1216,0
DA:1217,0
DA:1218,0
DA:1232,0
DA:1235,0
DA:1241,1
DA:1244,2
DA:1273,1
DA:1274,3
DA:1275,3
DA:1276,2
DA:1277,2
DA:1278,2
DA:1280,1
DA:1287,1
DA:1288,0
DA:1289,0
DA:1292,0
DA:1293,0
DA:1294,0
DA:1296,0
DA:1297,0
DA:1299,0
DA:1300,0
DA:1302,0
DA:1303,0
DA:1305,0
DA:1306,0
DA:1309,0
DA:1310,0
DA:1311,0
DA:1313,0
DA:1314,0
DA:1317,0
DA:1318,0
DA:1321,0
DA:1322,0
DA:1323,0
DA:1324,0
DA:1326,0
DA:1329,0
DA:1330,0
DA:1331,0
DA:1332,0
DA:1335,0
DA:1336,0
DA:1337,0
DA:1338,0
DA:1339,0
DA:1340,0
DA:1345,0
DA:1347,0
DA:1351,0
DA:1352,0
DA:1355,0
DA:1356,0
DA:1359,0
DA:1367,1
DA:1368,0
DA:1369,0
DA:1371,0
DA:1373,0
DA:1374,0
DA:1376,0
DA:1377,0
DA:1379,0
DA:1380,0
DA:1383,0
DA:1405,1
DA:1410,1
DA:1411,12
DA:1412,12
DA:1415,64
DA:1417,12
DA:1418,2
DA:1431,10
DA:1434,10
DA:1435,10
DA:1436,8
DA:1438,10
DA:1439,10
DA:1443,10
DA:1444,10
DA:1445,10
DA:1447,10
DA:1456,10
DA:1458,10
DA:1459,10
DA:1460,10
DA:1462,10
DA:1476,0
DA:1477,0
DA:1494,1
DA:1495,2
DA:1497,2
DA:1498,2
DA:1499,2
DA:1501,2
DA:1502,2
DA:1503,2
DA:1505,2
DA:1506,1
DA:1508,1
DA:1512,2
DA:1514,2
DA:1520,1
DA:1521,6
DA:1522,6
DA:1524,6
DA:1525,3
DA:1532,3
DA:1535,3
DA:1537,3
DA:1538,0
DA:1544,3
DA:1546,3
DA:1548,3
DA:1554,0
DA:1555,0
DA:1565,1
DA:1566,7
DA:1568,7
DA:1569,5
DA:1572,7
DA:1578,1
DA:1579,13
DA:1580,13
DA:1581,13
DA:1587,1
DA:1588,5
DA:1599,1
DA:1600,4
DA:1601,4
DA:1603,3
DA:1604,1
DA:1611,2
DA:1612,2
DA:1615,2
DA:1616,2
DA:1618,2
DA:1619,2
DA:1622,2
DA:1624,2
DA:1630,1
DA:1631,1
LF:376
LH:108
BRDA:498,0,0,0
BRDA:498,0,1,0
BRDA:532,1,0,0
BRDA:532,1,1,0
BRDA:532,2,0,0
BRDA:532,2,1,0
BRDA:539,3,0,0
BRDA:539,3,1,0
BRDA:546,4,0,0
BRDA:546,4,1,0
BRDA:547,5,0,0
BRDA:547,5,1,0
BRDA:557,6,0,0
BRDA:557,6,1,0
BRDA:557,7,0,0
BRDA:557,7,1,0
BRDA:559,8,0,0
BRDA:559,8,1,0
BRDA:568,9,0,0
BRDA:568,9,1,0
BRDA:577,10,0,0
BRDA:577,10,1,0
BRDA:580,11,0,0
BRDA:580,11,1,0
BRDA:580,12,0,0
BRDA:580,12,1,0
BRDA:584,13,0,0
BRDA:584,13,1,0
BRDA:595,14,0,0
BRDA:595,14,1,0
BRDA:598,15,0,0
BRDA:598,15,1,0
BRDA:605,16,0,0
BRDA:605,16,1,0
BRDA:605,17,0,0
BRDA:605,17,1,0
BRDA:607,18,0,0
BRDA:607,18,1,0
BRDA:632,19,0,0
BRDA:632,19,1,0
BRDA:632,20,0,0
BRDA:632,20,1,0
BRDA:634,21,0,0
BRDA:634,21,1,0
BRDA:634,22,0,0
BRDA:634,22,1,0
BRDA:636,23,0,0
BRDA:636,23,1,0
BRDA:636,24,0,0
BRDA:636,24,1,0
BRDA:656,25,0,0
BRDA:656,25,1,0
BRDA:657,26,0,0
BRDA:657,26,1,0
BRDA:657,26,2,0
BRDA:657,26,3,0
BRDA:657,26,4,0
BRDA:657,26,5,0
BRDA:657,26,6,0
BRDA:657,26,7,0
BRDA:657,26,8,0
BRDA:657,26,9,0
BRDA:680,27,0,0
BRDA:680,27,1,0
BRDA:683,28,0,0
BRDA:683,28,1,0
BRDA:696,29,0,0
BRDA:696,29,1,0
BRDA:704,30,0,0
BRDA:704,30,1,0
BRDA:704,30,2,0
BRDA:704,30,3,0
BRDA:704,30,4,0
BRDA:727,31,0,0
BRDA:727,31,1,0
BRDA:748,32,0,0
BRDA:748,32,1,0
BRDA:753,33,0,0
BRDA:753,33,1,0
BRDA:773,34,0,108
BRDA:773,34,1,81
BRDA:807,35,0,0
BRDA:807,35,1,5
BRDA:915,36,0,0
BRDA:915,36,1,0
BRDA:921,37,0,0
BRDA:921,37,1,0
BRDA:972,38,0,0
BRDA:972,38,1,0
BRDA:980,39,0,0
BRDA:980,39,1,0
BRDA:984,40,0,0
BRDA:984,40,1,0
BRDA:987,41,0,0
BRDA:987,41,1,0
BRDA:995,42,0,0
BRDA:995,42,1,0
BRDA:1001,43,0,0
BRDA:1001,43,1,0
BRDA:1001,44,0,0
BRDA:1001,44,1,0
BRDA:1014,45,0,0
BRDA:1014,45,1,0
BRDA:1055,46,0,0
BRDA:1055,46,1,0
BRDA:1073,47,0,0
BRDA:1073,47,1,0
BRDA:1076,48,0,0
BRDA:1076,48,1,0
BRDA:1087,49,0,0
BRDA:1087,49,1,0
BRDA:1090,50,0,0
BRDA:1090,50,1,0
BRDA:1099,51,0,0
BRDA:1099,51,1,0
BRDA:1099,52,0,0
BRDA:1099,52,1,0
BRDA:1099,53,0,0
BRDA:1099,53,1,0
BRDA:1106,54,0,0
BRDA:1106,54,1,0
BRDA:1106,55,0,0
BRDA:1106,55,1,0
BRDA:1111,56,0,0
BRDA:1111,56,1,0
BRDA:1115,57,0,0
BRDA:1115,57,1,0
BRDA:1119,58,0,0
BRDA:1119,58,1,0
BRDA:1123,59,0,0
BRDA:1123,59,1,0
BRDA:1130,60,0,0
BRDA:1130,60,1,0
BRDA:1158,61,0,0
BRDA:1158,61,1,0
BRDA:1158,62,0,0
BRDA:1158,62,1,0
BRDA:1185,63,0,0
BRDA:1185,63,1,0
BRDA:1185,64,0,0
BRDA:1185,64,1,0
BRDA:1188,65,0,0
BRDA:1188,65,1,0
BRDA:1188,66,0,0
BRDA:1188,66,1,0
BRDA:1191,67,0,0
BRDA:1191,67,1,0
BRDA:1217,68,0,0
BRDA:1217,68,1,0
BRDA:1217,69,0,0
BRDA:1217,69,1,0
BRDA:1275,70,0,2
BRDA:1275,70,1,1
BRDA:1278,71,0,2
BRDA:1278,71,1,0
BRDA:1288,72,0,0
BRDA:1288,72,1,0
BRDA:1297,73,0,0
BRDA:1297,73,1,0
BRDA:1297,73,2,0
BRDA:1309,74,0,0
BRDA:1309,74,1,0
BRDA:1313,75,0,0
BRDA:1313,75,1,0
BRDA:1317,76,0,0
BRDA:1317,76,1,0
BRDA:1322,77,0,0
BRDA:1322,77,1,0
BRDA:1324,78,0,0
BRDA:1324,78,1,0
BRDA:1329,79,0,0
BRDA:1329,79,1,0
BRDA:1336,80,0,0
BRDA:1336,80,1,0
BRDA:1338,81,0,0
BRDA:1338,81,1,0
BRDA:1345,82,0,0
BRDA:1345,82,1,0
BRDA:1351,83,0,0
BRDA:1351,83,1,0
BRDA:1355,84,0,0
BRDA:1355,84,1,0
BRDA:1371,85,0,0
BRDA:1371,85,1,0
BRDA:1371,85,2,0
BRDA:1417,86,0,2
BRDA:1417,86,1,10
BRDA:1422,87,0,2
BRDA:1422,87,1,0
BRDA:1424,88,0,2
BRDA:1424,88,1,0
BRDA:1434,89,0,10
BRDA:1434,89,1,0
BRDA:1435,90,0,8
BRDA:1435,90,1,2
BRDA:1449,91,0,10
BRDA:1449,91,1,1
BRDA:1450,92,0,10
BRDA:1450,92,1,1
BRDA:1451,93,0,10
BRDA:1451,93,1,10
BRDA:1466,94,0,10
BRDA:1466,94,1,1
BRDA:1468,95,0,10
BRDA:1468,95,1,1
BRDA:1481,96,0,0
BRDA:1481,96,1,0
BRDA:1483,97,0,0
BRDA:1483,97,1,0
BRDA:1505,98,0,1
BRDA:1505,98,1,1
BRDA:1524,99,0,3
BRDA:1524,99,1,3
BRDA:1524,100,0,6
BRDA:1524,100,1,4
BRDA:1537,101,0,0
BRDA:1537,101,1,3
BRDA:1603,102,0,1
BRDA:1603,102,1,2
BRDA:1603,103,0,3
BRDA:1603,103,1,2
BRDA:1618,104,0,2
BRDA:1618,104,1,0
BRF:223
BRH:35
end_of_record
TN:
SF:utils\stigFamilyRecommendations_VALIDATED.ts
FN:376,getStigFamilyRecommendations
FN:390,(anonymous_1)
FN:398,analyzeStigFamily
FN:431,(anonymous_3)
FN:460,(anonymous_4)
FN:465,(anonymous_5)
FN:544,detectDevelopmentEnvironment
FN:545,(anonymous_7)
FN:558,detectTechnologies
FN:574,(anonymous_9)
FN:577,(anonymous_10)
FN:590,isApplicationSecurityStig
FN:600,isInfrastructureStig
FN:611,checkExactTechnologyMatch
FN:629,(anonymous_14)
FN:635,calculateConfidenceScore
FN:663,getImplementationEffort
FN:664,(anonymous_17)
FN:667,(anonymous_18)
FN:668,(anonymous_19)
FN:669,(anonymous_20)
FNF:21
FNH:0
FNDA:0,getStigFamilyRecommendations
FNDA:0,(anonymous_1)
FNDA:0,analyzeStigFamily
FNDA:0,(anonymous_3)
FNDA:0,(anonymous_4)
FNDA:0,(anonymous_5)
FNDA:0,detectDevelopmentEnvironment
FNDA:0,(anonymous_7)
FNDA:0,detectTechnologies
FNDA:0,(anonymous_9)
FNDA:0,(anonymous_10)
FNDA:0,isApplicationSecurityStig
FNDA:0,isInfrastructureStig
FNDA:0,checkExactTechnologyMatch
FNDA:0,(anonymous_14)
FNDA:0,calculateConfidenceScore
FNDA:0,getImplementationEffort
FNDA:0,(anonymous_17)
FNDA:0,(anonymous_18)
FNDA:0,(anonymous_19)
FNDA:0,(anonymous_20)
DA:52,0
DA:358,0
DA:376,0
DA:380,0
DA:382,0
DA:383,0
DA:384,0
DA:385,0
DA:390,0
DA:391,0
DA:392,0
DA:394,0
DA:403,0
DA:412,0
DA:413,0
DA:414,0
DA:417,0
DA:418,0
DA:421,0
DA:422,0
DA:423,0
DA:427,0
DA:428,0
DA:431,0
DA:432,0
DA:435,0
DA:436,0
DA:440,0
DA:441,0
DA:442,0
DA:446,0
DA:447,0
DA:448,0
DA:449,0
DA:451,0
DA:456,0
DA:457,0
DA:460,0
DA:461,0
DA:465,0
DA:466,0
DA:469,0
DA:471,0
DA:473,0
DA:474,0
DA:475,0
DA:478,0
DA:482,0
DA:484,0
DA:485,0
DA:487,0
DA:488,0
DA:494,0
DA:495,0
DA:496,0
DA:497,0
DA:502,0
DA:512,0
DA:520,0
DA:521,0
DA:522,0
DA:523,0
DA:524,0
DA:525,0
DA:526,0
DA:529,0
DA:545,0
DA:546,0
DA:547,0
DA:559,0
DA:560,0
DA:574,0
DA:575,0
DA:577,0
DA:578,0
DA:579,0
DA:584,0
DA:591,0
DA:601,0
DA:616,0
DA:626,0
DA:627,0
DA:629,0
DA:641,0
DA:644,0
DA:645,0
DA:648,0
DA:649,0
DA:653,0
DA:654,0
DA:657,0
DA:663,0
DA:664,0
DA:665,0
DA:667,0
DA:668,0
DA:669,0
DA:672,0
DA:673,0
DA:675,0
LF:100
LH:0
BRDA:384,0,0,0
BRDA:384,0,1,0
BRDA:391,1,0,0
BRDA:391,1,1,0
BRDA:421,2,0,0
BRDA:421,2,1,0
BRDA:421,3,0,0
BRDA:421,3,1,0
BRDA:428,4,0,0
BRDA:428,4,1,0
BRDA:435,5,0,0
BRDA:435,5,1,0
BRDA:436,6,0,0
BRDA:436,6,1,0
BRDA:446,7,0,0
BRDA:446,7,1,0
BRDA:446,8,0,0
BRDA:446,8,1,0
BRDA:448,9,0,0
BRDA:448,9,1,0
BRDA:457,10,0,0
BRDA:457,10,1,0
BRDA:466,11,0,0
BRDA:466,11,1,0
BRDA:469,12,0,0
BRDA:469,12,1,0
BRDA:469,13,0,0
BRDA:469,13,1,0
BRDA:473,14,0,0
BRDA:473,14,1,0
BRDA:484,15,0,0
BRDA:484,15,1,0
BRDA:487,16,0,0
BRDA:487,16,1,0
BRDA:494,17,0,0
BRDA:494,17,1,0
BRDA:494,18,0,0
BRDA:494,18,1,0
BRDA:496,19,0,0
BRDA:496,19,1,0
BRDA:521,20,0,0
BRDA:521,20,1,0
BRDA:521,21,0,0
BRDA:521,21,1,0
BRDA:523,22,0,0
BRDA:523,22,1,0
BRDA:523,23,0,0
BRDA:523,23,1,0
BRDA:525,24,0,0
BRDA:525,24,1,0
BRDA:525,25,0,0
BRDA:525,25,1,0
BRDA:546,26,0,0
BRDA:546,26,1,0
BRDA:547,27,0,0
BRDA:547,27,1,0
BRDA:547,27,2,0
BRDA:547,27,3,0
BRDA:547,27,4,0
BRDA:547,27,5,0
BRDA:547,27,6,0
BRDA:547,27,7,0
BRDA:547,27,8,0
BRDA:547,27,9,0
BRDA:575,28,0,0
BRDA:575,28,1,0
BRDA:578,29,0,0
BRDA:578,29,1,0
BRDA:591,30,0,0
BRDA:591,30,1,0
BRDA:591,30,2,0
BRDA:591,30,3,0
BRDA:601,31,0,0
BRDA:601,31,1,0
BRDA:601,31,2,0
BRDA:601,31,3,0
BRDA:601,31,4,0
BRDA:627,32,0,0
BRDA:627,32,1,0
BRDA:648,33,0,0
BRDA:648,33,1,0
BRDA:653,34,0,0
BRDA:653,34,1,0
BRF:83
BRH:0
end_of_record
TN:
SF:utils\stigUpdateScheduler.ts
FN:13,startUpdateScheduler
FN:39,(anonymous_1)
FN:50,stopUpdateScheduler
FN:61,isSchedulerRunning
FN:68,initializeScheduler
FN:76,(anonymous_5)
FNF:6
FNH:0
FNDA:0,startUpdateScheduler
FNDA:0,(anonymous_1)
FNDA:0,stopUpdateScheduler
FNDA:0,isSchedulerRunning
FNDA:0,initializeScheduler
FNDA:0,(anonymous_5)
DA:6,0
DA:8,0
DA:13,0
DA:14,0
DA:15,0
DA:16,0
DA:20,0
DA:21,0
DA:25,0
DA:27,0
DA:28,0
DA:30,0
DA:31,0
DA:33,0
DA:34,0
DA:36,0
DA:39,0
DA:40,0
DA:41,0
DA:44,0
DA:50,0
DA:51,0
DA:52,0
DA:53,0
DA:54,0
DA:61,0
DA:62,0
DA:68,0
DA:69,0
DA:70,0
DA:75,0
DA:76,0
DA:77,0
DA:79,0
DA:82,0
DA:88,0
DA:89,0
LF:37
LH:0
BRDA:14,0,0,0
BRDA:14,0,1,0
BRDA:20,1,0,0
BRDA:20,1,1,0
BRDA:25,2,0,0
BRDA:25,2,1,0
BRDA:25,2,2,0
BRDA:25,2,3,0
BRDA:51,3,0,0
BRDA:51,3,1,0
BRDA:69,4,0,0
BRDA:69,4,1,0
BRDA:75,5,0,0
BRDA:75,5,1,0
BRDA:77,6,0,0
BRDA:77,6,1,0
BRDA:88,7,0,0
BRDA:88,7,1,0
BRDA:88,8,0,0
BRDA:88,8,1,0
BRF:20
BRH:0
end_of_record
